【登录信息】
*d89f8c204c69e18eb4c8ab2bfd7052bf*
`登陆天数: 39天 / 676天
等级: 130
石头: 4108
呼符: 137
体力: 28.14666666666666 / 138
友情点: 0 / 372175`
_2024-07-01 04:21:31_
--------
*256f7efc8a3eb0c357e618a50d7ba6a7*
`登陆天数: 39天 / 677天
等级: 130
石头: 4104
呼符: 218
体力: 28.11666666666666 / 138
友情点: 0 / 364215`
_2024-07-01 04:21:39_
--------
*5200cf7580472edf02e679fa8b070782*
`登陆天数: 39天 / 677天
等级: 130
石头: 4098
呼符: 97
体力: 28.090000000000003 / 138
友情点: 0 / 388190`
_2024-07-01 04:21:46_
--------
*cba187ca45316b5bbf933f4d532b88bb*
`登陆天数: 39天 / 676天
等级: 130
石头: 4098
呼符: 340
体力: 28.066666666666663 / 138
友情点: 0 / 360220`
_2024-07-01 04:21:54_
--------
*10287014680edb487ac4a9fcb66f38cd*
`登陆天数: 39天 / 676天
等级: 130
石头: 4101
呼符: 304
体力: 28.03666666666666 / 138
友情点: 0 / 363580`
_2024-07-01 04:22:02_
--------
*4c60379c9822b14f3e8fc49ea3daf7b5*
`登陆天数: 39天 / 677天
等级: 130
石头: 4097
呼符: 302
体力: 28.00666666666666 / 138
友情点: 0 / 361745`
_2024-07-01 04:22:10_
--------
*1d21267976fffd99e99b3a40d34f01ff*
`登陆天数: 39天 / 677天
等级: 130
石头: 4103
呼符: 309
体力: 27.980000000000004 / 138
友情点: 0 / 359980`
_2024-07-01 04:22:18_
--------
*5dfe2feea6109e9f4055c4177dc5b296*
`登陆天数: 39天 / 676天
等级: 130
石头: 4090
呼符: 192
体力: 27.950000000000003 / 138
友情点: 0 / 372375`
_2024-07-01 04:22:25_
--------
*aa79eec895b6dc6bd9b118b91bcc8007*
`登陆天数: 39天 / 677天
等级: 130
石头: 4054
呼符: 251
体力: 27.926666666666662 / 138
友情点: 0 / 361110`
_2024-07-01 04:22:33_
--------
*fe1b5719142e0def510601f75a923478*
`登陆天数: 39天 / 677天
等级: 130
石头: 4056
呼符: 215
体力: 27.89666666666666 / 138
友情点: 0 / 362110`
_2024-07-01 04:22:41_
--------
*a61c98021471edbd6fb0c28ea6157771*
`登陆天数: 39天 / 676天
等级: 130
石头: 4107
呼符: 121
体力: 27.870000000000005 / 138
友情点: 0 / 386490`
_2024-07-01 04:22:49_
--------
*f68afc8db8a20e68fede3ce0eb051643*
`登陆天数: 39天 / 676天
等级: 130
石头: 4101
呼符: 322
体力: 27.846666666666664 / 138
友情点: 0 / 359775`
_2024-07-01 04:22:57_
--------
*96f09493e536b95e20eef72b5d75aad2*
`登陆天数: 39天 / 677天
等级: 130
石头: 4101
呼符: 44
体力: 27.816666666666663 / 138
友情点: 0 / 399895`
_2024-07-01 04:23:05_
--------
*c2fe5d8f5b8ab63169f93b8e6d3583ee*
`登陆天数: 39天 / 676天
等级: 130
石头: 4105
呼符: 312
体力: 27.790000000000006 / 138
友情点: 0 / 359550`
_2024-07-01 04:23:13_
--------
*1040737458e6705ede13fadbbee4c11c*
`登陆天数: 39天 / 677天
等级: 130
石头: 4088
呼符: 327
体力: 27.763333333333335 / 138
友情点: 0 / 361525`
_2024-07-01 04:23:21_
--------
*8856cc989f89a674e8df906edf7c73d6*
`登陆天数: 39天 / 677天
等级: 130
石头: 4100
呼符: 158
体力: 27.736666666666665 / 138
友情点: 0 / 378180`
_2024-07-01 04:23:29_
--------
*e4086cdac15a356d465a36be5669d5e3*
`登陆天数: 39天 / 677天
等级: 130
石头: 4090
呼符: 271
体力: 27.706666666666663 / 138
友情点: 0 / 364705`
_2024-07-01 04:23:37_
--------
*8cc4a05638a389dd82d724bb088b89d4*
`登陆天数: 39天 / 676天
等级: 130
石头: 4101
呼符: 333
体力: 27.683333333333337 / 138
友情点: 0 / 362155`
_2024-07-01 04:23:45_
--------
*87b0a0863f483a15dac90f7abf71cef7*
`登陆天数: 39天 / 677天
等级: 130
石头: 4097
呼符: 44
体力: 27.653333333333336 / 138
友情点: 0 / 395125`
_2024-07-01 04:23:52_
--------
*b2c9ff82825eb9a4153f9605e1a18b7e*
`登陆天数: 39天 / 677天
等级: 130
石头: 4098
呼符: 232
体力: 27.626666666666665 / 138
友情点: 0 / 371160`
_2024-07-01 04:24:00_
--------
*088c36a888bd00446bc52e3bd448dc3b*
`登陆天数: 39天 / 676天
等级: 130
石头: 4101
呼符: 296
体力: 27.60333333333334 / 138
友情点: 0 / 359410`
_2024-07-01 04:24:08_
--------
*8778926278eab24e1ab9ad3ac42077ea*
`登陆天数: 39天 / 676天
等级: 130
石头: 4098
呼符: 101
体力: 27.569999999999993 / 138
友情点: 0 / 384095`
_2024-07-01 04:24:16_
--------
*cc2e053e6739c579faa05309cb2f1fb7*
`登陆天数: 39天 / 677天
等级: 130
石头: 4100
呼符: 223
体力: 27.546666666666667 / 138
友情点: 0 / 364315`
_2024-07-01 04:24:23_
--------
*6fa2036a4774ebaccd025a8ec197b8de*
`登陆天数: 39天 / 677天
等级: 130
石头: 4086
呼符: 266
体力: 27.519999999999996 / 138
友情点: 0 / 359790`
_2024-07-01 04:24:31_
--------
*fa3bb85caa8a786accfda79769c5ac4d*
`登陆天数: 39天 / 677天
等级: 130
石头: 4097
呼符: 278
体力: 27.49333333333334 / 138
友情点: 0 / 359630`
_2024-07-01 04:24:39_
--------
*f14a91b9687476eb6630dc736b97a24c*
`登陆天数: 39天 / 677天
等级: 130
石头: 4100
呼符: 310
体力: 27.46333333333334 / 138
友情点: 0 / 359290`
_2024-07-01 04:24:47_
--------
*bc95202f8a6c411fb459fd1d90136b48*
`登陆天数: 39天 / 677天
等级: 130
石头: 4109
呼符: 323
体力: 27.436666666666667 / 138
友情点: 0 / 361180`
_2024-07-01 04:24:55_
--------
*84e511d3b9050df696b341d6cf467682*
`登陆天数: 39天 / 677天
等级: 130
石头: 4097
呼符: 338
体力: 27.406666666666666 / 138
友情点: 0 / 363170`
_2024-07-01 04:25:03_
--------
*c1720cef566066c09ed6cb8ad33d2115*
`登陆天数: 39天 / 677天
等级: 130
石头: 4088
呼符: 320
体力: 27.379999999999995 / 138
友情点: 0 / 359635`
_2024-07-01 04:25:10_
--------
*75680fb620250ca121cdf9bd00dd17e3*
`登陆天数: 39天 / 676天
等级: 130
石头: 4092
呼符: 340
体力: 27.349999999999994 / 138
友情点: 0 / 361150`
_2024-07-01 04:25:18_
--------
*1fa5b08e00be736964265ff10378b7b8*
`登陆天数: 39天 / 677天
等级: 130
石头: 4099
呼符: 288
体力: 27.319999999999993 / 138
友情点: 0 / 360855`
_2024-07-01 04:25:26_
--------
*f6efb293ae15335e2f88e845b8412945*
`登陆天数: 39天 / 677天
等级: 130
石头: 4100
呼符: 150
体力: 27.293333333333337 / 138
友情点: 0 / 382980`
_2024-07-01 04:25:33_
--------
*a16f17c4f7beadcf3026c040a402f437*
`登陆天数: 39天 / 677天
等级: 130
石头: 4102
呼符: 314
体力: 27.269999999999996 / 138
友情点: 0 / 359695`
_2024-07-01 04:25:41_
--------
*fa97e883b50497cc426992179372e528*
`登陆天数: 39天 / 677天
等级: 130
石头: 4098
呼符: 321
体力: 27.239999999999995 / 138
友情点: 0 / 360345`
_2024-07-01 04:25:49_
--------
*424c015788bf721b6eb52e620d5734a1*
`登陆天数: 39天 / 677天
等级: 130
石头: 4097
呼符: 279
体力: 27.21333333333334 / 138
友情点: 0 / 359845`
_2024-07-01 04:25:57_
--------
*ce75ccbd4a0fa096f86e241fe3e0f4e0*
`登陆天数: 39天 / 677天
等级: 130
石头: 4057
呼符: 231
体力: 27.183333333333337 / 138
友情点: 0 / 362405`
_2024-07-01 04:26:05_
--------
*d30daa05af17a6001363749b704b1e75*
`登陆天数: 39天 / 676天
等级: 130
石头: 4103
呼符: 226
体力: 27.156666666666666 / 138
友情点: 0 / 372075`
_2024-07-01 04:26:13_
--------
*d41b57d54db27168302dc6a70ef35ae0*
`登陆天数: 39天 / 677天
等级: 130
石头: 4097
呼符: 225
体力: 27.129999999999995 / 138
友情点: 0 / 367920`
_2024-07-01 04:26:21_
--------
*6581e887a9bd1869ef684d777398d087*
`登陆天数: 39天 / 676天
等级: 130
石头: 4097
呼符: 191
体力: 27.10333333333334 / 138
友情点: 0 / 374370`
_2024-07-01 04:26:28_
--------
*9c9c52bf5ca36e1c9bd3c8788dd79c1d*
`登陆天数: 39天 / 677天
等级: 130
石头: 4101
呼符: 268
体力: 27.08 / 138
友情点: 0 / 359945`
_2024-07-01 04:26:36_
--------
*c338c608c148c5bfb510c0920d7a206e*
`登陆天数: 39天 / 677天
等级: 130
石头: 4090
呼符: 150
体力: 27.049999999999997 / 138
友情点: 0 / 376575`
_2024-07-01 04:26:44_
--------
*055150bedf999f0ab9ee6d92a6f60a23*
`登陆天数: 39天 / 676天
等级: 130
石头: 4098
呼符: 43
体力: 27.023333333333326 / 138
友情点: 0 / 388250`
_2024-07-01 04:26:52_
--------
*8d8529a06c432a86b5f7b5bf98414651*
`登陆天数: 39天 / 677天
等级: 130
石头: 4091
呼符: 253
体力: 27.0 / 138
友情点: 0 / 360515`
_2024-07-01 04:27:00_
--------
*a53173e99946b2ca07845684581f7fba*
`登陆天数: 39天 / 677天
等级: 130
石头: 4101
呼符: 317
体力: 26.97 / 138
友情点: 0 / 363925`
_2024-07-01 04:27:07_
--------
*4f087873041c99d3211981a3207bb123*
`登陆天数: 39天 / 677天
等级: 130
石头: 4095
呼符: 307
体力: 26.936666666666667 / 138
友情点: 0 / 363080`
_2024-07-01 04:27:15_
--------
*30e736e700eadc2034fef2803be2a324*
`登陆天数: 39天 / 676天
等级: 130
石头: 4074
呼符: 276
体力: 26.909999999999997 / 138
友情点: 0 / 362520`
_2024-07-01 04:27:23_
--------
*512fb528b1126f5d36bdb0b5f6ec6820*
`登陆天数: 39天 / 676天
等级: 130
石头: 4101
呼符: 239
体力: 26.879999999999995 / 138
友情点: 0 / 367010`
_2024-07-01 04:27:30_
--------
*4f1ba2e02c7b1c2a1bb3b7083fd0de18*
`登陆天数: 39天 / 676天
等级: 130
石头: 4091
呼符: 180
体力: 26.846666666666664 / 138
友情点: 0 / 371045`
_2024-07-01 04:27:38_
--------
*dbfe11112ed7066aaad81e3ab49a527a*
`登陆天数: 39天 / 677天
等级: 130
石头: 4101
呼符: 343
体力: 26.823333333333338 / 138
友情点: 0 / 360950`
_2024-07-01 04:27:46_
--------
*a8abf88d0e28dbdf3d4c57e5ec1a39eb*
`登陆天数: 39天 / 677天
等级: 130
石头: 3999
呼符: 219
体力: 23091.83 / 138
友情点: 0 / 466865`
_2024-07-01 04:27:54_
--------
