【登录信息】
*d89f8c204c69e18eb4c8ab2bfd7052bf*
`登陆天数: 13天 / 650天
等级: 130
石头: 4017
呼符: 118
体力: 15605.15 / 138
友情点: 0 / 468175`
*連続ログイン6日目
※ログインが途切れるか、7日到達すると
1日目から再開されます*
`聖晶石 X 2
6月交換券(2024) X 1
`*カルデア・サマーアドベンチャー！ アンケート復刻版 開幕記念 ログインボーナス*
*開催期間中、1日1回 最大21回 ログインボーナスをプレゼント！*
`白銀の果実 X 1
`_2024-06-05 04:34:28_
--------
*256f7efc8a3eb0c357e618a50d7ba6a7*
`登陆天数: 13天 / 651天
等级: 130
石头: 4015
呼符: 199
体力: 15605.176666666666 / 138
友情点: 0 / 466215`
*連続ログイン6日目
※ログインが途切れるか、7日到達すると
1日目から再開されます*
`聖晶石 X 2
6月交換券(2024) X 1
`*カルデア・サマーアドベンチャー！ アンケート復刻版 開幕記念 ログインボーナス*
*開催期間中、1日1回 最大21回 ログインボーナスをプレゼント！*
`白銀の果実 X 1
`_2024-06-05 04:34:36_
--------
*5200cf7580472edf02e679fa8b070782*
`登陆天数: 13天 / 651天
等级: 130
石头: 4009
呼符: 78
体力: 15605.203333333333 / 138
友情点: 0 / 468190`
*連続ログイン6日目
※ログインが途切れるか、7日到達すると
1日目から再開されます*
`聖晶石 X 2
6月交換券(2024) X 1
`*カルデア・サマーアドベンチャー！ アンケート復刻版 開幕記念 ログインボーナス*
*開催期間中、1日1回 最大21回 ログインボーナスをプレゼント！*
`白銀の果実 X 1
`_2024-06-05 04:34:44_
--------
*cba187ca45316b5bbf933f4d532b88bb*
`登陆天数: 13天 / 650天
等级: 130
石头: 4007
呼符: 321
体力: 15605.226666666667 / 138
友情点: 0 / 468220`
*連続ログイン6日目
※ログインが途切れるか、7日到達すると
1日目から再開されます*
`聖晶石 X 2
6月交換券(2024) X 1
`*カルデア・サマーアドベンチャー！ アンケート復刻版 開幕記念 ログインボーナス*
*開催期間中、1日1回 最大21回 ログインボーナスをプレゼント！*
`白銀の果実 X 1
`_2024-06-05 04:34:52_
--------
*10287014680edb487ac4a9fcb66f38cd*
`登陆天数: 13天 / 650天
等级: 130
石头: 4010
呼符: 285
体力: 15605.253333333334 / 138
友情点: 0 / 469580`
*連続ログイン6日目
※ログインが途切れるか、7日到達すると
1日目から再開されます*
`聖晶石 X 2
6月交換券(2024) X 1
`*カルデア・サマーアドベンチャー！ アンケート復刻版 開幕記念 ログインボーナス*
*開催期間中、1日1回 最大21回 ログインボーナスをプレゼント！*
`白銀の果実 X 1
`_2024-06-05 04:35:00_
--------
*4c60379c9822b14f3e8fc49ea3daf7b5*
`登陆天数: 13天 / 651天
等级: 130
石头: 4008
呼符: 283
体力: 15605.276666666667 / 138
友情点: 0 / 465745`
*連続ログイン6日目
※ログインが途切れるか、7日到達すると
1日目から再開されます*
`聖晶石 X 2
6月交換券(2024) X 1
`*カルデア・サマーアドベンチャー！ アンケート復刻版 開幕記念 ログインボーナス*
*開催期間中、1日1回 最大21回 ログインボーナスをプレゼント！*
`白銀の果実 X 1
`_2024-06-05 04:35:08_
--------
*1d21267976fffd99e99b3a40d34f01ff*
`登陆天数: 13天 / 651天
等级: 130
石头: 4014
呼符: 290
体力: 15605.306666666667 / 138
友情点: 0 / 465980`
*連続ログイン6日目
※ログインが途切れるか、7日到達すると
1日目から再開されます*
`聖晶石 X 2
6月交換券(2024) X 1
`*カルデア・サマーアドベンチャー！ アンケート復刻版 開幕記念 ログインボーナス*
*開催期間中、1日1回 最大21回 ログインボーナスをプレゼント！*
`白銀の果実 X 1
`_2024-06-05 04:35:15_
--------
*5dfe2feea6109e9f4055c4177dc5b296*
`登陆天数: 13天 / 650天
等级: 130
石头: 3999
呼符: 173
体力: 15605.333333333334 / 138
友情点: 0 / 470375`
*連続ログイン6日目
※ログインが途切れるか、7日到達すると
1日目から再開されます*
`聖晶石 X 2
6月交換券(2024) X 1
`*カルデア・サマーアドベンチャー！ アンケート復刻版 開幕記念 ログインボーナス*
*開催期間中、1日1回 最大21回 ログインボーナスをプレゼント！*
`白銀の果実 X 1
`_2024-06-05 04:35:23_
--------
*aa79eec895b6dc6bd9b118b91bcc8007*
`登陆天数: 13天 / 651天
等级: 130
石头: 3965
呼符: 232
体力: 15605.36 / 138
友情点: 0 / 467110`
*連続ログイン6日目
※ログインが途切れるか、7日到達すると
1日目から再開されます*
`聖晶石 X 2
6月交換券(2024) X 1
`*カルデア・サマーアドベンチャー！ アンケート復刻版 開幕記念 ログインボーナス*
*開催期間中、1日1回 最大21回 ログインボーナスをプレゼント！*
`白銀の果実 X 1
`_2024-06-05 04:35:31_
--------
*fe1b5719142e0def510601f75a923478*
`登陆天数: 13天 / 651天
等级: 130
石头: 3967
呼符: 196
体力: 15605.386666666667 / 138
友情点: 0 / 468110`
*連続ログイン6日目
※ログインが途切れるか、7日到達すると
1日目から再開されます*
`聖晶石 X 2
6月交換券(2024) X 1
`*カルデア・サマーアドベンチャー！ アンケート復刻版 開幕記念 ログインボーナス*
*開催期間中、1日1回 最大21回 ログインボーナスをプレゼント！*
`白銀の果実 X 1
`_2024-06-05 04:35:39_
--------
*a61c98021471edbd6fb0c28ea6157771*
`登陆天数: 13天 / 650天
等级: 130
石头: 4011
呼符: 102
体力: 15605.413333333334 / 138
友情点: 0 / 468490`
*連続ログイン6日目
※ログインが途切れるか、7日到達すると
1日目から再開されます*
`聖晶石 X 2
6月交換券(2024) X 1
`*カルデア・サマーアドベンチャー！ アンケート復刻版 開幕記念 ログインボーナス*
*開催期間中、1日1回 最大21回 ログインボーナスをプレゼント！*
`白銀の果実 X 1
`_2024-06-05 04:35:47_
--------
*f68afc8db8a20e68fede3ce0eb051643*
`登陆天数: 13天 / 650天
等级: 130
石头: 4010
呼符: 303
体力: 15605.436666666666 / 138
友情点: 0 / 467775`
*連続ログイン6日目
※ログインが途切れるか、7日到達すると
1日目から再開されます*
`聖晶石 X 2
6月交換券(2024) X 1
`*カルデア・サマーアドベンチャー！ アンケート復刻版 開幕記念 ログインボーナス*
*開催期間中、1日1回 最大21回 ログインボーナスをプレゼント！*
`白銀の果実 X 1
`_2024-06-05 04:35:56_
--------
*96f09493e536b95e20eef72b5d75aad2*
`登陆天数: 13天 / 651天
等级: 130
石头: 4012
呼符: 25
体力: 15605.466666666667 / 138
友情点: 0 / 465895`
*連続ログイン6日目
※ログインが途切れるか、7日到達すると
1日目から再開されます*
`聖晶石 X 2
6月交換券(2024) X 1
`*カルデア・サマーアドベンチャー！ アンケート復刻版 開幕記念 ログインボーナス*
*開催期間中、1日1回 最大21回 ログインボーナスをプレゼント！*
`白銀の果実 X 1
`_2024-06-05 04:36:03_
--------
*c2fe5d8f5b8ab63169f93b8e6d3583ee*
`登陆天数: 13天 / 650天
等级: 130
石头: 4014
呼符: 293
体力: 15605.493333333334 / 138
友情点: 0 / 467550`
*連続ログイン6日目
※ログインが途切れるか、7日到達すると
1日目から再開されます*
`聖晶石 X 2
6月交換券(2024) X 1
`*カルデア・サマーアドベンチャー！ アンケート復刻版 開幕記念 ログインボーナス*
*開催期間中、1日1回 最大21回 ログインボーナスをプレゼント！*
`白銀の果実 X 1
`_2024-06-05 04:36:11_
--------
*1040737458e6705ede13fadbbee4c11c*
`登陆天数: 13天 / 651天
等级: 130
石头: 3999
呼符: 308
体力: 15605.52 / 138
友情点: 0 / 467525`
*連続ログイン6日目
※ログインが途切れるか、7日到達すると
1日目から再開されます*
`聖晶石 X 2
6月交換券(2024) X 1
`*カルデア・サマーアドベンチャー！ アンケート復刻版 開幕記念 ログインボーナス*
*開催期間中、1日1回 最大21回 ログインボーナスをプレゼント！*
`白銀の果実 X 1
`_2024-06-05 04:36:19_
--------
*8856cc989f89a674e8df906edf7c73d6*
`登陆天数: 13天 / 651天
等级: 130
石头: 4011
呼符: 139
体力: 15605.546666666667 / 138
友情点: 0 / 466180`
*連続ログイン6日目
※ログインが途切れるか、7日到達すると
1日目から再開されます*
`聖晶石 X 2
6月交換券(2024) X 1
`*カルデア・サマーアドベンチャー！ アンケート復刻版 開幕記念 ログインボーナス*
*開催期間中、1日1回 最大21回 ログインボーナスをプレゼント！*
`白銀の果実 X 1
`_2024-06-05 04:36:27_
--------
*e4086cdac15a356d465a36be5669d5e3*
`登陆天数: 13天 / 651天
等级: 130
石头: 4001
呼符: 252
体力: 15605.57 / 138
友情点: 0 / 466705`
*連続ログイン6日目
※ログインが途切れるか、7日到達すると
1日目から再開されます*
`聖晶石 X 2
6月交換券(2024) X 1
`*カルデア・サマーアドベンチャー！ アンケート復刻版 開幕記念 ログインボーナス*
*開催期間中、1日1回 最大21回 ログインボーナスをプレゼント！*
`白銀の果実 X 1
`_2024-06-05 04:36:35_
--------
*8cc4a05638a389dd82d724bb088b89d4*
`登陆天数: 13天 / 650天
等级: 130
石头: 4010
呼符: 314
体力: 15605.596666666666 / 138
友情点: 0 / 470155`
*連続ログイン6日目
※ログインが途切れるか、7日到達すると
1日目から再開されます*
`聖晶石 X 2
6月交換券(2024) X 1
`*カルデア・サマーアドベンチャー！ アンケート復刻版 開幕記念 ログインボーナス*
*開催期間中、1日1回 最大21回 ログインボーナスをプレゼント！*
`白銀の果実 X 1
`_2024-06-05 04:36:43_
--------
*87b0a0863f483a15dac90f7abf71cef7*
`登陆天数: 13天 / 651天
等级: 130
石头: 4008
呼符: 25
体力: 15605.62 / 138
友情点: 0 / 467125`
*連続ログイン6日目
※ログインが途切れるか、7日到達すると
1日目から再開されます*
`聖晶石 X 2
6月交換券(2024) X 1
`*カルデア・サマーアドベンチャー！ アンケート復刻版 開幕記念 ログインボーナス*
*開催期間中、1日1回 最大21回 ログインボーナスをプレゼント！*
`白銀の果実 X 1
`_2024-06-05 04:36:51_
--------
*b2c9ff82825eb9a4153f9605e1a18b7e*
`登陆天数: 13天 / 651天
等级: 130
石头: 4009
呼符: 213
体力: 15605.65 / 138
友情点: 0 / 467160`
*連続ログイン6日目
※ログインが途切れるか、7日到達すると
1日目から再開されます*
`聖晶石 X 2
6月交換券(2024) X 1
`*カルデア・サマーアドベンチャー！ アンケート復刻版 開幕記念 ログインボーナス*
*開催期間中、1日1回 最大21回 ログインボーナスをプレゼント！*
`白銀の果実 X 1
`_2024-06-05 04:36:58_
--------
*088c36a888bd00446bc52e3bd448dc3b*
`登陆天数: 13天 / 650天
等级: 130
石头: 4010
呼符: 277
体力: 15605.673333333334 / 138
友情点: 0 / 467410`
*連続ログイン6日目
※ログインが途切れるか、7日到達すると
1日目から再開されます*
`聖晶石 X 2
6月交換券(2024) X 1
`*カルデア・サマーアドベンチャー！ アンケート復刻版 開幕記念 ログインボーナス*
*開催期間中、1日1回 最大21回 ログインボーナスをプレゼント！*
`白銀の果実 X 1
`_2024-06-05 04:37:06_
--------
*8778926278eab24e1ab9ad3ac42077ea*
`登陆天数: 13天 / 650天
等级: 130
石头: 4007
呼符: 82
体力: 15605.7 / 138
友情点: 0 / 468095`
*連続ログイン6日目
※ログインが途切れるか、7日到達すると
1日目から再開されます*
`聖晶石 X 2
6月交換券(2024) X 1
`*カルデア・サマーアドベンチャー！ アンケート復刻版 開幕記念 ログインボーナス*
*開催期間中、1日1回 最大21回 ログインボーナスをプレゼント！*
`白銀の果実 X 1
`_2024-06-05 04:37:14_
--------
*cc2e053e6739c579faa05309cb2f1fb7*
`登陆天数: 13天 / 651天
等级: 130
石头: 4011
呼符: 204
体力: 15605.723333333333 / 138
友情点: 0 / 466315`
*連続ログイン6日目
※ログインが途切れるか、7日到達すると
1日目から再開されます*
`聖晶石 X 2
6月交換券(2024) X 1
`*カルデア・サマーアドベンチャー！ アンケート復刻版 開幕記念 ログインボーナス*
*開催期間中、1日1回 最大21回 ログインボーナスをプレゼント！*
`白銀の果実 X 1
`_2024-06-05 04:37:22_
--------
*6fa2036a4774ebaccd025a8ec197b8de*
`登陆天数: 13天 / 651天
等级: 130
石头: 3997
呼符: 247
体力: 15605.75 / 138
友情点: 0 / 465790`
*連続ログイン6日目
※ログインが途切れるか、7日到達すると
1日目から再開されます*
`聖晶石 X 2
6月交換券(2024) X 1
`*カルデア・サマーアドベンチャー！ アンケート復刻版 開幕記念 ログインボーナス*
*開催期間中、1日1回 最大21回 ログインボーナスをプレゼント！*
`白銀の果実 X 1
`_2024-06-05 04:37:29_
--------
*fa3bb85caa8a786accfda79769c5ac4d*
`登陆天数: 13天 / 651天
等级: 130
石头: 4008
呼符: 259
体力: 15605.78 / 138
友情点: 0 / 465630`
*連続ログイン6日目
※ログインが途切れるか、7日到達すると
1日目から再開されます*
`聖晶石 X 2
6月交換券(2024) X 1
`*カルデア・サマーアドベンチャー！ アンケート復刻版 開幕記念 ログインボーナス*
*開催期間中、1日1回 最大21回 ログインボーナスをプレゼント！*
`白銀の果実 X 1
`_2024-06-05 04:37:37_
--------
*f14a91b9687476eb6630dc736b97a24c*
`登陆天数: 13天 / 651天
等级: 130
石头: 4011
呼符: 291
体力: 15605.803333333333 / 138
友情点: 0 / 465290`
*連続ログイン6日目
※ログインが途切れるか、7日到達すると
1日目から再開されます*
`聖晶石 X 2
6月交換券(2024) X 1
`*カルデア・サマーアドベンチャー！ アンケート復刻版 開幕記念 ログインボーナス*
*開催期間中、1日1回 最大21回 ログインボーナスをプレゼント！*
`白銀の果実 X 1
`_2024-06-05 04:37:45_
--------
*bc95202f8a6c411fb459fd1d90136b48*
`登陆天数: 13天 / 651天
等级: 130
石头: 4020
呼符: 304
体力: 15605.826666666666 / 138
友情点: 0 / 467180`
*連続ログイン6日目
※ログインが途切れるか、7日到達すると
1日目から再開されます*
`聖晶石 X 2
6月交換券(2024) X 1
`*カルデア・サマーアドベンチャー！ アンケート復刻版 開幕記念 ログインボーナス*
*開催期間中、1日1回 最大21回 ログインボーナスをプレゼント！*
`白銀の果実 X 1
`_2024-06-05 04:37:53_
--------
*84e511d3b9050df696b341d6cf467682*
`登陆天数: 13天 / 651天
等级: 130
石头: 4008
呼符: 319
体力: 15605.853333333333 / 138
友情点: 0 / 469170`
*連続ログイン6日目
※ログインが途切れるか、7日到達すると
1日目から再開されます*
`聖晶石 X 2
6月交換券(2024) X 1
`*カルデア・サマーアドベンチャー！ アンケート復刻版 開幕記念 ログインボーナス*
*開催期間中、1日1回 最大21回 ログインボーナスをプレゼント！*
`白銀の果実 X 1
`_2024-06-05 04:38:00_
--------
*c1720cef566066c09ed6cb8ad33d2115*
`登陆天数: 13天 / 651天
等级: 130
石头: 3999
呼符: 301
体力: 15605.88 / 138
友情点: 0 / 465635`
*連続ログイン6日目
※ログインが途切れるか、7日到達すると
1日目から再開されます*
`聖晶石 X 2
6月交換券(2024) X 1
`*カルデア・サマーアドベンチャー！ アンケート復刻版 開幕記念 ログインボーナス*
*開催期間中、1日1回 最大21回 ログインボーナスをプレゼント！*
`白銀の果実 X 1
`_2024-06-05 04:38:08_
--------
*75680fb620250ca121cdf9bd00dd17e3*
`登陆天数: 13天 / 650天
等级: 130
石头: 4001
呼符: 321
体力: 15605.906666666666 / 138
友情点: 0 / 469150`
*連続ログイン6日目
※ログインが途切れるか、7日到達すると
1日目から再開されます*
`聖晶石 X 2
6月交換券(2024) X 1
`*カルデア・サマーアドベンチャー！ アンケート復刻版 開幕記念 ログインボーナス*
*開催期間中、1日1回 最大21回 ログインボーナスをプレゼント！*
`白銀の果実 X 1
`_2024-06-05 04:38:16_
--------
*1fa5b08e00be736964265ff10378b7b8*
`登陆天数: 13天 / 651天
等级: 130
石头: 4010
呼符: 269
体力: 15605.93 / 138
友情点: 0 / 466855`
*連続ログイン6日目
※ログインが途切れるか、7日到達すると
1日目から再開されます*
`聖晶石 X 2
6月交換券(2024) X 1
`*カルデア・サマーアドベンチャー！ アンケート復刻版 開幕記念 ログインボーナス*
*開催期間中、1日1回 最大21回 ログインボーナスをプレゼント！*
`白銀の果実 X 1
`_2024-06-05 04:38:24_
--------
*f6efb293ae15335e2f88e845b8412945*
`登陆天数: 13天 / 651天
等级: 130
石头: 4011
呼符: 131
体力: 15605.956666666667 / 138
友情点: 0 / 466980`
*連続ログイン6日目
※ログインが途切れるか、7日到達すると
1日目から再開されます*
`聖晶石 X 2
6月交換券(2024) X 1
`*カルデア・サマーアドベンチャー！ アンケート復刻版 開幕記念 ログインボーナス*
*開催期間中、1日1回 最大21回 ログインボーナスをプレゼント！*
`白銀の果実 X 1
`_2024-06-05 04:38:32_
--------
*a16f17c4f7beadcf3026c040a402f437*
`登陆天数: 13天 / 651天
等级: 130
石头: 4013
呼符: 295
体力: 15605.983333333334 / 138
友情点: 0 / 465695`
*連続ログイン6日目
※ログインが途切れるか、7日到達すると
1日目から再開されます*
`聖晶石 X 2
6月交換券(2024) X 1
`*カルデア・サマーアドベンチャー！ アンケート復刻版 開幕記念 ログインボーナス*
*開催期間中、1日1回 最大21回 ログインボーナスをプレゼント！*
`白銀の果実 X 1
`_2024-06-05 04:38:40_
--------
*fa97e883b50497cc426992179372e528*
`登陆天数: 13天 / 651天
等级: 130
石头: 4009
呼符: 302
体力: 15606.013333333334 / 138
友情点: 0 / 466345`
*連続ログイン6日目
※ログインが途切れるか、7日到達すると
1日目から再開されます*
`聖晶石 X 2
6月交換券(2024) X 1
`*カルデア・サマーアドベンチャー！ アンケート復刻版 開幕記念 ログインボーナス*
*開催期間中、1日1回 最大21回 ログインボーナスをプレゼント！*
`白銀の果実 X 1
`_2024-06-05 04:38:48_
--------
*424c015788bf721b6eb52e620d5734a1*
`登陆天数: 13天 / 651天
等级: 130
石头: 4008
呼符: 260
体力: 15606.036666666667 / 138
友情点: 0 / 465845`
*連続ログイン6日目
※ログインが途切れるか、7日到達すると
1日目から再開されます*
`聖晶石 X 2
6月交換券(2024) X 1
`*カルデア・サマーアドベンチャー！ アンケート復刻版 開幕記念 ログインボーナス*
*開催期間中、1日1回 最大21回 ログインボーナスをプレゼント！*
`白銀の果実 X 1
`_2024-06-05 04:38:55_
--------
*ce75ccbd4a0fa096f86e241fe3e0f4e0*
`登陆天数: 13天 / 651天
等级: 130
石头: 3968
呼符: 212
体力: 15606.063333333334 / 138
友情点: 0 / 468405`
*連続ログイン6日目
※ログインが途切れるか、7日到達すると
1日目から再開されます*
`聖晶石 X 2
6月交換券(2024) X 1
`*カルデア・サマーアドベンチャー！ アンケート復刻版 開幕記念 ログインボーナス*
*開催期間中、1日1回 最大21回 ログインボーナスをプレゼント！*
`白銀の果実 X 1
`_2024-06-05 04:39:03_
--------
*d30daa05af17a6001363749b704b1e75*
`登陆天数: 13天 / 650天
等级: 130
石头: 4012
呼符: 207
体力: 15606.09 / 138
友情点: 0 / 468075`
*連続ログイン6日目
※ログインが途切れるか、7日到達すると
1日目から再開されます*
`聖晶石 X 2
6月交換券(2024) X 1
`*カルデア・サマーアドベンチャー！ アンケート復刻版 開幕記念 ログインボーナス*
*開催期間中、1日1回 最大21回 ログインボーナスをプレゼント！*
`白銀の果実 X 1
`_2024-06-05 04:39:11_
--------
*d41b57d54db27168302dc6a70ef35ae0*
`登陆天数: 13天 / 651天
等级: 130
石头: 4008
呼符: 206
体力: 15606.12 / 138
友情点: 0 / 465920`
*連続ログイン6日目
※ログインが途切れるか、7日到達すると
1日目から再開されます*
`聖晶石 X 2
6月交換券(2024) X 1
`*カルデア・サマーアドベンチャー！ アンケート復刻版 開幕記念 ログインボーナス*
*開催期間中、1日1回 最大21回 ログインボーナスをプレゼント！*
`白銀の果実 X 1
`_2024-06-05 04:39:19_
--------
*6581e887a9bd1869ef684d777398d087*
`登陆天数: 13天 / 650天
等级: 130
石头: 4006
呼符: 172
体力: 15606.143333333333 / 138
友情点: 0 / 468370`
*連続ログイン6日目
※ログインが途切れるか、7日到達すると
1日目から再開されます*
`聖晶石 X 2
6月交換券(2024) X 1
`*カルデア・サマーアドベンチャー！ アンケート復刻版 開幕記念 ログインボーナス*
*開催期間中、1日1回 最大21回 ログインボーナスをプレゼント！*
`白銀の果実 X 1
`_2024-06-05 04:39:27_
--------
*9c9c52bf5ca36e1c9bd3c8788dd79c1d*
`登陆天数: 13天 / 651天
等级: 130
石头: 4012
呼符: 249
体力: 15606.17 / 138
友情点: 0 / 465945`
*連続ログイン6日目
※ログインが途切れるか、7日到達すると
1日目から再開されます*
`聖晶石 X 2
6月交換券(2024) X 1
`*カルデア・サマーアドベンチャー！ アンケート復刻版 開幕記念 ログインボーナス*
*開催期間中、1日1回 最大21回 ログインボーナスをプレゼント！*
`白銀の果実 X 1
`_2024-06-05 04:39:35_
--------
*c338c608c148c5bfb510c0920d7a206e*
`登陆天数: 13天 / 651天
等级: 130
石头: 4001
呼符: 131
体力: 15606.19 / 138
友情点: 0 / 466575`
*連続ログイン6日目
※ログインが途切れるか、7日到達すると
1日目から再開されます*
`聖晶石 X 2
6月交換券(2024) X 1
`*カルデア・サマーアドベンチャー！ アンケート復刻版 開幕記念 ログインボーナス*
*開催期間中、1日1回 最大21回 ログインボーナスをプレゼント！*
`白銀の果実 X 1
`_2024-06-05 04:39:43_
--------
*055150bedf999f0ab9ee6d92a6f60a23*
`登陆天数: 13天 / 650天
等级: 130
石头: 4007
呼符: 24
体力: 15606.223333333333 / 138
友情点: 0 / 468250`
*連続ログイン6日目
※ログインが途切れるか、7日到達すると
1日目から再開されます*
`聖晶石 X 2
6月交換券(2024) X 1
`*カルデア・サマーアドベンチャー！ アンケート復刻版 開幕記念 ログインボーナス*
*開催期間中、1日1回 最大21回 ログインボーナスをプレゼント！*
`白銀の果実 X 1
`_2024-06-05 04:39:51_
--------
*8d8529a06c432a86b5f7b5bf98414651*
`登陆天数: 13天 / 651天
等级: 130
石头: 4002
呼符: 234
体力: 15606.246666666666 / 138
友情点: 0 / 466515`
*連続ログイン6日目
※ログインが途切れるか、7日到達すると
1日目から再開されます*
`聖晶石 X 2
6月交換券(2024) X 1
`*カルデア・サマーアドベンチャー！ アンケート復刻版 開幕記念 ログインボーナス*
*開催期間中、1日1回 最大21回 ログインボーナスをプレゼント！*
`白銀の果実 X 1
`_2024-06-05 04:39:59_
--------
*a53173e99946b2ca07845684581f7fba*
`登陆天数: 13天 / 651天
等级: 130
石头: 4012
呼符: 298
体力: 15606.273333333333 / 138
友情点: 0 / 467925`
*連続ログイン6日目
※ログインが途切れるか、7日到達すると
1日目から再開されます*
`聖晶石 X 2
6月交換券(2024) X 1
`*カルデア・サマーアドベンチャー！ アンケート復刻版 開幕記念 ログインボーナス*
*開催期間中、1日1回 最大21回 ログインボーナスをプレゼント！*
`白銀の果実 X 1
`_2024-06-05 04:40:06_
--------
*4f087873041c99d3211981a3207bb123*
`登陆天数: 13天 / 651天
等级: 130
石头: 4006
呼符: 288
体力: 15606.3 / 138
友情点: 0 / 467080`
*連続ログイン6日目
※ログインが途切れるか、7日到達すると
1日目から再開されます*
`聖晶石 X 2
6月交換券(2024) X 1
`*カルデア・サマーアドベンチャー！ アンケート復刻版 開幕記念 ログインボーナス*
*開催期間中、1日1回 最大21回 ログインボーナスをプレゼント！*
`白銀の果実 X 1
`_2024-06-05 04:40:14_
--------
*30e736e700eadc2034fef2803be2a324*
`登陆天数: 13天 / 650天
等级: 130
石头: 3983
呼符: 257
体力: 15606.323333333334 / 138
友情点: 0 / 468520`
*連続ログイン6日目
※ログインが途切れるか、7日到達すると
1日目から再開されます*
`聖晶石 X 2
6月交換券(2024) X 1
`*カルデア・サマーアドベンチャー！ アンケート復刻版 開幕記念 ログインボーナス*
*開催期間中、1日1回 最大21回 ログインボーナスをプレゼント！*
`白銀の果実 X 1
`_2024-06-05 04:40:21_
--------
*512fb528b1126f5d36bdb0b5f6ec6820*
`登陆天数: 13天 / 650天
等级: 130
石头: 4010
呼符: 220
体力: 15606.35 / 138
友情点: 0 / 469010`
*連続ログイン6日目
※ログインが途切れるか、7日到達すると
1日目から再開されます*
`聖晶石 X 2
6月交換券(2024) X 1
`*カルデア・サマーアドベンチャー！ アンケート復刻版 開幕記念 ログインボーナス*
*開催期間中、1日1回 最大21回 ログインボーナスをプレゼント！*
`白銀の果実 X 1
`_2024-06-05 04:40:29_
--------
*4f1ba2e02c7b1c2a1bb3b7083fd0de18*
`登陆天数: 13天 / 650天
等级: 130
石头: 4000
呼符: 161
体力: 15606.373333333333 / 138
友情点: 0 / 469045`
*連続ログイン6日目
※ログインが途切れるか、7日到達すると
1日目から再開されます*
`聖晶石 X 2
6月交換券(2024) X 1
`*カルデア・サマーアドベンチャー！ アンケート復刻版 開幕記念 ログインボーナス*
*開催期間中、1日1回 最大21回 ログインボーナスをプレゼント！*
`白銀の果実 X 1
`_2024-06-05 04:40:37_
--------
*dbfe11112ed7066aaad81e3ab49a527a*
`登陆天数: 13天 / 651天
等级: 130
石头: 4012
呼符: 324
体力: 15606.4 / 138
友情点: 0 / 466950`
*連続ログイン6日目
※ログインが途切れるか、7日到達すると
1日目から再開されます*
`聖晶石 X 2
6月交換券(2024) X 1
`*カルデア・サマーアドベンチャー！ アンケート復刻版 開幕記念 ログインボーナス*
*開催期間中、1日1回 最大21回 ログインボーナスをプレゼント！*
`白銀の果実 X 1
`_2024-06-05 04:40:45_
--------
*a8abf88d0e28dbdf3d4c57e5ec1a39eb*
`登陆天数: 13天 / 651天
等级: 130
石头: 3999
呼符: 219
体力: 15606.426666666666 / 138
友情点: 0 / 466865`
_2024-06-05 04:40:53_
--------
