【登录信息】
*d89f8c204c69e18eb4c8ab2bfd7052bf*
`登陆天数: 20天 / 657天
等级: 130
石头: 4071
呼符: 127
体力: 30.226666666666674 / 138
友情点: 0 / 468175`
_2024-06-12 04:31:17_
--------
*256f7efc8a3eb0c357e618a50d7ba6a7*
`登陆天数: 20天 / 658天
等级: 130
石头: 4067
呼符: 208
体力: 30.200000000000003 / 138
友情点: 0 / 468215`
_2024-06-12 04:31:24_
--------
*5200cf7580472edf02e679fa8b070782*
`登陆天数: 20天 / 658天
等级: 130
石头: 4061
呼符: 87
体力: 30.17 / 138
友情点: 0 / 470190`
_2024-06-12 04:31:32_
--------
*cba187ca45316b5bbf933f4d532b88bb*
`登陆天数: 20天 / 657天
等级: 130
石头: 4061
呼符: 330
体力: 30.14333333333333 / 138
友情点: 0 / 468220`
_2024-06-12 04:31:39_
--------
*10287014680edb487ac4a9fcb66f38cd*
`登陆天数: 20天 / 657天
等级: 130
石头: 4064
呼符: 294
体力: 30.11333333333333 / 138
友情点: 0 / 469580`
_2024-06-12 04:31:47_
--------
*4c60379c9822b14f3e8fc49ea3daf7b5*
`登陆天数: 20天 / 658天
等级: 130
石头: 4060
呼符: 292
体力: 30.086666666666673 / 138
友情点: 0 / 467745`
_2024-06-12 04:31:54_
--------
*1d21267976fffd99e99b3a40d34f01ff*
`登陆天数: 20天 / 658天
等级: 130
石头: 4066
呼符: 299
体力: 30.056666666666672 / 138
友情点: 0 / 467980`
_2024-06-12 04:32:02_
--------
*5dfe2feea6109e9f4055c4177dc5b296*
`登陆天数: 20天 / 657天
等级: 130
石头: 4053
呼符: 182
体力: 30.03 / 138
友情点: 0 / 470375`
_2024-06-12 04:32:09_
--------
*aa79eec895b6dc6bd9b118b91bcc8007*
`登陆天数: 20天 / 658天
等级: 130
石头: 4017
呼符: 241
体力: 30.0 / 138
友情点: 0 / 469110`
_2024-06-12 04:32:17_
--------
*fe1b5719142e0def510601f75a923478*
`登陆天数: 20天 / 658天
等级: 130
石头: 4019
呼符: 205
体力: 29.97333333333333 / 138
友情点: 0 / 470110`
_2024-06-12 04:32:25_
--------
*a61c98021471edbd6fb0c28ea6157771*
`登陆天数: 20天 / 657天
等级: 130
石头: 4065
呼符: 111
体力: 29.943333333333328 / 138
友情点: 0 / 468490`
_2024-06-12 04:32:32_
--------
*f68afc8db8a20e68fede3ce0eb051643*
`登陆天数: 20天 / 657天
等级: 130
石头: 4064
呼符: 312
体力: 29.92 / 138
友情点: 0 / 467775`
_2024-06-12 04:32:40_
--------
*96f09493e536b95e20eef72b5d75aad2*
`登陆天数: 20天 / 658天
等级: 130
石头: 4064
呼符: 34
体力: 29.88666666666667 / 138
友情点: 0 / 467895`
_2024-06-12 04:32:47_
--------
*c2fe5d8f5b8ab63169f93b8e6d3583ee*
`登陆天数: 20天 / 657天
等级: 130
石头: 4068
呼符: 302
体力: 29.86 / 138
友情点: 0 / 467550`
_2024-06-12 04:32:55_
--------
*1040737458e6705ede13fadbbee4c11c*
`登陆天数: 20天 / 658天
等级: 130
石头: 4051
呼符: 317
体力: 29.83333333333333 / 138
友情点: 0 / 469525`
_2024-06-12 04:33:02_
--------
*8856cc989f89a674e8df906edf7c73d6*
`登陆天数: 20天 / 658天
等级: 130
石头: 4063
呼符: 148
体力: 29.806666666666672 / 138
友情点: 0 / 468180`
_2024-06-12 04:33:10_
--------
*e4086cdac15a356d465a36be5669d5e3*
`登陆天数: 20天 / 658天
等级: 130
石头: 4053
呼符: 261
体力: 29.78 / 138
友情点: 0 / 468705`
_2024-06-12 04:33:17_
--------
*8cc4a05638a389dd82d724bb088b89d4*
`登陆天数: 20天 / 657天
等级: 130
石头: 4064
呼符: 323
体力: 29.75 / 138
友情点: 0 / 470155`
_2024-06-12 04:33:25_
--------
*87b0a0863f483a15dac90f7abf71cef7*
`登陆天数: 20天 / 658天
等级: 130
石头: 4060
呼符: 34
体力: 29.72333333333333 / 138
友情点: 0 / 469125`
_2024-06-12 04:33:32_
--------
*b2c9ff82825eb9a4153f9605e1a18b7e*
`登陆天数: 20天 / 658天
等级: 130
石头: 4061
呼符: 222
体力: 29.693333333333328 / 138
友情点: 0 / 469160`
_2024-06-12 04:33:40_
--------
*088c36a888bd00446bc52e3bd448dc3b*
`登陆天数: 20天 / 657天
等级: 130
石头: 4064
呼符: 286
体力: 29.663333333333327 / 138
友情点: 0 / 467410`
_2024-06-12 04:33:47_
--------
*8778926278eab24e1ab9ad3ac42077ea*
`登陆天数: 20天 / 657天
等级: 130
石头: 4061
呼符: 91
体力: 29.63333333333334 / 138
友情点: 0 / 468095`
_2024-06-12 04:33:55_
--------
*cc2e053e6739c579faa05309cb2f1fb7*
`登陆天数: 20天 / 658天
等级: 130
石头: 4063
呼符: 213
体力: 29.61 / 138
友情点: 0 / 468315`
_2024-06-12 04:34:02_
--------
*6fa2036a4774ebaccd025a8ec197b8de*
`登陆天数: 20天 / 658天
等级: 130
石头: 4049
呼符: 256
体力: 29.58 / 138
友情点: 0 / 467790`
_2024-06-12 04:34:10_
--------
*fa3bb85caa8a786accfda79769c5ac4d*
`登陆天数: 20天 / 658天
等级: 130
石头: 4060
呼符: 268
体力: 29.549999999999997 / 138
友情点: 0 / 467630`
_2024-06-12 04:34:18_
--------
*f14a91b9687476eb6630dc736b97a24c*
`登陆天数: 20天 / 658天
等级: 130
石头: 4063
呼符: 300
体力: 29.52666666666667 / 138
友情点: 0 / 467290`
_2024-06-12 04:34:25_
--------
*bc95202f8a6c411fb459fd1d90136b48*
`登陆天数: 20天 / 658天
等级: 130
石头: 4072
呼符: 313
体力: 29.49666666666667 / 138
友情点: 0 / 469180`
_2024-06-12 04:34:33_
--------
*84e511d3b9050df696b341d6cf467682*
`登陆天数: 20天 / 658天
等级: 130
石头: 4060
呼符: 328
体力: 29.47 / 138
友情点: 0 / 471170`
_2024-06-12 04:34:40_
--------
*c1720cef566066c09ed6cb8ad33d2115*
`登陆天数: 20天 / 658天
等级: 130
石头: 4051
呼符: 310
体力: 29.439999999999998 / 138
友情点: 0 / 467635`
_2024-06-12 04:34:48_
--------
*75680fb620250ca121cdf9bd00dd17e3*
`登陆天数: 20天 / 657天
等级: 130
石头: 4055
呼符: 330
体力: 29.413333333333327 / 138
友情点: 0 / 469150`
_2024-06-12 04:34:55_
--------
*1fa5b08e00be736964265ff10378b7b8*
`登陆天数: 20天 / 658天
等级: 130
石头: 4062
呼符: 278
体力: 29.38333333333334 / 138
友情点: 0 / 468855`
_2024-06-12 04:35:03_
--------
*f6efb293ae15335e2f88e845b8412945*
`登陆天数: 20天 / 658天
等级: 130
石头: 4063
呼符: 140
体力: 29.35666666666667 / 138
友情点: 0 / 468980`
_2024-06-12 04:35:11_
--------
*a16f17c4f7beadcf3026c040a402f437*
`登陆天数: 20天 / 658天
等级: 130
石头: 4065
呼符: 304
体力: 29.33 / 138
友情点: 0 / 467695`
_2024-06-12 04:35:18_
--------
*fa97e883b50497cc426992179372e528*
`登陆天数: 20天 / 658天
等级: 130
石头: 4061
呼符: 311
体力: 29.299999999999997 / 138
友情点: 0 / 468345`
_2024-06-12 04:35:26_
--------
*424c015788bf721b6eb52e620d5734a1*
`登陆天数: 20天 / 658天
等级: 130
石头: 4060
呼符: 269
体力: 29.273333333333326 / 138
友情点: 0 / 467845`
_2024-06-12 04:35:33_
--------
*ce75ccbd4a0fa096f86e241fe3e0f4e0*
`登陆天数: 20天 / 658天
等级: 130
石头: 4020
呼符: 221
体力: 29.24666666666667 / 138
友情点: 0 / 470405`
_2024-06-12 04:35:41_
--------
*d30daa05af17a6001363749b704b1e75*
`登陆天数: 20天 / 657天
等级: 130
石头: 4066
呼符: 216
体力: 29.22 / 138
友情点: 0 / 468075`
_2024-06-12 04:35:48_
--------
*d41b57d54db27168302dc6a70ef35ae0*
`登陆天数: 20天 / 658天
等级: 130
石头: 4060
呼符: 215
体力: 29.189999999999998 / 138
友情点: 0 / 467920`
_2024-06-12 04:35:56_
--------
*6581e887a9bd1869ef684d777398d087*
`登陆天数: 20天 / 657天
等级: 130
石头: 4060
呼符: 181
体力: 29.163333333333327 / 138
友情点: 0 / 468370`
_2024-06-12 04:36:03_
--------
*9c9c52bf5ca36e1c9bd3c8788dd79c1d*
`登陆天数: 20天 / 658天
等级: 130
石头: 4064
呼符: 258
体力: 29.13333333333334 / 138
友情点: 0 / 467945`
_2024-06-12 04:36:11_
--------
*c338c608c148c5bfb510c0920d7a206e*
`登陆天数: 20天 / 658天
等级: 130
石头: 4053
呼符: 140
体力: 29.10666666666667 / 138
友情点: 0 / 468575`
_2024-06-12 04:36:18_
--------
*055150bedf999f0ab9ee6d92a6f60a23*
`登陆天数: 20天 / 657天
等级: 130
石头: 4061
呼符: 33
体力: 29.076666666666668 / 138
友情点: 0 / 468250`
_2024-06-12 04:36:26_
--------
*8d8529a06c432a86b5f7b5bf98414651*
`登陆天数: 20天 / 658天
等级: 130
石头: 4054
呼符: 243
体力: 29.053333333333327 / 138
友情点: 0 / 468515`
_2024-06-12 04:36:34_
--------
*a53173e99946b2ca07845684581f7fba*
`登陆天数: 20天 / 658天
等级: 130
石头: 4064
呼符: 307
体力: 29.023333333333326 / 138
友情点: 0 / 469925`
_2024-06-12 04:36:41_
--------
*4f087873041c99d3211981a3207bb123*
`登陆天数: 20天 / 658天
等级: 130
石头: 4058
呼符: 297
体力: 28.99666666666667 / 138
友情点: 0 / 469080`
_2024-06-12 04:36:49_
--------
*30e736e700eadc2034fef2803be2a324*
`登陆天数: 20天 / 657天
等级: 130
石头: 4037
呼符: 266
体力: 28.96666666666667 / 138
友情点: 0 / 468520`
_2024-06-12 04:36:56_
--------
*512fb528b1126f5d36bdb0b5f6ec6820*
`登陆天数: 20天 / 657天
等级: 130
石头: 4064
呼符: 229
体力: 28.943333333333328 / 138
友情点: 0 / 469010`
_2024-06-12 04:37:03_
--------
*4f1ba2e02c7b1c2a1bb3b7083fd0de18*
`登陆天数: 20天 / 657天
等级: 130
石头: 4054
呼符: 170
体力: 28.913333333333327 / 138
友情点: 0 / 469045`
_2024-06-12 04:37:11_
--------
*dbfe11112ed7066aaad81e3ab49a527a*
`登陆天数: 20天 / 658天
等级: 130
石头: 4064
呼符: 333
体力: 28.88666666666667 / 138
友情点: 0 / 468950`
_2024-06-12 04:37:19_
--------
*a8abf88d0e28dbdf3d4c57e5ec1a39eb*
`登陆天数: 20天 / 658天
等级: 130
石头: 3999
呼符: 219
体力: 17621.736666666668 / 138
友情点: 0 / 466865`
_2024-06-12 04:37:26_
--------
