【登录信息】
*d89f8c204c69e18eb4c8ab2bfd7052bf*
`登陆天数: 21天 / 658天
等级: 130
石头: 4071
呼符: 128
体力: 30.576666666666668 / 138
友情点: 0 / 462175`
_2024-06-13 04:32:10_
--------
*256f7efc8a3eb0c357e618a50d7ba6a7*
`登陆天数: 21天 / 659天
等级: 130
石头: 4067
呼符: 209
体力: 30.546666666666667 / 138
友情点: 0 / 462215`
_2024-06-13 04:32:18_
--------
*5200cf7580472edf02e679fa8b070782*
`登陆天数: 21天 / 659天
等级: 130
石头: 4061
呼符: 88
体力: 30.516666666666666 / 138
友情点: 0 / 464190`
_2024-06-13 04:32:25_
--------
*cba187ca45316b5bbf933f4d532b88bb*
`登陆天数: 21天 / 658天
等级: 130
石头: 4061
呼符: 331
体力: 30.486666666666665 / 138
友情点: 0 / 462220`
_2024-06-13 04:32:33_
--------
*10287014680edb487ac4a9fcb66f38cd*
`登陆天数: 21天 / 658天
等级: 130
石头: 4064
呼符: 295
体力: 30.456666666666663 / 138
友情点: 0 / 463580`
_2024-06-13 04:32:41_
--------
*4c60379c9822b14f3e8fc49ea3daf7b5*
`登陆天数: 21天 / 659天
等级: 130
石头: 4060
呼符: 293
体力: 30.426666666666662 / 138
友情点: 0 / 461745`
_2024-06-13 04:32:49_
--------
*1d21267976fffd99e99b3a40d34f01ff*
`登陆天数: 21天 / 659天
等级: 130
石头: 4066
呼符: 300
体力: 30.400000000000006 / 138
友情点: 0 / 461980`
_2024-06-13 04:32:57_
--------
*5dfe2feea6109e9f4055c4177dc5b296*
`登陆天数: 21天 / 658天
等级: 130
石头: 4053
呼符: 183
体力: 30.373333333333335 / 138
友情点: 0 / 464375`
_2024-06-13 04:33:04_
--------
*aa79eec895b6dc6bd9b118b91bcc8007*
`登陆天数: 21天 / 659天
等级: 130
石头: 4017
呼符: 242
体力: 30.343333333333334 / 138
友情点: 0 / 463110`
_2024-06-13 04:33:13_
--------
*fe1b5719142e0def510601f75a923478*
`登陆天数: 21天 / 659天
等级: 130
石头: 4019
呼符: 206
体力: 30.313333333333333 / 138
友情点: 0 / 464110`
_2024-06-13 04:33:21_
--------
*a61c98021471edbd6fb0c28ea6157771*
`登陆天数: 21天 / 658天
等级: 130
石头: 4065
呼符: 112
体力: 30.28666666666666 / 138
友情点: 0 / 462490`
_2024-06-13 04:33:28_
--------
*f68afc8db8a20e68fede3ce0eb051643*
`登陆天数: 21天 / 658天
等级: 130
石头: 4064
呼符: 313
体力: 30.260000000000005 / 138
友情点: 0 / 461775`
_2024-06-13 04:33:36_
--------
*96f09493e536b95e20eef72b5d75aad2*
`登陆天数: 21天 / 659天
等级: 130
石头: 4064
呼符: 35
体力: 30.226666666666674 / 138
友情点: 0 / 461895`
_2024-06-13 04:33:44_
--------
*c2fe5d8f5b8ab63169f93b8e6d3583ee*
`登陆天数: 21天 / 658天
等级: 130
石头: 4068
呼符: 303
体力: 30.200000000000003 / 138
友情点: 0 / 461550`
_2024-06-13 04:33:52_
--------
*1040737458e6705ede13fadbbee4c11c*
`登陆天数: 21天 / 659天
等级: 130
石头: 4051
呼符: 318
体力: 30.17 / 138
友情点: 0 / 463525`
_2024-06-13 04:34:00_
--------
*8856cc989f89a674e8df906edf7c73d6*
`登陆天数: 21天 / 659天
等级: 130
石头: 4063
呼符: 149
体力: 30.14 / 138
友情点: 0 / 462180`
_2024-06-13 04:34:08_
--------
*e4086cdac15a356d465a36be5669d5e3*
`登陆天数: 21天 / 659天
等级: 130
石头: 4053
呼符: 262
体力: 30.11 / 138
友情点: 0 / 462705`
_2024-06-13 04:34:16_
--------
*8cc4a05638a389dd82d724bb088b89d4*
`登陆天数: 21天 / 658天
等级: 130
石头: 4064
呼符: 324
体力: 30.08333333333333 / 138
友情点: 0 / 464155`
_2024-06-13 04:34:23_
--------
*87b0a0863f483a15dac90f7abf71cef7*
`登陆天数: 21天 / 659天
等级: 130
石头: 4060
呼符: 35
体力: 30.053333333333327 / 138
友情点: 0 / 463125`
_2024-06-13 04:34:31_
--------
*b2c9ff82825eb9a4153f9605e1a18b7e*
`登陆天数: 21天 / 659天
等级: 130
石头: 4061
呼符: 223
体力: 30.02666666666667 / 138
友情点: 0 / 463160`
_2024-06-13 04:34:39_
--------
*088c36a888bd00446bc52e3bd448dc3b*
`登陆天数: 21天 / 658天
等级: 130
石头: 4064
呼符: 287
体力: 29.989999999999995 / 138
友情点: 0 / 461410`
_2024-06-13 04:34:47_
--------
*8778926278eab24e1ab9ad3ac42077ea*
`登陆天数: 21天 / 658天
等级: 130
石头: 4061
呼符: 92
体力: 29.959999999999994 / 138
友情点: 0 / 462095`
_2024-06-13 04:34:55_
--------
*cc2e053e6739c579faa05309cb2f1fb7*
`登陆天数: 21天 / 659天
等级: 130
石头: 4063
呼符: 214
体力: 29.930000000000007 / 138
友情点: 0 / 462315`
_2024-06-13 04:35:03_
--------
*6fa2036a4774ebaccd025a8ec197b8de*
`登陆天数: 21天 / 659天
等级: 130
石头: 4049
呼符: 257
体力: 29.903333333333336 / 138
友情点: 0 / 461790`
_2024-06-13 04:35:10_
--------
*fa3bb85caa8a786accfda79769c5ac4d*
`登陆天数: 21天 / 659天
等级: 130
石头: 4060
呼符: 269
体力: 29.873333333333335 / 138
友情点: 0 / 461630`
_2024-06-13 04:35:19_
--------
*f14a91b9687476eb6630dc736b97a24c*
`登陆天数: 21天 / 659天
等级: 130
石头: 4063
呼符: 301
体力: 29.843333333333334 / 138
友情点: 0 / 461290`
_2024-06-13 04:35:26_
--------
*bc95202f8a6c411fb459fd1d90136b48*
`登陆天数: 21天 / 659天
等级: 130
石头: 4072
呼符: 314
体力: 29.816666666666663 / 138
友情点: 0 / 463180`
_2024-06-13 04:35:34_
--------
*84e511d3b9050df696b341d6cf467682*
`登陆天数: 21天 / 659天
等级: 130
石头: 4060
呼符: 329
体力: 29.790000000000006 / 138
友情点: 0 / 465170`
_2024-06-13 04:35:42_
--------
*c1720cef566066c09ed6cb8ad33d2115*
`登陆天数: 21天 / 659天
等级: 130
石头: 4051
呼符: 311
体力: 29.760000000000005 / 138
友情点: 0 / 461635`
_2024-06-13 04:35:50_
--------
*75680fb620250ca121cdf9bd00dd17e3*
`登陆天数: 21天 / 658天
等级: 130
石头: 4055
呼符: 331
体力: 29.730000000000004 / 138
友情点: 0 / 463150`
_2024-06-13 04:35:58_
--------
*1fa5b08e00be736964265ff10378b7b8*
`登陆天数: 21天 / 659天
等级: 130
石头: 4062
呼符: 279
体力: 29.700000000000003 / 138
友情点: 0 / 462855`
_2024-06-13 04:36:06_
--------
*f6efb293ae15335e2f88e845b8412945*
`登陆天数: 21天 / 659天
等级: 130
石头: 4063
呼符: 141
体力: 29.67 / 138
友情点: 0 / 462980`
_2024-06-13 04:36:13_
--------
*a16f17c4f7beadcf3026c040a402f437*
`登陆天数: 21天 / 659天
等级: 130
石头: 4065
呼符: 305
体力: 29.64333333333333 / 138
友情点: 0 / 461695`
_2024-06-13 04:36:21_
--------
*fa97e883b50497cc426992179372e528*
`登陆天数: 21天 / 659天
等级: 130
石头: 4061
呼符: 312
体力: 29.61333333333333 / 138
友情点: 0 / 462345`
_2024-06-13 04:36:29_
--------
*424c015788bf721b6eb52e620d5734a1*
`登陆天数: 21天 / 659天
等级: 130
石头: 4060
呼符: 270
体力: 29.586666666666673 / 138
友情点: 0 / 461845`
_2024-06-13 04:36:37_
--------
*ce75ccbd4a0fa096f86e241fe3e0f4e0*
`登陆天数: 21天 / 659天
等级: 130
石头: 4020
呼符: 222
体力: 29.556666666666672 / 138
友情点: 0 / 464405`
_2024-06-13 04:36:44_
--------
*d30daa05af17a6001363749b704b1e75*
`登陆天数: 21天 / 658天
等级: 130
石头: 4066
呼符: 217
体力: 29.523333333333326 / 138
友情点: 0 / 462075`
_2024-06-13 04:36:52_
--------
*d41b57d54db27168302dc6a70ef35ae0*
`登陆天数: 21天 / 659天
等级: 130
石头: 4060
呼符: 216
体力: 29.49666666666667 / 138
友情点: 0 / 461920`
_2024-06-13 04:36:59_
--------
*6581e887a9bd1869ef684d777398d087*
`登陆天数: 21天 / 658天
等级: 130
石头: 4060
呼符: 182
体力: 29.46666666666667 / 138
友情点: 0 / 462370`
_2024-06-13 04:37:08_
--------
*9c9c52bf5ca36e1c9bd3c8788dd79c1d*
`登陆天数: 21天 / 659天
等级: 130
石头: 4064
呼符: 259
体力: 29.439999999999998 / 138
友情点: 0 / 461945`
_2024-06-13 04:37:15_
--------
*c338c608c148c5bfb510c0920d7a206e*
`登陆天数: 21天 / 659天
等级: 130
石头: 4053
呼符: 141
体力: 29.409999999999997 / 138
友情点: 0 / 462575`
_2024-06-13 04:37:24_
--------
*055150bedf999f0ab9ee6d92a6f60a23*
`登陆天数: 21天 / 658天
等级: 130
石头: 4061
呼符: 34
体力: 29.38333333333334 / 138
友情点: 0 / 462250`
_2024-06-13 04:37:31_
--------
*8d8529a06c432a86b5f7b5bf98414651*
`登陆天数: 21天 / 659天
等级: 130
石头: 4054
呼符: 244
体力: 29.349999999999994 / 138
友情点: 0 / 462515`
_2024-06-13 04:37:39_
--------
*a53173e99946b2ca07845684581f7fba*
`登陆天数: 21天 / 659天
等级: 130
石头: 4064
呼符: 308
体力: 29.323333333333338 / 138
友情点: 0 / 463925`
_2024-06-13 04:37:47_
--------
*4f087873041c99d3211981a3207bb123*
`登陆天数: 21天 / 659天
等级: 130
石头: 4058
呼符: 298
体力: 29.293333333333337 / 138
友情点: 0 / 463080`
_2024-06-13 04:37:54_
--------
*30e736e700eadc2034fef2803be2a324*
`登陆天数: 21天 / 658天
等级: 130
石头: 4037
呼符: 267
体力: 29.266666666666666 / 138
友情点: 0 / 462520`
_2024-06-13 04:38:02_
--------
*512fb528b1126f5d36bdb0b5f6ec6820*
`登陆天数: 21天 / 658天
等级: 130
石头: 4064
呼符: 230
体力: 29.236666666666665 / 138
友情点: 0 / 463010`
_2024-06-13 04:38:10_
--------
*4f1ba2e02c7b1c2a1bb3b7083fd0de18*
`登陆天数: 21天 / 658天
等级: 130
石头: 4054
呼符: 171
体力: 29.206666666666663 / 138
友情点: 0 / 463045`
_2024-06-13 04:38:18_
--------
*dbfe11112ed7066aaad81e3ab49a527a*
`登陆天数: 21天 / 659天
等级: 130
石头: 4064
呼符: 334
体力: 29.176666666666662 / 138
友情点: 0 / 462950`
_2024-06-13 04:38:25_
--------
*a8abf88d0e28dbdf3d4c57e5ec1a39eb*
`登陆天数: 21天 / 659天
等级: 130
石头: 3999
呼符: 219
体力: 17909.963333333333 / 138
友情点: 0 / 466865`
_2024-06-13 04:38:33_
--------
