【登录信息】
*d89f8c204c69e18eb4c8ab2bfd7052bf*
`登陆天数: 22天 / 659天
等级: 130
石头: 4071
呼符: 128
体力: 30.453333333333333 / 138
友情点: 0 / 458175`
_2024-06-14 04:31:34_
--------
*256f7efc8a3eb0c357e618a50d7ba6a7*
`登陆天数: 22天 / 660天
等级: 130
石头: 4067
呼符: 209
体力: 30.430000000000007 / 138
友情点: 0 / 458215`
_2024-06-14 04:31:42_
--------
*5200cf7580472edf02e679fa8b070782*
`登陆天数: 22天 / 660天
等级: 130
石头: 4061
呼符: 88
体力: 30.403333333333336 / 138
友情点: 0 / 460190`
_2024-06-14 04:31:50_
--------
*cba187ca45316b5bbf933f4d532b88bb*
`登陆天数: 22天 / 659天
等级: 130
石头: 4061
呼符: 331
体力: 30.376666666666665 / 138
友情点: 0 / 458220`
_2024-06-14 04:31:58_
--------
*10287014680edb487ac4a9fcb66f38cd*
`登陆天数: 22天 / 659天
等级: 130
石头: 4064
呼符: 295
体力: 30.346666666666664 / 138
友情点: 0 / 459580`
_2024-06-14 04:32:06_
--------
*4c60379c9822b14f3e8fc49ea3daf7b5*
`登陆天数: 22天 / 660天
等级: 130
石头: 4060
呼符: 293
体力: 30.319999999999993 / 138
友情点: 0 / 457745`
_2024-06-14 04:32:14_
--------
*1d21267976fffd99e99b3a40d34f01ff*
`登陆天数: 22天 / 660天
等级: 130
石头: 4066
呼符: 300
体力: 30.293333333333337 / 138
友情点: 0 / 457980`
_2024-06-14 04:32:21_
--------
*5dfe2feea6109e9f4055c4177dc5b296*
`登陆天数: 22天 / 659天
等级: 130
石头: 4053
呼符: 183
体力: 30.263333333333335 / 138
友情点: 0 / 460375`
_2024-06-14 04:32:30_
--------
*aa79eec895b6dc6bd9b118b91bcc8007*
`登陆天数: 22天 / 660天
等级: 130
石头: 4017
呼符: 242
体力: 30.236666666666665 / 138
友情点: 0 / 459110`
_2024-06-14 04:32:38_
--------
*fe1b5719142e0def510601f75a923478*
`登陆天数: 22天 / 660天
等级: 130
石头: 4019
呼符: 206
体力: 30.209999999999994 / 138
友情点: 0 / 460110`
_2024-06-14 04:32:45_
--------
*a61c98021471edbd6fb0c28ea6157771*
`登陆天数: 22天 / 659天
等级: 130
石头: 4065
呼符: 112
体力: 30.180000000000007 / 138
友情点: 0 / 458490`
_2024-06-14 04:32:53_
--------
*f68afc8db8a20e68fede3ce0eb051643*
`登陆天数: 22天 / 659天
等级: 130
石头: 4064
呼符: 313
体力: 30.153333333333336 / 138
友情点: 0 / 457775`
_2024-06-14 04:33:01_
--------
*96f09493e536b95e20eef72b5d75aad2*
`登陆天数: 22天 / 660天
等级: 130
石头: 4064
呼符: 35
体力: 30.123333333333335 / 138
友情点: 0 / 457895`
_2024-06-14 04:33:09_
--------
*c2fe5d8f5b8ab63169f93b8e6d3583ee*
`登陆天数: 22天 / 659天
等级: 130
石头: 4068
呼符: 303
体力: 30.096666666666664 / 138
友情点: 0 / 457550`
_2024-06-14 04:33:17_
--------
*1040737458e6705ede13fadbbee4c11c*
`登陆天数: 22天 / 660天
等级: 130
石头: 4051
呼符: 318
体力: 30.069999999999993 / 138
友情点: 0 / 459525`
_2024-06-14 04:33:25_
--------
*8856cc989f89a674e8df906edf7c73d6*
`登陆天数: 22天 / 660天
等级: 130
石头: 4063
呼符: 149
体力: 30.043333333333337 / 138
友情点: 0 / 458180`
_2024-06-14 04:33:33_
--------
*e4086cdac15a356d465a36be5669d5e3*
`登陆天数: 22天 / 660天
等级: 130
石头: 4053
呼符: 262
体力: 30.016666666666666 / 138
友情点: 0 / 458705`
_2024-06-14 04:33:41_
--------
*8cc4a05638a389dd82d724bb088b89d4*
`登陆天数: 22天 / 659天
等级: 130
石头: 4064
呼符: 324
体力: 29.99333333333334 / 138
友情点: 0 / 460155`
_2024-06-14 04:33:49_
--------
*87b0a0863f483a15dac90f7abf71cef7*
`登陆天数: 22天 / 660天
等级: 130
石头: 4060
呼符: 35
体力: 29.96333333333334 / 138
友情点: 0 / 459125`
_2024-06-14 04:33:57_
--------
*b2c9ff82825eb9a4153f9605e1a18b7e*
`登陆天数: 22天 / 660天
等级: 130
石头: 4061
呼符: 223
体力: 29.933333333333337 / 138
友情点: 0 / 459160`
_2024-06-14 04:34:05_
--------
*088c36a888bd00446bc52e3bd448dc3b*
`登陆天数: 22天 / 659天
等级: 130
石头: 4064
呼符: 287
体力: 29.906666666666666 / 138
友情点: 0 / 457410`
_2024-06-14 04:34:13_
--------
*8778926278eab24e1ab9ad3ac42077ea*
`登陆天数: 22天 / 659天
等级: 130
石头: 4061
呼符: 92
体力: 29.876666666666665 / 138
友情点: 0 / 458095`
_2024-06-14 04:34:21_
--------
*cc2e053e6739c579faa05309cb2f1fb7*
`登陆天数: 22天 / 660天
等级: 130
石头: 4063
呼符: 214
体力: 29.849999999999994 / 138
友情点: 0 / 458315`
_2024-06-14 04:34:28_
--------
*6fa2036a4774ebaccd025a8ec197b8de*
`登陆天数: 22天 / 660天
等级: 130
石头: 4049
呼符: 257
体力: 29.823333333333338 / 138
友情点: 0 / 457790`
_2024-06-14 04:34:37_
--------
*fa3bb85caa8a786accfda79769c5ac4d*
`登陆天数: 22天 / 660天
等级: 130
石头: 4060
呼符: 269
体力: 29.796666666666667 / 138
友情点: 0 / 457630`
_2024-06-14 04:34:45_
--------
*f14a91b9687476eb6630dc736b97a24c*
`登陆天数: 22天 / 660天
等级: 130
石头: 4063
呼符: 301
体力: 29.769999999999996 / 138
友情点: 0 / 457290`
_2024-06-14 04:34:53_
--------
*bc95202f8a6c411fb459fd1d90136b48*
`登陆天数: 22天 / 660天
等级: 130
石头: 4072
呼符: 314
体力: 29.739999999999995 / 138
友情点: 0 / 459180`
_2024-06-14 04:35:01_
--------
*84e511d3b9050df696b341d6cf467682*
`登陆天数: 22天 / 660天
等级: 130
石头: 4060
呼符: 329
体力: 29.71333333333334 / 138
友情点: 0 / 461170`
_2024-06-14 04:35:09_
--------
*c1720cef566066c09ed6cb8ad33d2115*
`登陆天数: 22天 / 660天
等级: 130
石头: 4051
呼符: 311
体力: 29.686666666666667 / 138
友情点: 0 / 457635`
_2024-06-14 04:35:17_
--------
*75680fb620250ca121cdf9bd00dd17e3*
`登陆天数: 22天 / 659天
等级: 130
石头: 4055
呼符: 331
体力: 29.659999999999997 / 138
友情点: 0 / 459150`
_2024-06-14 04:35:25_
--------
*1fa5b08e00be736964265ff10378b7b8*
`登陆天数: 22天 / 660天
等级: 130
石头: 4062
呼符: 279
体力: 29.63333333333334 / 138
友情点: 0 / 458855`
_2024-06-14 04:35:32_
--------
*f6efb293ae15335e2f88e845b8412945*
`登陆天数: 22天 / 660天
等级: 130
石头: 4063
呼符: 141
体力: 29.60666666666667 / 138
友情点: 0 / 458980`
_2024-06-14 04:35:40_
--------
*a16f17c4f7beadcf3026c040a402f437*
`登陆天数: 22天 / 660天
等级: 130
石头: 4065
呼符: 305
体力: 29.58 / 138
友情点: 0 / 457695`
_2024-06-14 04:35:48_
--------
*fa97e883b50497cc426992179372e528*
`登陆天数: 22天 / 660天
等级: 130
石头: 4061
呼符: 312
体力: 29.553333333333327 / 138
友情点: 0 / 458345`
_2024-06-14 04:35:56_
--------
*424c015788bf721b6eb52e620d5734a1*
`登陆天数: 22天 / 660天
等级: 130
石头: 4060
呼符: 270
体力: 29.52666666666667 / 138
友情点: 0 / 457845`
_2024-06-14 04:36:05_
--------
*ce75ccbd4a0fa096f86e241fe3e0f4e0*
`登陆天数: 22天 / 660天
等级: 130
石头: 4020
呼符: 222
体力: 29.5 / 138
友情点: 0 / 460405`
_2024-06-14 04:36:13_
--------
*d30daa05af17a6001363749b704b1e75*
`登陆天数: 22天 / 659天
等级: 130
石头: 4066
呼符: 217
体力: 29.47 / 138
友情点: 0 / 458075`
_2024-06-14 04:36:21_
--------
*d41b57d54db27168302dc6a70ef35ae0*
`登陆天数: 22天 / 660天
等级: 130
石头: 4060
呼符: 216
体力: 29.443333333333328 / 138
友情点: 0 / 457920`
_2024-06-14 04:36:29_
--------
*6581e887a9bd1869ef684d777398d087*
`登陆天数: 22天 / 659天
等级: 130
石头: 4060
呼符: 182
体力: 29.41666666666667 / 138
友情点: 0 / 458370`
_2024-06-14 04:36:36_
--------
*9c9c52bf5ca36e1c9bd3c8788dd79c1d*
`登陆天数: 22天 / 660天
等级: 130
石头: 4064
呼符: 259
体力: 29.39 / 138
友情点: 0 / 457945`
_2024-06-14 04:36:44_
--------
*c338c608c148c5bfb510c0920d7a206e*
`登陆天数: 22天 / 660天
等级: 130
石头: 4053
呼符: 141
体力: 29.36333333333333 / 138
友情点: 0 / 458575`
_2024-06-14 04:36:52_
--------
*055150bedf999f0ab9ee6d92a6f60a23*
`登陆天数: 22天 / 659天
等级: 130
石头: 4061
呼符: 34
体力: 29.336666666666673 / 138
友情点: 0 / 458250`
_2024-06-14 04:37:00_
--------
*8d8529a06c432a86b5f7b5bf98414651*
`登陆天数: 22天 / 660天
等级: 130
石头: 4054
呼符: 244
体力: 29.310000000000002 / 138
友情点: 0 / 458515`
_2024-06-14 04:37:08_
--------
*a53173e99946b2ca07845684581f7fba*
`登陆天数: 22天 / 660天
等级: 130
石头: 4064
呼符: 308
体力: 29.28333333333333 / 138
友情点: 0 / 459925`
_2024-06-14 04:37:16_
--------
*4f087873041c99d3211981a3207bb123*
`登陆天数: 22天 / 660天
等级: 130
石头: 4058
呼符: 298
体力: 29.25666666666666 / 138
友情点: 0 / 459080`
_2024-06-14 04:37:24_
--------
*30e736e700eadc2034fef2803be2a324*
`登陆天数: 22天 / 659天
等级: 130
石头: 4037
呼符: 267
体力: 29.230000000000004 / 138
友情点: 0 / 458520`
_2024-06-14 04:37:32_
--------
*512fb528b1126f5d36bdb0b5f6ec6820*
`登陆天数: 22天 / 659天
等级: 130
石头: 4064
呼符: 230
体力: 29.200000000000003 / 138
友情点: 0 / 459010`
_2024-06-14 04:37:40_
--------
*4f1ba2e02c7b1c2a1bb3b7083fd0de18*
`登陆天数: 22天 / 659天
等级: 130
石头: 4054
呼符: 171
体力: 29.173333333333332 / 138
友情点: 0 / 459045`
_2024-06-14 04:37:48_
--------
*dbfe11112ed7066aaad81e3ab49a527a*
`登陆天数: 22天 / 660天
等级: 130
石头: 4064
呼符: 334
体力: 29.150000000000006 / 138
友情点: 0 / 458950`
_2024-06-14 04:37:56_
--------
*a8abf88d0e28dbdf3d4c57e5ec1a39eb*
`登陆天数: 22天 / 660天
等级: 130
石头: 3999
呼符: 219
体力: 18197.866666666665 / 138
友情点: 0 / 466865`
_2024-06-14 04:38:04_
--------
