【登录信息】
*d89f8c204c69e18eb4c8ab2bfd7052bf*
`登陆天数: 24天 / 661天
等级: 130
石头: 4072
呼符: 128
体力: 30.313333333333333 / 138
友情点: 0 / 446175`
_2024-06-16 04:30:22_
--------
*256f7efc8a3eb0c357e618a50d7ba6a7*
`登陆天数: 24天 / 662天
等级: 130
石头: 4068
呼符: 209
体力: 30.28 / 138
友情点: 0 / 446215`
_2024-06-16 04:30:30_
--------
*5200cf7580472edf02e679fa8b070782*
`登陆天数: 24天 / 662天
等级: 130
石头: 4062
呼符: 88
体力: 30.24666666666667 / 138
友情点: 0 / 448190`
_2024-06-16 04:30:38_
--------
*cba187ca45316b5bbf933f4d532b88bb*
`登陆天数: 24天 / 661天
等级: 130
石头: 4062
呼符: 331
体力: 30.21666666666667 / 138
友情点: 0 / 446220`
_2024-06-16 04:30:46_
--------
*10287014680edb487ac4a9fcb66f38cd*
`登陆天数: 24天 / 661天
等级: 130
石头: 4065
呼符: 295
体力: 30.186666666666667 / 138
友情点: 0 / 447580`
_2024-06-16 04:30:54_
--------
*4c60379c9822b14f3e8fc49ea3daf7b5*
`登陆天数: 24天 / 662天
等级: 130
石头: 4061
呼符: 293
体力: 30.153333333333336 / 138
友情点: 0 / 445745`
_2024-06-16 04:31:02_
--------
*1d21267976fffd99e99b3a40d34f01ff*
`登陆天数: 24天 / 662天
等级: 130
石头: 4067
呼符: 300
体力: 30.123333333333335 / 138
友情点: 0 / 445980`
_2024-06-16 04:31:10_
--------
*5dfe2feea6109e9f4055c4177dc5b296*
`登陆天数: 24天 / 661天
等级: 130
石头: 4054
呼符: 183
体力: 30.090000000000003 / 138
友情点: 0 / 448375`
_2024-06-16 04:31:17_
--------
*aa79eec895b6dc6bd9b118b91bcc8007*
`登陆天数: 24天 / 662天
等级: 130
石头: 4018
呼符: 242
体力: 30.060000000000002 / 138
友情点: 0 / 447110`
_2024-06-16 04:31:26_
--------
*fe1b5719142e0def510601f75a923478*
`登陆天数: 24天 / 662天
等级: 130
石头: 4020
呼符: 206
体力: 30.03 / 138
友情点: 0 / 448110`
_2024-06-16 04:31:34_
--------
*a61c98021471edbd6fb0c28ea6157771*
`登陆天数: 24天 / 661天
等级: 130
石头: 4066
呼符: 112
体力: 30.0 / 138
友情点: 0 / 446490`
_2024-06-16 04:31:42_
--------
*f68afc8db8a20e68fede3ce0eb051643*
`登陆天数: 24天 / 661天
等级: 130
石头: 4065
呼符: 313
体力: 29.97 / 138
友情点: 0 / 445775`
_2024-06-16 04:31:50_
--------
*96f09493e536b95e20eef72b5d75aad2*
`登陆天数: 24天 / 662天
等级: 130
石头: 4065
呼符: 35
体力: 29.939999999999998 / 138
友情点: 0 / 445895`
_2024-06-16 04:31:58_
--------
*c2fe5d8f5b8ab63169f93b8e6d3583ee*
`登陆天数: 24天 / 661天
等级: 130
石头: 4069
呼符: 303
体力: 29.913333333333327 / 138
友情点: 0 / 445550`
_2024-06-16 04:32:06_
--------
*1040737458e6705ede13fadbbee4c11c*
`登陆天数: 24天 / 662天
等级: 130
石头: 4052
呼符: 318
体力: 29.879999999999995 / 138
友情点: 0 / 447525`
_2024-06-16 04:32:14_
--------
*8856cc989f89a674e8df906edf7c73d6*
`登陆天数: 24天 / 662天
等级: 130
石头: 4064
呼符: 149
体力: 29.849999999999994 / 138
友情点: 0 / 446180`
_2024-06-16 04:32:22_
--------
*e4086cdac15a356d465a36be5669d5e3*
`登陆天数: 24天 / 662天
等级: 130
石头: 4054
呼符: 262
体力: 29.823333333333338 / 138
友情点: 0 / 446705`
_2024-06-16 04:32:30_
--------
*8cc4a05638a389dd82d724bb088b89d4*
`登陆天数: 24天 / 661天
等级: 130
石头: 4065
呼符: 324
体力: 29.793333333333337 / 138
友情点: 0 / 448155`
_2024-06-16 04:32:38_
--------
*87b0a0863f483a15dac90f7abf71cef7*
`登陆天数: 24天 / 662天
等级: 130
石头: 4061
呼符: 35
体力: 29.763333333333335 / 138
友情点: 0 / 447125`
_2024-06-16 04:32:46_
--------
*b2c9ff82825eb9a4153f9605e1a18b7e*
`登陆天数: 24天 / 662天
等级: 130
石头: 4062
呼符: 223
体力: 29.730000000000004 / 138
友情点: 0 / 447160`
_2024-06-16 04:32:55_
--------
*088c36a888bd00446bc52e3bd448dc3b*
`登陆天数: 24天 / 661天
等级: 130
石头: 4065
呼符: 287
体力: 29.703333333333333 / 138
友情点: 0 / 445410`
_2024-06-16 04:33:03_
--------
*8778926278eab24e1ab9ad3ac42077ea*
`登陆天数: 24天 / 661天
等级: 130
石头: 4062
呼符: 92
体力: 29.673333333333332 / 138
友情点: 0 / 446095`
_2024-06-16 04:33:11_
--------
*cc2e053e6739c579faa05309cb2f1fb7*
`登陆天数: 24天 / 662天
等级: 130
石头: 4064
呼符: 214
体力: 29.64666666666666 / 138
友情点: 0 / 446315`
_2024-06-16 04:33:19_
--------
*6fa2036a4774ebaccd025a8ec197b8de*
`登陆天数: 24天 / 662天
等级: 130
石头: 4050
呼符: 257
体力: 29.61666666666666 / 138
友情点: 0 / 445790`
_2024-06-16 04:33:28_
--------
*fa3bb85caa8a786accfda79769c5ac4d*
`登陆天数: 24天 / 662天
等级: 130
石头: 4061
呼符: 269
体力: 29.590000000000003 / 138
友情点: 0 / 445630`
_2024-06-16 04:33:36_
--------
*f14a91b9687476eb6630dc736b97a24c*
`登陆天数: 24天 / 662天
等级: 130
石头: 4064
呼符: 301
体力: 29.560000000000002 / 138
友情点: 0 / 445290`
_2024-06-16 04:33:44_
--------
*bc95202f8a6c411fb459fd1d90136b48*
`登陆天数: 24天 / 662天
等级: 130
石头: 4073
呼符: 314
体力: 29.53 / 138
友情点: 0 / 447180`
_2024-06-16 04:33:52_
--------
*84e511d3b9050df696b341d6cf467682*
`登陆天数: 24天 / 662天
等级: 130
石头: 4061
呼符: 329
体力: 29.5 / 138
友情点: 0 / 449170`
_2024-06-16 04:34:00_
--------
*c1720cef566066c09ed6cb8ad33d2115*
`登陆天数: 24天 / 662天
等级: 130
石头: 4052
呼符: 311
体力: 29.47333333333333 / 138
友情点: 0 / 445635`
_2024-06-16 04:34:08_
--------
*75680fb620250ca121cdf9bd00dd17e3*
`登陆天数: 24天 / 661天
等级: 130
石头: 4056
呼符: 331
体力: 29.443333333333328 / 138
友情点: 0 / 447150`
_2024-06-16 04:34:17_
--------
*1fa5b08e00be736964265ff10378b7b8*
`登陆天数: 24天 / 662天
等级: 130
石头: 4063
呼符: 279
体力: 29.413333333333327 / 138
友情点: 0 / 446855`
_2024-06-16 04:34:25_
--------
*f6efb293ae15335e2f88e845b8412945*
`登陆天数: 24天 / 662天
等级: 130
石头: 4064
呼符: 141
体力: 29.38333333333334 / 138
友情点: 0 / 446980`
_2024-06-16 04:34:33_
--------
*a16f17c4f7beadcf3026c040a402f437*
`登陆天数: 24天 / 662天
等级: 130
石头: 4066
呼符: 305
体力: 29.35666666666667 / 138
友情点: 0 / 445695`
_2024-06-16 04:34:42_
--------
*fa97e883b50497cc426992179372e528*
`登陆天数: 24天 / 662天
等级: 130
石头: 4062
呼符: 312
体力: 29.326666666666668 / 138
友情点: 0 / 446345`
_2024-06-16 04:34:49_
--------
*424c015788bf721b6eb52e620d5734a1*
`登陆天数: 24天 / 662天
等级: 130
石头: 4061
呼符: 270
体力: 29.299999999999997 / 138
友情点: 0 / 445845`
_2024-06-16 04:34:57_
--------
*ce75ccbd4a0fa096f86e241fe3e0f4e0*
`登陆天数: 24天 / 662天
等级: 130
石头: 4021
呼符: 222
体力: 29.269999999999996 / 138
友情点: 0 / 448405`
_2024-06-16 04:35:05_
--------
*d30daa05af17a6001363749b704b1e75*
`登陆天数: 24天 / 661天
等级: 130
石头: 4067
呼符: 217
体力: 29.239999999999995 / 138
友情点: 0 / 446075`
_2024-06-16 04:35:13_
--------
*d41b57d54db27168302dc6a70ef35ae0*
`登陆天数: 24天 / 662天
等级: 130
石头: 4061
呼符: 216
体力: 29.209999999999994 / 138
友情点: 0 / 445920`
_2024-06-16 04:35:21_
--------
*6581e887a9bd1869ef684d777398d087*
`登陆天数: 24天 / 661天
等级: 130
石头: 4061
呼符: 182
体力: 29.180000000000007 / 138
友情点: 0 / 446370`
_2024-06-16 04:35:29_
--------
*9c9c52bf5ca36e1c9bd3c8788dd79c1d*
`登陆天数: 24天 / 662天
等级: 130
石头: 4065
呼符: 259
体力: 29.150000000000006 / 138
友情点: 0 / 445945`
_2024-06-16 04:35:37_
--------
*c338c608c148c5bfb510c0920d7a206e*
`登陆天数: 24天 / 662天
等级: 130
石头: 4054
呼符: 141
体力: 29.120000000000005 / 138
友情点: 0 / 446575`
_2024-06-16 04:35:45_
--------
*055150bedf999f0ab9ee6d92a6f60a23*
`登陆天数: 24天 / 661天
等级: 130
石头: 4062
呼符: 34
体力: 29.090000000000003 / 138
友情点: 0 / 446250`
_2024-06-16 04:35:53_
--------
*8d8529a06c432a86b5f7b5bf98414651*
`登陆天数: 24天 / 662天
等级: 130
石头: 4055
呼符: 244
体力: 29.060000000000002 / 138
友情点: 0 / 446515`
_2024-06-16 04:36:01_
--------
*a53173e99946b2ca07845684581f7fba*
`登陆天数: 24天 / 662天
等级: 130
石头: 4065
呼符: 308
体力: 29.03 / 138
友情点: 0 / 447925`
_2024-06-16 04:36:09_
--------
*4f087873041c99d3211981a3207bb123*
`登陆天数: 24天 / 662天
等级: 130
石头: 4059
呼符: 298
体力: 29.0 / 138
友情点: 0 / 447080`
_2024-06-16 04:36:17_
--------
*30e736e700eadc2034fef2803be2a324*
`登陆天数: 24天 / 661天
等级: 130
石头: 4038
呼符: 267
体力: 28.97 / 138
友情点: 0 / 446520`
_2024-06-16 04:36:25_
--------
*512fb528b1126f5d36bdb0b5f6ec6820*
`登陆天数: 24天 / 661天
等级: 130
石头: 4065
呼符: 230
体力: 28.943333333333328 / 138
友情点: 0 / 447010`
_2024-06-16 04:36:33_
--------
*4f1ba2e02c7b1c2a1bb3b7083fd0de18*
`登陆天数: 24天 / 661天
等级: 130
石头: 4055
呼符: 171
体力: 28.913333333333327 / 138
友情点: 0 / 447045`
_2024-06-16 04:36:41_
--------
*dbfe11112ed7066aaad81e3ab49a527a*
`登陆天数: 24天 / 662天
等级: 130
石头: 4065
呼符: 334
体力: 28.88333333333334 / 138
友情点: 0 / 446950`
_2024-06-16 04:36:49_
--------
*a8abf88d0e28dbdf3d4c57e5ec1a39eb*
`登陆天数: 24天 / 662天
等级: 130
石头: 3999
呼符: 219
体力: 18773.643333333333 / 138
友情点: 0 / 466865`
_2024-06-16 04:36:58_
--------
