【登录信息】
*d89f8c204c69e18eb4c8ab2bfd7052bf*
`登陆天数: 25天 / 662天
等级: 130
石头: 4073
呼符: 128
体力: 30.709999999999994 / 138
友情点: 0 / 440175`
_2024-06-17 04:34:34_
--------
*256f7efc8a3eb0c357e618a50d7ba6a7*
`登陆天数: 25天 / 663天
等级: 130
石头: 4069
呼符: 209
体力: 30.676666666666662 / 138
友情点: 0 / 440215`
_2024-06-17 04:34:41_
--------
*5200cf7580472edf02e679fa8b070782*
`登陆天数: 25天 / 663天
等级: 130
石头: 4063
呼符: 88
体力: 30.64666666666666 / 138
友情点: 0 / 442190`
_2024-06-17 04:34:50_
--------
*cba187ca45316b5bbf933f4d532b88bb*
`登陆天数: 25天 / 662天
等级: 130
石头: 4063
呼符: 331
体力: 30.61666666666666 / 138
友情点: 0 / 440220`
_2024-06-17 04:34:58_
--------
*10287014680edb487ac4a9fcb66f38cd*
`登陆天数: 25天 / 662天
等级: 130
石头: 4066
呼符: 295
体力: 30.586666666666673 / 138
友情点: 0 / 441580`
_2024-06-17 04:35:06_
--------
*4c60379c9822b14f3e8fc49ea3daf7b5*
`登陆天数: 25天 / 663天
等级: 130
石头: 4062
呼符: 293
体力: 30.560000000000002 / 138
友情点: 0 / 439745`
_2024-06-17 04:35:14_
--------
*1d21267976fffd99e99b3a40d34f01ff*
`登陆天数: 25天 / 663天
等级: 130
石头: 4068
呼符: 300
体力: 30.53666666666666 / 138
友情点: 0 / 439980`
_2024-06-17 04:35:22_
--------
*5dfe2feea6109e9f4055c4177dc5b296*
`登陆天数: 25天 / 662天
等级: 130
石头: 4055
呼符: 183
体力: 30.50666666666666 / 138
友情点: 0 / 442375`
_2024-06-17 04:35:30_
--------
*aa79eec895b6dc6bd9b118b91bcc8007*
`登陆天数: 25天 / 663天
等级: 130
石头: 4019
呼符: 242
体力: 30.476666666666674 / 138
友情点: 0 / 441110`
_2024-06-17 04:35:38_
--------
*fe1b5719142e0def510601f75a923478*
`登陆天数: 25天 / 663天
等级: 130
石头: 4021
呼符: 206
体力: 30.450000000000003 / 138
友情点: 0 / 442110`
_2024-06-17 04:35:46_
--------
*a61c98021471edbd6fb0c28ea6157771*
`登陆天数: 25天 / 662天
等级: 130
石头: 4067
呼符: 112
体力: 30.42 / 138
友情点: 0 / 440490`
_2024-06-17 04:35:54_
--------
*f68afc8db8a20e68fede3ce0eb051643*
`登陆天数: 25天 / 662天
等级: 130
石头: 4066
呼符: 313
体力: 30.39 / 138
友情点: 0 / 439775`
_2024-06-17 04:36:02_
--------
*96f09493e536b95e20eef72b5d75aad2*
`登陆天数: 25天 / 663天
等级: 130
石头: 4066
呼符: 35
体力: 30.36 / 138
友情点: 0 / 439895`
_2024-06-17 04:36:10_
--------
*c2fe5d8f5b8ab63169f93b8e6d3583ee*
`登陆天数: 25天 / 662天
等级: 130
石头: 4070
呼符: 303
体力: 30.33333333333333 / 138
友情点: 0 / 439550`
_2024-06-17 04:36:18_
--------
*1040737458e6705ede13fadbbee4c11c*
`登陆天数: 25天 / 663天
等级: 130
石头: 4053
呼符: 318
体力: 30.303333333333327 / 138
友情点: 0 / 441525`
_2024-06-17 04:36:26_
--------
*8856cc989f89a674e8df906edf7c73d6*
`登陆天数: 25天 / 663天
等级: 130
石头: 4065
呼符: 149
体力: 30.273333333333326 / 138
友情点: 0 / 440180`
_2024-06-17 04:36:34_
--------
*e4086cdac15a356d465a36be5669d5e3*
`登陆天数: 25天 / 663天
等级: 130
石头: 4055
呼符: 262
体力: 30.239999999999995 / 138
友情点: 0 / 440705`
_2024-06-17 04:36:43_
--------
*8cc4a05638a389dd82d724bb088b89d4*
`登陆天数: 25天 / 662天
等级: 130
石头: 4066
呼符: 324
体力: 30.209999999999994 / 138
友情点: 0 / 442155`
_2024-06-17 04:36:51_
--------
*87b0a0863f483a15dac90f7abf71cef7*
`登陆天数: 25天 / 663天
等级: 130
石头: 4062
呼符: 35
体力: 30.180000000000007 / 138
友情点: 0 / 441125`
_2024-06-17 04:36:59_
--------
*b2c9ff82825eb9a4153f9605e1a18b7e*
`登陆天数: 25天 / 663天
等级: 130
石头: 4063
呼符: 223
体力: 30.150000000000006 / 138
友情点: 0 / 441160`
_2024-06-17 04:37:07_
--------
*088c36a888bd00446bc52e3bd448dc3b*
`登陆天数: 25天 / 662天
等级: 130
石头: 4066
呼符: 287
体力: 30.11666666666666 / 138
友情点: 0 / 439410`
_2024-06-17 04:37:15_
--------
*8778926278eab24e1ab9ad3ac42077ea*
`登陆天数: 25天 / 662天
等级: 130
石头: 4063
呼符: 92
体力: 30.090000000000003 / 138
友情点: 0 / 440095`
_2024-06-17 04:37:23_
--------
*cc2e053e6739c579faa05309cb2f1fb7*
`登陆天数: 25天 / 663天
等级: 130
石头: 4065
呼符: 214
体力: 30.063333333333333 / 138
友情点: 0 / 440315`
_2024-06-17 04:37:31_
--------
*6fa2036a4774ebaccd025a8ec197b8de*
`登陆天数: 25天 / 663天
等级: 130
石头: 4051
呼符: 257
体力: 30.03666666666666 / 138
友情点: 0 / 439790`
_2024-06-17 04:37:39_
--------
*fa3bb85caa8a786accfda79769c5ac4d*
`登陆天数: 25天 / 663天
等级: 130
石头: 4062
呼符: 269
体力: 30.00666666666666 / 138
友情点: 0 / 439630`
_2024-06-17 04:37:47_
--------
*f14a91b9687476eb6630dc736b97a24c*
`登陆天数: 25天 / 663天
等级: 130
石头: 4065
呼符: 301
体力: 29.976666666666674 / 138
友情点: 0 / 439290`
_2024-06-17 04:37:55_
--------
*bc95202f8a6c411fb459fd1d90136b48*
`登陆天数: 25天 / 663天
等级: 130
石头: 4074
呼符: 314
体力: 29.950000000000003 / 138
友情点: 0 / 441180`
_2024-06-17 04:38:03_
--------
*84e511d3b9050df696b341d6cf467682*
`登陆天数: 25天 / 663天
等级: 130
石头: 4062
呼符: 329
体力: 29.92 / 138
友情点: 0 / 443170`
_2024-06-17 04:38:11_
--------
*c1720cef566066c09ed6cb8ad33d2115*
`登陆天数: 25天 / 663天
等级: 130
石头: 4053
呼符: 311
体力: 29.89333333333333 / 138
友情点: 0 / 439635`
_2024-06-17 04:38:19_
--------
*75680fb620250ca121cdf9bd00dd17e3*
`登陆天数: 25天 / 662天
等级: 130
石头: 4057
呼符: 331
体力: 29.86333333333333 / 138
友情点: 0 / 441150`
_2024-06-17 04:38:27_
--------
*1fa5b08e00be736964265ff10378b7b8*
`登陆天数: 25天 / 663天
等级: 130
石头: 4064
呼符: 279
体力: 29.83333333333333 / 138
友情点: 0 / 440855`
_2024-06-17 04:38:35_
--------
*f6efb293ae15335e2f88e845b8412945*
`登陆天数: 25天 / 663天
等级: 130
石头: 4065
呼符: 141
体力: 29.806666666666672 / 138
友情点: 0 / 440980`
_2024-06-17 04:38:43_
--------
*a16f17c4f7beadcf3026c040a402f437*
`登陆天数: 25天 / 663天
等级: 130
石头: 4067
呼符: 305
体力: 29.77666666666667 / 138
友情点: 0 / 439695`
_2024-06-17 04:38:51_
--------
*fa97e883b50497cc426992179372e528*
`登陆天数: 25天 / 663天
等级: 130
石头: 4063
呼符: 312
体力: 29.74666666666667 / 138
友情点: 0 / 440345`
_2024-06-17 04:39:00_
--------
*424c015788bf721b6eb52e620d5734a1*
`登陆天数: 25天 / 663天
等级: 130
石头: 4062
呼符: 270
体力: 29.72 / 138
友情点: 0 / 439845`
_2024-06-17 04:39:08_
--------
*ce75ccbd4a0fa096f86e241fe3e0f4e0*
`登陆天数: 25天 / 663天
等级: 130
石头: 4022
呼符: 222
体力: 29.689999999999998 / 138
友情点: 0 / 442405`
_2024-06-17 04:39:16_
--------
*d30daa05af17a6001363749b704b1e75*
`登陆天数: 25天 / 662天
等级: 130
石头: 4068
呼符: 217
体力: 29.66666666666667 / 138
友情点: 0 / 440075`
_2024-06-17 04:39:24_
--------
*d41b57d54db27168302dc6a70ef35ae0*
`登陆天数: 25天 / 663天
等级: 130
石头: 4062
呼符: 216
体力: 29.63666666666667 / 138
友情点: 0 / 439920`
_2024-06-17 04:39:32_
--------
*6581e887a9bd1869ef684d777398d087*
`登陆天数: 25天 / 662天
等级: 130
石头: 4062
呼符: 182
体力: 29.60666666666667 / 138
友情点: 0 / 440370`
_2024-06-17 04:39:40_
--------
*9c9c52bf5ca36e1c9bd3c8788dd79c1d*
`登陆天数: 25天 / 663天
等级: 130
石头: 4066
呼符: 259
体力: 29.576666666666668 / 138
友情点: 0 / 439945`
_2024-06-17 04:39:48_
--------
*c338c608c148c5bfb510c0920d7a206e*
`登陆天数: 25天 / 663天
等级: 130
石头: 4055
呼符: 141
体力: 29.543333333333337 / 138
友情点: 0 / 440575`
_2024-06-17 04:39:56_
--------
*055150bedf999f0ab9ee6d92a6f60a23*
`登陆天数: 25天 / 662天
等级: 130
石头: 4063
呼符: 34
体力: 29.513333333333335 / 138
友情点: 0 / 440250`
_2024-06-17 04:40:04_
--------
*8d8529a06c432a86b5f7b5bf98414651*
`登陆天数: 25天 / 663天
等级: 130
石头: 4056
呼符: 244
体力: 29.483333333333334 / 138
友情点: 0 / 440515`
_2024-06-17 04:40:12_
--------
*a53173e99946b2ca07845684581f7fba*
`登陆天数: 25天 / 663天
等级: 130
石头: 4066
呼符: 308
体力: 29.456666666666663 / 138
友情点: 0 / 441925`
_2024-06-17 04:40:20_
--------
*4f087873041c99d3211981a3207bb123*
`登陆天数: 25天 / 663天
等级: 130
石头: 4060
呼符: 298
体力: 29.426666666666662 / 138
友情点: 0 / 441080`
_2024-06-17 04:40:28_
--------
*30e736e700eadc2034fef2803be2a324*
`登陆天数: 25天 / 662天
等级: 130
石头: 4039
呼符: 267
体力: 29.39666666666666 / 138
友情点: 0 / 440520`
_2024-06-17 04:40:36_
--------
*512fb528b1126f5d36bdb0b5f6ec6820*
`登陆天数: 25天 / 662天
等级: 130
石头: 4066
呼符: 230
体力: 29.36666666666666 / 138
友情点: 0 / 441010`
_2024-06-17 04:40:44_
--------
*4f1ba2e02c7b1c2a1bb3b7083fd0de18*
`登陆天数: 25天 / 662天
等级: 130
石头: 4056
呼符: 171
体力: 29.340000000000003 / 138
友情点: 0 / 441045`
_2024-06-17 04:40:52_
--------
*dbfe11112ed7066aaad81e3ab49a527a*
`登陆天数: 25天 / 663天
等级: 130
石头: 4066
呼符: 334
体力: 29.306666666666672 / 138
友情点: 0 / 440950`
_2024-06-17 04:41:00_
--------
*a8abf88d0e28dbdf3d4c57e5ec1a39eb*
`登陆天数: 25天 / 663天
等级: 130
石头: 3999
呼符: 219
体力: 19062.48 / 138
友情点: 0 / 466865`
_2024-06-17 04:41:09_
--------
