【登录信息】
*d89f8c204c69e18eb4c8ab2bfd7052bf*
`登陆天数: 26天 / 663天
等级: 130
石头: 4073
呼符: 128
体力: 29.89 / 138
友情点: 0 / 434175`
_2024-06-18 04:31:02_
--------
*256f7efc8a3eb0c357e618a50d7ba6a7*
`登陆天数: 26天 / 664天
等级: 130
石头: 4069
呼符: 209
体力: 29.86333333333333 / 138
友情点: 0 / 434215`
_2024-06-18 04:31:11_
--------
*5200cf7580472edf02e679fa8b070782*
`登陆天数: 26天 / 664天
等级: 130
石头: 4063
呼符: 88
体力: 29.836666666666673 / 138
友情点: 0 / 436190`
_2024-06-18 04:31:19_
--------
*cba187ca45316b5bbf933f4d532b88bb*
`登陆天数: 26天 / 663天
等级: 130
石头: 4063
呼符: 331
体力: 29.813333333333333 / 138
友情点: 0 / 434220`
_2024-06-18 04:31:27_
--------
*10287014680edb487ac4a9fcb66f38cd*
`登陆天数: 26天 / 663天
等级: 130
石头: 4066
呼符: 295
体力: 29.78666666666666 / 138
友情点: 0 / 435580`
_2024-06-18 04:31:35_
--------
*4c60379c9822b14f3e8fc49ea3daf7b5*
`登陆天数: 26天 / 664天
等级: 130
石头: 4062
呼符: 293
体力: 29.760000000000005 / 138
友情点: 0 / 433745`
_2024-06-18 04:31:43_
--------
*1d21267976fffd99e99b3a40d34f01ff*
`登陆天数: 26天 / 664天
等级: 130
石头: 4068
呼符: 300
体力: 29.733333333333334 / 138
友情点: 0 / 433980`
_2024-06-18 04:31:51_
--------
*5dfe2feea6109e9f4055c4177dc5b296*
`登陆天数: 26天 / 663天
等级: 130
石头: 4055
呼符: 183
体力: 29.703333333333333 / 138
友情点: 0 / 436375`
_2024-06-18 04:32:00_
--------
*aa79eec895b6dc6bd9b118b91bcc8007*
`登陆天数: 26天 / 664天
等级: 130
石头: 4019
呼符: 242
体力: 29.676666666666662 / 138
友情点: 0 / 435110`
_2024-06-18 04:32:08_
--------
*fe1b5719142e0def510601f75a923478*
`登陆天数: 26天 / 664天
等级: 130
石头: 4021
呼符: 206
体力: 29.650000000000006 / 138
友情点: 0 / 436110`
_2024-06-18 04:32:16_
--------
*a61c98021471edbd6fb0c28ea6157771*
`登陆天数: 26天 / 663天
等级: 130
石头: 4067
呼符: 112
体力: 29.623333333333335 / 138
友情点: 0 / 434490`
_2024-06-18 04:32:24_
--------
*f68afc8db8a20e68fede3ce0eb051643*
`登陆天数: 26天 / 663天
等级: 130
石头: 4066
呼符: 313
体力: 29.593333333333334 / 138
友情点: 0 / 433775`
_2024-06-18 04:32:32_
--------
*96f09493e536b95e20eef72b5d75aad2*
`登陆天数: 26天 / 664天
等级: 130
石头: 4066
呼符: 35
体力: 29.566666666666663 / 138
友情点: 0 / 433895`
_2024-06-18 04:32:40_
--------
*c2fe5d8f5b8ab63169f93b8e6d3583ee*
`登陆天数: 26天 / 663天
等级: 130
石头: 4070
呼符: 303
体力: 29.540000000000006 / 138
友情点: 0 / 433550`
_2024-06-18 04:32:48_
--------
*1040737458e6705ede13fadbbee4c11c*
`登陆天数: 26天 / 664天
等级: 130
石头: 4053
呼符: 318
体力: 29.513333333333335 / 138
友情点: 0 / 435525`
_2024-06-18 04:32:55_
--------
*8856cc989f89a674e8df906edf7c73d6*
`登陆天数: 26天 / 664天
等级: 130
石头: 4065
呼符: 149
体力: 29.486666666666665 / 138
友情点: 0 / 434180`
_2024-06-18 04:33:03_
--------
*e4086cdac15a356d465a36be5669d5e3*
`登陆天数: 26天 / 664天
等级: 130
石头: 4055
呼符: 262
体力: 29.459999999999994 / 138
友情点: 0 / 434705`
_2024-06-18 04:33:12_
--------
*8cc4a05638a389dd82d724bb088b89d4*
`登陆天数: 26天 / 663天
等级: 130
石头: 4066
呼符: 324
体力: 29.436666666666667 / 138
友情点: 0 / 436155`
_2024-06-18 04:33:19_
--------
*87b0a0863f483a15dac90f7abf71cef7*
`登陆天数: 26天 / 664天
等级: 130
石头: 4062
呼符: 35
体力: 29.409999999999997 / 138
友情点: 0 / 435125`
_2024-06-18 04:33:27_
--------
*b2c9ff82825eb9a4153f9605e1a18b7e*
`登陆天数: 26天 / 664天
等级: 130
石头: 4063
呼符: 223
体力: 29.38333333333334 / 138
友情点: 0 / 435160`
_2024-06-18 04:33:35_
--------
*088c36a888bd00446bc52e3bd448dc3b*
`登陆天数: 26天 / 663天
等级: 130
石头: 4066
呼符: 287
体力: 29.35666666666667 / 138
友情点: 0 / 433410`
_2024-06-18 04:33:43_
--------
*8778926278eab24e1ab9ad3ac42077ea*
`登陆天数: 26天 / 663天
等级: 130
石头: 4063
呼符: 92
体力: 29.33 / 138
友情点: 0 / 434095`
_2024-06-18 04:33:51_
--------
*cc2e053e6739c579faa05309cb2f1fb7*
`登陆天数: 26天 / 664天
等级: 130
石头: 4065
呼符: 214
体力: 29.303333333333327 / 138
友情点: 0 / 434315`
_2024-06-18 04:33:59_
--------
*6fa2036a4774ebaccd025a8ec197b8de*
`登陆天数: 26天 / 664天
等级: 130
石头: 4051
呼符: 257
体力: 29.27666666666667 / 138
友情点: 0 / 433790`
_2024-06-18 04:34:07_
--------
*fa3bb85caa8a786accfda79769c5ac4d*
`登陆天数: 26天 / 664天
等级: 130
石头: 4062
呼符: 269
体力: 29.24666666666667 / 138
友情点: 0 / 433630`
_2024-06-18 04:34:15_
--------
*f14a91b9687476eb6630dc736b97a24c*
`登陆天数: 26天 / 664天
等级: 130
石头: 4065
呼符: 301
体力: 29.22333333333333 / 138
友情点: 0 / 433290`
_2024-06-18 04:34:23_
--------
*bc95202f8a6c411fb459fd1d90136b48*
`登陆天数: 26天 / 664天
等级: 130
石头: 4074
呼符: 314
体力: 29.193333333333328 / 138
友情点: 0 / 435180`
_2024-06-18 04:34:31_
--------
*84e511d3b9050df696b341d6cf467682*
`登陆天数: 26天 / 664天
等级: 130
石头: 4062
呼符: 329
体力: 29.16666666666667 / 138
友情点: 0 / 437170`
_2024-06-18 04:34:39_
--------
*c1720cef566066c09ed6cb8ad33d2115*
`登陆天数: 26天 / 664天
等级: 130
石头: 4053
呼符: 311
体力: 29.14 / 138
友情点: 0 / 433635`
_2024-06-18 04:34:47_
--------
*75680fb620250ca121cdf9bd00dd17e3*
`登陆天数: 26天 / 663天
等级: 130
石头: 4057
呼符: 331
体力: 29.11 / 138
友情点: 0 / 435150`
_2024-06-18 04:34:55_
--------
*1fa5b08e00be736964265ff10378b7b8*
`登陆天数: 26天 / 664天
等级: 130
石头: 4064
呼符: 279
体力: 29.08333333333333 / 138
友情点: 0 / 434855`
_2024-06-18 04:35:03_
--------
*f6efb293ae15335e2f88e845b8412945*
`登陆天数: 26天 / 664天
等级: 130
石头: 4065
呼符: 141
体力: 29.063333333333333 / 138
友情点: 0 / 434980`
_2024-06-18 04:35:11_
--------
*a16f17c4f7beadcf3026c040a402f437*
`登陆天数: 26天 / 664天
等级: 130
石头: 4067
呼符: 305
体力: 29.03666666666666 / 138
友情点: 0 / 433695`
_2024-06-18 04:35:19_
--------
*fa97e883b50497cc426992179372e528*
`登陆天数: 26天 / 664天
等级: 130
石头: 4063
呼符: 312
体力: 29.010000000000005 / 138
友情点: 0 / 434345`
_2024-06-18 04:35:27_
--------
*424c015788bf721b6eb52e620d5734a1*
`登陆天数: 26天 / 664天
等级: 130
石头: 4062
呼符: 270
体力: 28.983333333333334 / 138
友情点: 0 / 433845`
_2024-06-18 04:35:35_
--------
*ce75ccbd4a0fa096f86e241fe3e0f4e0*
`登陆天数: 26天 / 664天
等级: 130
石头: 4022
呼符: 222
体力: 28.956666666666663 / 138
友情点: 0 / 436405`
_2024-06-18 04:35:43_
--------
*d30daa05af17a6001363749b704b1e75*
`登陆天数: 26天 / 663天
等级: 130
石头: 4068
呼符: 217
体力: 28.930000000000007 / 138
友情点: 0 / 434075`
_2024-06-18 04:35:51_
--------
*d41b57d54db27168302dc6a70ef35ae0*
`登陆天数: 26天 / 664天
等级: 130
石头: 4062
呼符: 216
体力: 28.903333333333336 / 138
友情点: 0 / 433920`
_2024-06-18 04:35:59_
--------
*6581e887a9bd1869ef684d777398d087*
`登陆天数: 26天 / 663天
等级: 130
石头: 4062
呼符: 182
体力: 28.876666666666665 / 138
友情点: 0 / 434370`
_2024-06-18 04:36:07_
--------
*9c9c52bf5ca36e1c9bd3c8788dd79c1d*
`登陆天数: 26天 / 664天
等级: 130
石头: 4066
呼符: 259
体力: 28.85333333333334 / 138
友情点: 0 / 433945`
_2024-06-18 04:36:16_
--------
*c338c608c148c5bfb510c0920d7a206e*
`登陆天数: 26天 / 664天
等级: 130
石头: 4055
呼符: 141
体力: 28.826666666666668 / 138
友情点: 0 / 434575`
_2024-06-18 04:36:24_
--------
*055150bedf999f0ab9ee6d92a6f60a23*
`登陆天数: 26天 / 663天
等级: 130
石头: 4063
呼符: 34
体力: 28.799999999999997 / 138
友情点: 0 / 434250`
_2024-06-18 04:36:32_
--------
*8d8529a06c432a86b5f7b5bf98414651*
`登陆天数: 26天 / 664天
等级: 130
石头: 4056
呼符: 244
体力: 28.773333333333326 / 138
友情点: 0 / 434515`
_2024-06-18 04:36:40_
--------
*a53173e99946b2ca07845684581f7fba*
`登陆天数: 26天 / 664天
等级: 130
石头: 4066
呼符: 308
体力: 28.74666666666667 / 138
友情点: 0 / 435925`
_2024-06-18 04:36:48_
--------
*4f087873041c99d3211981a3207bb123*
`登陆天数: 26天 / 664天
等级: 130
石头: 4060
呼符: 298
体力: 28.71666666666667 / 138
友情点: 0 / 435080`
_2024-06-18 04:36:56_
--------
*30e736e700eadc2034fef2803be2a324*
`登陆天数: 26天 / 663天
等级: 130
石头: 4039
呼符: 267
体力: 28.696666666666673 / 138
友情点: 0 / 434520`
_2024-06-18 04:37:04_
--------
*512fb528b1126f5d36bdb0b5f6ec6820*
`登陆天数: 26天 / 663天
等级: 130
石头: 4066
呼符: 230
体力: 28.66666666666667 / 138
友情点: 0 / 435010`
_2024-06-18 04:37:12_
--------
*4f1ba2e02c7b1c2a1bb3b7083fd0de18*
`登陆天数: 26天 / 663天
等级: 130
石头: 4056
呼符: 171
体力: 28.64 / 138
友情点: 0 / 435045`
_2024-06-18 04:37:20_
--------
*dbfe11112ed7066aaad81e3ab49a527a*
`登陆天数: 26天 / 664天
等级: 130
石头: 4066
呼符: 334
体力: 28.61333333333333 / 138
友情点: 0 / 434950`
_2024-06-18 04:37:29_
--------
*a8abf88d0e28dbdf3d4c57e5ec1a39eb*
`登陆天数: 26天 / 664天
等级: 130
石头: 3999
呼符: 219
体力: 19349.773333333334 / 138
友情点: 0 / 466865`
_2024-06-18 04:37:37_
--------
