【登录信息】
*d89f8c204c69e18eb4c8ab2bfd7052bf*
`登陆天数: 28天 / 665天
等级: 130
石头: 4081
呼符: 129
体力: 30.093333333333334 / 138
友情点: 0 / 422175`
_2024-06-20 04:29:49_
--------
*256f7efc8a3eb0c357e618a50d7ba6a7*
`登陆天数: 28天 / 666天
等级: 130
石头: 4077
呼符: 210
体力: 30.060000000000002 / 138
友情点: 0 / 422215`
_2024-06-20 04:29:58_
--------
*5200cf7580472edf02e679fa8b070782*
`登陆天数: 28天 / 666天
等级: 130
石头: 4071
呼符: 89
体力: 30.02666666666667 / 138
友情点: 0 / 424190`
_2024-06-20 04:30:06_
--------
*cba187ca45316b5bbf933f4d532b88bb*
`登陆天数: 28天 / 665天
等级: 130
石头: 4071
呼符: 332
体力: 30.0 / 138
友情点: 0 / 422220`
_2024-06-20 04:30:14_
--------
*10287014680edb487ac4a9fcb66f38cd*
`登陆天数: 28天 / 665天
等级: 130
石头: 4074
呼符: 296
体力: 29.97 / 138
友情点: 0 / 423580`
_2024-06-20 04:30:22_
--------
*4c60379c9822b14f3e8fc49ea3daf7b5*
`登陆天数: 28天 / 666天
等级: 130
石头: 4070
呼符: 294
体力: 29.939999999999998 / 138
友情点: 0 / 421745`
_2024-06-20 04:30:31_
--------
*1d21267976fffd99e99b3a40d34f01ff*
`登陆天数: 28天 / 666天
等级: 130
石头: 4076
呼符: 301
体力: 29.913333333333327 / 138
友情点: 0 / 421980`
_2024-06-20 04:30:39_
--------
*5dfe2feea6109e9f4055c4177dc5b296*
`登陆天数: 28天 / 665天
等级: 130
石头: 4063
呼符: 184
体力: 29.879999999999995 / 138
友情点: 0 / 424375`
_2024-06-20 04:30:47_
--------
*aa79eec895b6dc6bd9b118b91bcc8007*
`登陆天数: 28天 / 666天
等级: 130
石头: 4027
呼符: 243
体力: 29.849999999999994 / 138
友情点: 0 / 423110`
_2024-06-20 04:30:56_
--------
*fe1b5719142e0def510601f75a923478*
`登陆天数: 28天 / 666天
等级: 130
石头: 4029
呼符: 207
体力: 29.823333333333338 / 138
友情点: 0 / 424110`
_2024-06-20 04:31:04_
--------
*a61c98021471edbd6fb0c28ea6157771*
`登陆天数: 28天 / 665天
等级: 130
石头: 4075
呼符: 113
体力: 29.790000000000006 / 138
友情点: 0 / 422490`
_2024-06-20 04:31:12_
--------
*f68afc8db8a20e68fede3ce0eb051643*
`登陆天数: 28天 / 665天
等级: 130
石头: 4074
呼符: 314
体力: 29.763333333333335 / 138
友情点: 0 / 421775`
_2024-06-20 04:31:21_
--------
*96f09493e536b95e20eef72b5d75aad2*
`登陆天数: 28天 / 666天
等级: 130
石头: 4074
呼符: 36
体力: 29.733333333333334 / 138
友情点: 0 / 421895`
_2024-06-20 04:31:29_
--------
*c2fe5d8f5b8ab63169f93b8e6d3583ee*
`登陆天数: 28天 / 665天
等级: 130
石头: 4078
呼符: 304
体力: 29.696666666666673 / 138
友情点: 0 / 421550`
_2024-06-20 04:31:37_
--------
*1040737458e6705ede13fadbbee4c11c*
`登陆天数: 28天 / 666天
等级: 130
石头: 4061
呼符: 319
体力: 29.66666666666667 / 138
友情点: 0 / 423525`
_2024-06-20 04:31:46_
--------
*8856cc989f89a674e8df906edf7c73d6*
`登陆天数: 28天 / 666天
等级: 130
石头: 4073
呼符: 150
体力: 29.64 / 138
友情点: 0 / 422180`
_2024-06-20 04:31:54_
--------
*e4086cdac15a356d465a36be5669d5e3*
`登陆天数: 28天 / 666天
等级: 130
石头: 4063
呼符: 263
体力: 29.60666666666667 / 138
友情点: 0 / 422705`
_2024-06-20 04:32:02_
--------
*8cc4a05638a389dd82d724bb088b89d4*
`登陆天数: 28天 / 665天
等级: 130
石头: 4074
呼符: 325
体力: 29.573333333333338 / 138
友情点: 0 / 424155`
_2024-06-20 04:32:10_
--------
*87b0a0863f483a15dac90f7abf71cef7*
`登陆天数: 28天 / 666天
等级: 130
石头: 4070
呼符: 36
体力: 29.540000000000006 / 138
友情点: 0 / 423125`
_2024-06-20 04:32:19_
--------
*b2c9ff82825eb9a4153f9605e1a18b7e*
`登陆天数: 28天 / 666天
等级: 130
石头: 4071
呼符: 224
体力: 29.513333333333335 / 138
友情点: 0 / 423160`
_2024-06-20 04:32:27_
--------
*088c36a888bd00446bc52e3bd448dc3b*
`登陆天数: 28天 / 665天
等级: 130
石头: 4074
呼符: 288
体力: 29.483333333333334 / 138
友情点: 0 / 421410`
_2024-06-20 04:32:35_
--------
*8778926278eab24e1ab9ad3ac42077ea*
`登陆天数: 28天 / 665天
等级: 130
石头: 4071
呼符: 93
体力: 29.443333333333328 / 138
友情点: 0 / 422095`
_2024-06-20 04:32:43_
--------
*cc2e053e6739c579faa05309cb2f1fb7*
`登陆天数: 28天 / 666天
等级: 130
石头: 4073
呼符: 215
体力: 29.413333333333327 / 138
友情点: 0 / 422315`
_2024-06-20 04:32:51_
--------
*6fa2036a4774ebaccd025a8ec197b8de*
`登陆天数: 28天 / 666天
等级: 130
石头: 4059
呼符: 258
体力: 29.38333333333334 / 138
友情点: 0 / 421790`
_2024-06-20 04:32:59_
--------
*fa3bb85caa8a786accfda79769c5ac4d*
`登陆天数: 28天 / 666天
等级: 130
石头: 4070
呼符: 270
体力: 29.346666666666664 / 138
友情点: 0 / 421630`
_2024-06-20 04:33:07_
--------
*f14a91b9687476eb6630dc736b97a24c*
`登陆天数: 28天 / 666天
等级: 130
石头: 4073
呼符: 302
体力: 29.319999999999993 / 138
友情点: 0 / 421290`
_2024-06-20 04:33:15_
--------
*bc95202f8a6c411fb459fd1d90136b48*
`登陆天数: 28天 / 666天
等级: 130
石头: 4082
呼符: 315
体力: 29.293333333333337 / 138
友情点: 0 / 423180`
_2024-06-20 04:33:23_
--------
*84e511d3b9050df696b341d6cf467682*
`登陆天数: 28天 / 666天
等级: 130
石头: 4070
呼符: 330
体力: 29.25 / 138
友情点: 0 / 425170`
_2024-06-20 04:33:31_
--------
*c1720cef566066c09ed6cb8ad33d2115*
`登陆天数: 28天 / 666天
等级: 130
石头: 4061
呼符: 312
体力: 29.21666666666667 / 138
友情点: 0 / 421635`
_2024-06-20 04:33:40_
--------
*75680fb620250ca121cdf9bd00dd17e3*
`登陆天数: 28天 / 665天
等级: 130
石头: 4065
呼符: 332
体力: 29.189999999999998 / 138
友情点: 0 / 423150`
_2024-06-20 04:33:48_
--------
*1fa5b08e00be736964265ff10378b7b8*
`登陆天数: 28天 / 666天
等级: 130
石头: 4072
呼符: 280
体力: 29.159999999999997 / 138
友情点: 0 / 422855`
_2024-06-20 04:33:55_
--------
*f6efb293ae15335e2f88e845b8412945*
`登陆天数: 28天 / 666天
等级: 130
石头: 4073
呼符: 142
体力: 29.129999999999995 / 138
友情点: 0 / 422980`
_2024-06-20 04:34:04_
--------
*a16f17c4f7beadcf3026c040a402f437*
`登陆天数: 28天 / 666天
等级: 130
石头: 4075
呼符: 306
体力: 29.099999999999994 / 138
友情点: 0 / 421695`
_2024-06-20 04:34:12_
--------
*fa97e883b50497cc426992179372e528*
`登陆天数: 28天 / 666天
等级: 130
石头: 4071
呼符: 313
体力: 29.073333333333338 / 138
友情点: 0 / 422345`
_2024-06-20 04:34:20_
--------
*424c015788bf721b6eb52e620d5734a1*
`登陆天数: 28天 / 666天
等级: 130
石头: 4070
呼符: 271
体力: 29.043333333333337 / 138
友情点: 0 / 421845`
_2024-06-20 04:34:28_
--------
*ce75ccbd4a0fa096f86e241fe3e0f4e0*
`登陆天数: 28天 / 666天
等级: 130
石头: 4030
呼符: 223
体力: 29.010000000000005 / 138
友情点: 0 / 424405`
_2024-06-20 04:34:36_
--------
*d30daa05af17a6001363749b704b1e75*
`登陆天数: 28天 / 665天
等级: 130
石头: 4076
呼符: 218
体力: 28.983333333333334 / 138
友情点: 0 / 422075`
_2024-06-20 04:34:44_
--------
*d41b57d54db27168302dc6a70ef35ae0*
`登陆天数: 28天 / 666天
等级: 130
石头: 4070
呼符: 217
体力: 28.950000000000003 / 138
友情点: 0 / 421920`
_2024-06-20 04:34:52_
--------
*6581e887a9bd1869ef684d777398d087*
`登陆天数: 28天 / 665天
等级: 130
石头: 4070
呼符: 183
体力: 28.92 / 138
友情点: 0 / 422370`
_2024-06-20 04:35:00_
--------
*9c9c52bf5ca36e1c9bd3c8788dd79c1d*
`登陆天数: 28天 / 666天
等级: 130
石头: 4074
呼符: 260
体力: 28.89333333333333 / 138
友情点: 0 / 421945`
_2024-06-20 04:35:09_
--------
*c338c608c148c5bfb510c0920d7a206e*
`登陆天数: 28天 / 666天
等级: 130
石头: 4063
呼符: 142
体力: 28.86 / 138
友情点: 0 / 422575`
_2024-06-20 04:35:17_
--------
*055150bedf999f0ab9ee6d92a6f60a23*
`登陆天数: 28天 / 665天
等级: 130
石头: 4071
呼符: 35
体力: 28.83 / 138
友情点: 0 / 422250`
_2024-06-20 04:35:25_
--------
*8d8529a06c432a86b5f7b5bf98414651*
`登陆天数: 28天 / 666天
等级: 130
石头: 4064
呼符: 245
体力: 28.799999999999997 / 138
友情点: 0 / 422515`
_2024-06-20 04:35:34_
--------
*a53173e99946b2ca07845684581f7fba*
`登陆天数: 28天 / 666天
等级: 130
石头: 4074
呼符: 309
体力: 28.766666666666666 / 138
友情点: 0 / 423925`
_2024-06-20 04:35:42_
--------
*4f087873041c99d3211981a3207bb123*
`登陆天数: 28天 / 666天
等级: 130
石头: 4068
呼符: 299
体力: 28.736666666666665 / 138
友情点: 0 / 423080`
_2024-06-20 04:35:50_
--------
*30e736e700eadc2034fef2803be2a324*
`登陆天数: 28天 / 665天
等级: 130
石头: 4047
呼符: 268
体力: 28.706666666666663 / 138
友情点: 0 / 422520`
_2024-06-20 04:35:58_
--------
*512fb528b1126f5d36bdb0b5f6ec6820*
`登陆天数: 28天 / 665天
等级: 130
石头: 4074
呼符: 231
体力: 28.676666666666662 / 138
友情点: 0 / 423010`
_2024-06-20 04:36:06_
--------
*4f1ba2e02c7b1c2a1bb3b7083fd0de18*
`登陆天数: 28天 / 665天
等级: 130
石头: 4064
呼符: 172
体力: 28.64666666666666 / 138
友情点: 0 / 423045`
_2024-06-20 04:36:15_
--------
*dbfe11112ed7066aaad81e3ab49a527a*
`登陆天数: 28天 / 666天
等级: 130
石头: 4074
呼符: 335
体力: 28.61666666666666 / 138
友情点: 0 / 422950`
_2024-06-20 04:36:23_
--------
*a8abf88d0e28dbdf3d4c57e5ec1a39eb*
`登陆天数: 28天 / 666天
等级: 130
石头: 3999
呼符: 219
体力: 19925.556666666667 / 138
友情点: 0 / 466865`
_2024-06-20 04:36:32_
--------
