【登录信息】
*d89f8c204c69e18eb4c8ab2bfd7052bf*
`登陆天数: 29天 / 666天
等级: 130
石头: 4081
呼符: 129
体力: 30.013333333333335 / 138
友情点: 0 / 418175`
_2024-06-21 04:31:25_
--------
*256f7efc8a3eb0c357e618a50d7ba6a7*
`登陆天数: 29天 / 667天
等级: 130
石头: 4077
呼符: 210
体力: 29.986666666666665 / 138
友情点: 0 / 418215`
_2024-06-21 04:31:33_
--------
*5200cf7580472edf02e679fa8b070782*
`登陆天数: 29天 / 667天
等级: 130
石头: 4071
呼符: 89
体力: 29.959999999999994 / 138
友情点: 0 / 420190`
_2024-06-21 04:31:41_
--------
*cba187ca45316b5bbf933f4d532b88bb*
`登陆天数: 29天 / 666天
等级: 130
石头: 4071
呼符: 332
体力: 29.933333333333337 / 138
友情点: 0 / 418220`
_2024-06-21 04:31:48_
--------
*10287014680edb487ac4a9fcb66f38cd*
`登陆天数: 29天 / 666天
等级: 130
石头: 4074
呼符: 296
体力: 29.906666666666666 / 138
友情点: 0 / 419580`
_2024-06-21 04:31:56_
--------
*4c60379c9822b14f3e8fc49ea3daf7b5*
`登陆天数: 29天 / 667天
等级: 130
石头: 4070
呼符: 294
体力: 29.879999999999995 / 138
友情点: 0 / 417745`
_2024-06-21 04:32:04_
--------
*1d21267976fffd99e99b3a40d34f01ff*
`登陆天数: 29天 / 667天
等级: 130
石头: 4076
呼符: 301
体力: 29.85333333333334 / 138
友情点: 0 / 417980`
_2024-06-21 04:32:12_
--------
*5dfe2feea6109e9f4055c4177dc5b296*
`登陆天数: 29天 / 666天
等级: 130
石头: 4063
呼符: 184
体力: 29.826666666666668 / 138
友情点: 0 / 420375`
_2024-06-21 04:32:20_
--------
*aa79eec895b6dc6bd9b118b91bcc8007*
`登陆天数: 29天 / 667天
等级: 130
石头: 4027
呼符: 243
体力: 29.799999999999997 / 138
友情点: 0 / 419110`
_2024-06-21 04:32:28_
--------
*fe1b5719142e0def510601f75a923478*
`登陆天数: 29天 / 667天
等级: 130
石头: 4029
呼符: 207
体力: 29.773333333333326 / 138
友情点: 0 / 420110`
_2024-06-21 04:32:37_
--------
*a61c98021471edbd6fb0c28ea6157771*
`登陆天数: 29天 / 666天
等级: 130
石头: 4075
呼符: 113
体力: 29.75 / 138
友情点: 0 / 418490`
_2024-06-21 04:32:45_
--------
*f68afc8db8a20e68fede3ce0eb051643*
`登陆天数: 29天 / 666天
等级: 130
石头: 4074
呼符: 314
体力: 29.72333333333333 / 138
友情点: 0 / 417775`
_2024-06-21 04:32:53_
--------
*96f09493e536b95e20eef72b5d75aad2*
`登陆天数: 29天 / 667天
等级: 130
石头: 4074
呼符: 36
体力: 29.696666666666673 / 138
友情点: 0 / 417895`
_2024-06-21 04:33:01_
--------
*c2fe5d8f5b8ab63169f93b8e6d3583ee*
`登陆天数: 29天 / 666天
等级: 130
石头: 4078
呼符: 304
体力: 29.67 / 138
友情点: 0 / 417550`
_2024-06-21 04:33:09_
--------
*1040737458e6705ede13fadbbee4c11c*
`登陆天数: 29天 / 667天
等级: 130
石头: 4061
呼符: 319
体力: 29.64333333333333 / 138
友情点: 0 / 419525`
_2024-06-21 04:33:17_
--------
*8856cc989f89a674e8df906edf7c73d6*
`登陆天数: 29天 / 667天
等级: 130
石头: 4073
呼符: 150
体力: 29.620000000000005 / 138
友情点: 0 / 418180`
_2024-06-21 04:33:26_
--------
*e4086cdac15a356d465a36be5669d5e3*
`登陆天数: 29天 / 667天
等级: 130
石头: 4063
呼符: 263
体力: 29.590000000000003 / 138
友情点: 0 / 418705`
_2024-06-21 04:33:34_
--------
*8cc4a05638a389dd82d724bb088b89d4*
`登陆天数: 29天 / 666天
等级: 130
石头: 4074
呼符: 325
体力: 29.566666666666663 / 138
友情点: 0 / 420155`
_2024-06-21 04:33:41_
--------
*87b0a0863f483a15dac90f7abf71cef7*
`登陆天数: 29天 / 667天
等级: 130
石头: 4070
呼符: 36
体力: 29.540000000000006 / 138
友情点: 0 / 419125`
_2024-06-21 04:33:49_
--------
*b2c9ff82825eb9a4153f9605e1a18b7e*
`登陆天数: 29天 / 667天
等级: 130
石头: 4071
呼符: 224
体力: 29.513333333333335 / 138
友情点: 0 / 419160`
_2024-06-21 04:33:57_
--------
*088c36a888bd00446bc52e3bd448dc3b*
`登陆天数: 29天 / 666天
等级: 130
石头: 4074
呼符: 288
体力: 29.486666666666665 / 138
友情点: 0 / 417410`
_2024-06-21 04:34:05_
--------
*8778926278eab24e1ab9ad3ac42077ea*
`登陆天数: 29天 / 666天
等级: 130
石头: 4071
呼符: 93
体力: 29.456666666666663 / 138
友情点: 0 / 418095`
_2024-06-21 04:34:13_
--------
*cc2e053e6739c579faa05309cb2f1fb7*
`登陆天数: 29天 / 667天
等级: 130
石头: 4073
呼符: 215
体力: 29.430000000000007 / 138
友情点: 0 / 418315`
_2024-06-21 04:34:21_
--------
*6fa2036a4774ebaccd025a8ec197b8de*
`登陆天数: 29天 / 667天
等级: 130
石头: 4059
呼符: 258
体力: 29.406666666666666 / 138
友情点: 0 / 417790`
_2024-06-21 04:34:29_
--------
*fa3bb85caa8a786accfda79769c5ac4d*
`登陆天数: 29天 / 667天
等级: 130
石头: 4070
呼符: 270
体力: 29.379999999999995 / 138
友情点: 0 / 417630`
_2024-06-21 04:34:37_
--------
*f14a91b9687476eb6630dc736b97a24c*
`登陆天数: 29天 / 667天
等级: 130
石头: 4073
呼符: 302
体力: 29.349999999999994 / 138
友情点: 0 / 417290`
_2024-06-21 04:34:45_
--------
*bc95202f8a6c411fb459fd1d90136b48*
`登陆天数: 29天 / 667天
等级: 130
石头: 4082
呼符: 315
体力: 29.323333333333338 / 138
友情点: 0 / 419180`
_2024-06-21 04:34:53_
--------
*84e511d3b9050df696b341d6cf467682*
`登陆天数: 29天 / 667天
等级: 130
石头: 4070
呼符: 330
体力: 29.296666666666667 / 138
友情点: 0 / 421170`
_2024-06-21 04:35:01_
--------
*c1720cef566066c09ed6cb8ad33d2115*
`登陆天数: 29天 / 667天
等级: 130
石头: 4061
呼符: 312
体力: 29.269999999999996 / 138
友情点: 0 / 417635`
_2024-06-21 04:35:09_
--------
*75680fb620250ca121cdf9bd00dd17e3*
`登陆天数: 29天 / 666天
等级: 130
石头: 4065
呼符: 332
体力: 29.24333333333334 / 138
友情点: 0 / 419150`
_2024-06-21 04:35:17_
--------
*1fa5b08e00be736964265ff10378b7b8*
`登陆天数: 29天 / 667天
等级: 130
石头: 4072
呼符: 280
体力: 29.21666666666667 / 138
友情点: 0 / 418855`
_2024-06-21 04:35:24_
--------
*f6efb293ae15335e2f88e845b8412945*
`登陆天数: 29天 / 667天
等级: 130
石头: 4073
呼符: 142
体力: 29.196666666666673 / 138
友情点: 0 / 418980`
_2024-06-21 04:35:33_
--------
*a16f17c4f7beadcf3026c040a402f437*
`登陆天数: 29天 / 667天
等级: 130
石头: 4075
呼符: 306
体力: 29.17 / 138
友情点: 0 / 417695`
_2024-06-21 04:35:41_
--------
*fa97e883b50497cc426992179372e528*
`登陆天数: 29天 / 667天
等级: 130
石头: 4071
呼符: 313
体力: 29.14333333333333 / 138
友情点: 0 / 418345`
_2024-06-21 04:35:49_
--------
*424c015788bf721b6eb52e620d5734a1*
`登陆天数: 29天 / 667天
等级: 130
石头: 4070
呼符: 271
体力: 29.11666666666666 / 138
友情点: 0 / 417845`
_2024-06-21 04:35:57_
--------
*ce75ccbd4a0fa096f86e241fe3e0f4e0*
`登陆天数: 29天 / 667天
等级: 130
石头: 4030
呼符: 223
体力: 29.090000000000003 / 138
友情点: 0 / 420405`
_2024-06-21 04:36:05_
--------
*d30daa05af17a6001363749b704b1e75*
`登陆天数: 29天 / 666天
等级: 130
石头: 4076
呼符: 218
体力: 29.063333333333333 / 138
友情点: 0 / 418075`
_2024-06-21 04:36:13_
--------
*d41b57d54db27168302dc6a70ef35ae0*
`登陆天数: 29天 / 667天
等级: 130
石头: 4070
呼符: 217
体力: 29.03666666666666 / 138
友情点: 0 / 417920`
_2024-06-21 04:36:21_
--------
*6581e887a9bd1869ef684d777398d087*
`登陆天数: 29天 / 666天
等级: 130
石头: 4070
呼符: 183
体力: 29.010000000000005 / 138
友情点: 0 / 418370`
_2024-06-21 04:36:30_
--------
*9c9c52bf5ca36e1c9bd3c8788dd79c1d*
`登陆天数: 29天 / 667天
等级: 130
石头: 4074
呼符: 260
体力: 28.980000000000004 / 138
友情点: 0 / 417945`
_2024-06-21 04:36:38_
--------
*c338c608c148c5bfb510c0920d7a206e*
`登陆天数: 29天 / 667天
等级: 130
石头: 4063
呼符: 142
体力: 28.953333333333333 / 138
友情点: 0 / 418575`
_2024-06-21 04:36:46_
--------
*055150bedf999f0ab9ee6d92a6f60a23*
`登陆天数: 29天 / 666天
等级: 130
石头: 4071
呼符: 35
体力: 28.926666666666662 / 138
友情点: 0 / 418250`
_2024-06-21 04:36:53_
--------
*8d8529a06c432a86b5f7b5bf98414651*
`登陆天数: 29天 / 667天
等级: 130
石头: 4064
呼符: 245
体力: 28.900000000000006 / 138
友情点: 0 / 418515`
_2024-06-21 04:37:01_
--------
*a53173e99946b2ca07845684581f7fba*
`登陆天数: 29天 / 667天
等级: 130
石头: 4074
呼符: 309
体力: 28.870000000000005 / 138
友情点: 0 / 419925`
_2024-06-21 04:37:09_
--------
*4f087873041c99d3211981a3207bb123*
`登陆天数: 29天 / 667天
等级: 130
石头: 4068
呼符: 299
体力: 28.843333333333334 / 138
友情点: 0 / 419080`
_2024-06-21 04:37:16_
--------
*30e736e700eadc2034fef2803be2a324*
`登陆天数: 29天 / 666天
等级: 130
石头: 4047
呼符: 268
体力: 28.816666666666663 / 138
友情点: 0 / 418520`
_2024-06-21 04:37:24_
--------
*512fb528b1126f5d36bdb0b5f6ec6820*
`登陆天数: 29天 / 666天
等级: 130
石头: 4074
呼符: 231
体力: 28.790000000000006 / 138
友情点: 0 / 419010`
_2024-06-21 04:37:32_
--------
*4f1ba2e02c7b1c2a1bb3b7083fd0de18*
`登陆天数: 29天 / 666天
等级: 130
石头: 4064
呼符: 172
体力: 28.763333333333335 / 138
友情点: 0 / 419045`
_2024-06-21 04:37:40_
--------
*dbfe11112ed7066aaad81e3ab49a527a*
`登陆天数: 29天 / 667天
等级: 130
石头: 4074
呼符: 335
体力: 28.736666666666665 / 138
友情点: 0 / 418950`
_2024-06-21 04:37:48_
--------
*a8abf88d0e28dbdf3d4c57e5ec1a39eb*
`登陆天数: 29天 / 667天
等级: 130
石头: 3999
呼符: 219
体力: 20213.836666666666 / 138
友情点: 0 / 466865`
_2024-06-21 04:37:56_
--------
