【登录信息】
*d89f8c204c69e18eb4c8ab2bfd7052bf*
`登陆天数: 30天 / 667天
等级: 130
石头: 4082
呼符: 130
体力: 29.63666666666667 / 138
友情点: 0 / 412175`
_2024-06-22 04:29:45_
--------
*256f7efc8a3eb0c357e618a50d7ba6a7*
`登陆天数: 30天 / 668天
等级: 130
石头: 4078
呼符: 211
体力: 29.60666666666667 / 138
友情点: 0 / 412215`
_2024-06-22 04:29:52_
--------
*5200cf7580472edf02e679fa8b070782*
`登陆天数: 30天 / 668天
等级: 130
石头: 4072
呼符: 90
体力: 29.58333333333333 / 138
友情点: 0 / 414190`
_2024-06-22 04:30:00_
--------
*cba187ca45316b5bbf933f4d532b88bb*
`登陆天数: 30天 / 667天
等级: 130
石头: 4072
呼符: 333
体力: 29.553333333333327 / 138
友情点: 0 / 412220`
_2024-06-22 04:30:08_
--------
*10287014680edb487ac4a9fcb66f38cd*
`登陆天数: 30天 / 667天
等级: 130
石头: 4075
呼符: 297
体力: 29.52666666666667 / 138
友情点: 0 / 413580`
_2024-06-22 04:30:16_
--------
*4c60379c9822b14f3e8fc49ea3daf7b5*
`登陆天数: 30天 / 668天
等级: 130
石头: 4071
呼符: 295
体力: 29.49666666666667 / 138
友情点: 0 / 411745`
_2024-06-22 04:30:23_
--------
*1d21267976fffd99e99b3a40d34f01ff*
`登陆天数: 30天 / 668天
等级: 130
石头: 4077
呼符: 302
体力: 29.46666666666667 / 138
友情点: 0 / 411980`
_2024-06-22 04:30:31_
--------
*5dfe2feea6109e9f4055c4177dc5b296*
`登陆天数: 30天 / 667天
等级: 130
石头: 4064
呼符: 185
体力: 29.439999999999998 / 138
友情点: 0 / 414375`
_2024-06-22 04:30:39_
--------
*aa79eec895b6dc6bd9b118b91bcc8007*
`登陆天数: 30天 / 668天
等级: 130
石头: 4028
呼符: 244
体力: 29.413333333333327 / 138
友情点: 0 / 413110`
_2024-06-22 04:30:46_
--------
*fe1b5719142e0def510601f75a923478*
`登陆天数: 30天 / 668天
等级: 130
石头: 4030
呼符: 208
体力: 29.38666666666667 / 138
友情点: 0 / 414110`
_2024-06-22 04:30:54_
--------
*a61c98021471edbd6fb0c28ea6157771*
`登陆天数: 30天 / 667天
等级: 130
石头: 4076
呼符: 114
体力: 29.35666666666667 / 138
友情点: 0 / 412490`
_2024-06-22 04:31:02_
--------
*f68afc8db8a20e68fede3ce0eb051643*
`登陆天数: 30天 / 667天
等级: 130
石头: 4075
呼符: 315
体力: 29.326666666666668 / 138
友情点: 0 / 411775`
_2024-06-22 04:31:10_
--------
*96f09493e536b95e20eef72b5d75aad2*
`登陆天数: 30天 / 668天
等级: 130
石头: 4075
呼符: 37
体力: 29.299999999999997 / 138
友情点: 0 / 411895`
_2024-06-22 04:31:17_
--------
*c2fe5d8f5b8ab63169f93b8e6d3583ee*
`登陆天数: 30天 / 667天
等级: 130
石头: 4079
呼符: 305
体力: 29.269999999999996 / 138
友情点: 0 / 411550`
_2024-06-22 04:31:25_
--------
*1040737458e6705ede13fadbbee4c11c*
`登陆天数: 30天 / 668天
等级: 130
石头: 4062
呼符: 320
体力: 29.24333333333334 / 138
友情点: 0 / 413525`
_2024-06-22 04:31:32_
--------
*8856cc989f89a674e8df906edf7c73d6*
`登陆天数: 30天 / 668天
等级: 130
石头: 4074
呼符: 151
体力: 29.21333333333334 / 138
友情点: 0 / 412180`
_2024-06-22 04:31:40_
--------
*e4086cdac15a356d465a36be5669d5e3*
`登陆天数: 30天 / 668天
等级: 130
石头: 4064
呼符: 264
体力: 29.189999999999998 / 138
友情点: 0 / 412705`
_2024-06-22 04:31:48_
--------
*8cc4a05638a389dd82d724bb088b89d4*
`登陆天数: 30天 / 667天
等级: 130
石头: 4075
呼符: 326
体力: 29.163333333333327 / 138
友情点: 0 / 414155`
_2024-06-22 04:31:55_
--------
*87b0a0863f483a15dac90f7abf71cef7*
`登陆天数: 30天 / 668天
等级: 130
石头: 4071
呼符: 37
体力: 29.13333333333334 / 138
友情点: 0 / 413125`
_2024-06-22 04:32:03_
--------
*b2c9ff82825eb9a4153f9605e1a18b7e*
`登陆天数: 30天 / 668天
等级: 130
石头: 4072
呼符: 225
体力: 29.10333333333334 / 138
友情点: 0 / 413160`
_2024-06-22 04:32:11_
--------
*088c36a888bd00446bc52e3bd448dc3b*
`登陆天数: 30天 / 667天
等级: 130
石头: 4075
呼符: 289
体力: 29.076666666666668 / 138
友情点: 0 / 411410`
_2024-06-22 04:32:18_
--------
*8778926278eab24e1ab9ad3ac42077ea*
`登陆天数: 30天 / 667天
等级: 130
石头: 4072
呼符: 94
体力: 29.046666666666667 / 138
友情点: 0 / 412095`
_2024-06-22 04:32:26_
--------
*cc2e053e6739c579faa05309cb2f1fb7*
`登陆天数: 30天 / 668天
等级: 130
石头: 4074
呼符: 216
体力: 29.019999999999996 / 138
友情点: 0 / 412315`
_2024-06-22 04:32:33_
--------
*6fa2036a4774ebaccd025a8ec197b8de*
`登陆天数: 30天 / 668天
等级: 130
石头: 4060
呼符: 259
体力: 28.99333333333334 / 138
友情点: 0 / 411790`
_2024-06-22 04:32:41_
--------
*fa3bb85caa8a786accfda79769c5ac4d*
`登陆天数: 30天 / 668天
等级: 130
石头: 4071
呼符: 271
体力: 28.97 / 138
友情点: 0 / 411630`
_2024-06-22 04:32:49_
--------
*f14a91b9687476eb6630dc736b97a24c*
`登陆天数: 30天 / 668天
等级: 130
石头: 4074
呼符: 303
体力: 28.939999999999998 / 138
友情点: 0 / 411290`
_2024-06-22 04:32:57_
--------
*bc95202f8a6c411fb459fd1d90136b48*
`登陆天数: 30天 / 668天
等级: 130
石头: 4083
呼符: 316
体力: 28.913333333333327 / 138
友情点: 0 / 413180`
_2024-06-22 04:33:05_
--------
*84e511d3b9050df696b341d6cf467682*
`登陆天数: 30天 / 668天
等级: 130
石头: 4071
呼符: 331
体力: 28.88666666666667 / 138
友情点: 0 / 415170`
_2024-06-22 04:33:12_
--------
*c1720cef566066c09ed6cb8ad33d2115*
`登陆天数: 30天 / 668天
等级: 130
石头: 4062
呼符: 313
体力: 28.85666666666667 / 138
友情点: 0 / 411635`
_2024-06-22 04:33:20_
--------
*75680fb620250ca121cdf9bd00dd17e3*
`登陆天数: 30天 / 667天
等级: 130
石头: 4066
呼符: 333
体力: 28.83 / 138
友情点: 0 / 413150`
_2024-06-22 04:33:27_
--------
*1fa5b08e00be736964265ff10378b7b8*
`登陆天数: 30天 / 668天
等级: 130
石头: 4073
呼符: 281
体力: 28.799999999999997 / 138
友情点: 0 / 412855`
_2024-06-22 04:33:35_
--------
*f6efb293ae15335e2f88e845b8412945*
`登陆天数: 30天 / 668天
等级: 130
石头: 4074
呼符: 143
体力: 28.773333333333326 / 138
友情点: 0 / 412980`
_2024-06-22 04:33:43_
--------
*a16f17c4f7beadcf3026c040a402f437*
`登陆天数: 30天 / 668天
等级: 130
石头: 4076
呼符: 307
体力: 28.74666666666667 / 138
友情点: 0 / 411695`
_2024-06-22 04:33:50_
--------
*fa97e883b50497cc426992179372e528*
`登陆天数: 30天 / 668天
等级: 130
石头: 4072
呼符: 314
体力: 28.71333333333334 / 138
友情点: 0 / 412345`
_2024-06-22 04:33:58_
--------
*424c015788bf721b6eb52e620d5734a1*
`登陆天数: 30天 / 668天
等级: 130
石头: 4071
呼符: 272
体力: 28.686666666666667 / 138
友情点: 0 / 411845`
_2024-06-22 04:34:06_
--------
*ce75ccbd4a0fa096f86e241fe3e0f4e0*
`登陆天数: 30天 / 668天
等级: 130
石头: 4031
呼符: 224
体力: 28.663333333333327 / 138
友情点: 0 / 414405`
_2024-06-22 04:34:13_
--------
*d30daa05af17a6001363749b704b1e75*
`登陆天数: 30天 / 667天
等级: 130
石头: 4077
呼符: 219
体力: 28.63333333333334 / 138
友情点: 0 / 412075`
_2024-06-22 04:34:21_
--------
*d41b57d54db27168302dc6a70ef35ae0*
`登陆天数: 30天 / 668天
等级: 130
石头: 4071
呼符: 218
体力: 28.60666666666667 / 138
友情点: 0 / 411920`
_2024-06-22 04:34:29_
--------
*6581e887a9bd1869ef684d777398d087*
`登陆天数: 30天 / 667天
等级: 130
石头: 4071
呼符: 184
体力: 28.58 / 138
友情点: 0 / 412370`
_2024-06-22 04:34:37_
--------
*9c9c52bf5ca36e1c9bd3c8788dd79c1d*
`登陆天数: 30天 / 668天
等级: 130
石头: 4075
呼符: 261
体力: 28.553333333333327 / 138
友情点: 0 / 411945`
_2024-06-22 04:34:44_
--------
*c338c608c148c5bfb510c0920d7a206e*
`登陆天数: 30天 / 668天
等级: 130
石头: 4064
呼符: 143
体力: 28.523333333333326 / 138
友情点: 0 / 412575`
_2024-06-22 04:34:52_
--------
*055150bedf999f0ab9ee6d92a6f60a23*
`登陆天数: 30天 / 667天
等级: 130
石头: 4072
呼符: 36
体力: 28.49666666666667 / 138
友情点: 0 / 412250`
_2024-06-22 04:35:00_
--------
*8d8529a06c432a86b5f7b5bf98414651*
`登陆天数: 30天 / 668天
等级: 130
石头: 4065
呼符: 246
体力: 28.47 / 138
友情点: 0 / 412515`
_2024-06-22 04:35:08_
--------
*a53173e99946b2ca07845684581f7fba*
`登陆天数: 30天 / 668天
等级: 130
石头: 4075
呼符: 310
体力: 28.439999999999998 / 138
友情点: 0 / 413925`
_2024-06-22 04:35:15_
--------
*4f087873041c99d3211981a3207bb123*
`登陆天数: 30天 / 668天
等级: 130
石头: 4069
呼符: 300
体力: 28.413333333333327 / 138
友情点: 0 / 413080`
_2024-06-22 04:35:23_
--------
*30e736e700eadc2034fef2803be2a324*
`登陆天数: 30天 / 667天
等级: 130
石头: 4048
呼符: 269
体力: 28.38666666666667 / 138
友情点: 0 / 412520`
_2024-06-22 04:35:30_
--------
*512fb528b1126f5d36bdb0b5f6ec6820*
`登陆天数: 30天 / 667天
等级: 130
石头: 4075
呼符: 232
体力: 28.36 / 138
友情点: 0 / 413010`
_2024-06-22 04:35:38_
--------
*4f1ba2e02c7b1c2a1bb3b7083fd0de18*
`登陆天数: 30天 / 667天
等级: 130
石头: 4065
呼符: 173
体力: 28.33 / 138
友情点: 0 / 413045`
_2024-06-22 04:35:46_
--------
*dbfe11112ed7066aaad81e3ab49a527a*
`登陆天数: 30天 / 668天
等级: 130
石头: 4075
呼符: 336
体力: 28.303333333333327 / 138
友情点: 0 / 412950`
_2024-06-22 04:35:54_
--------
*a8abf88d0e28dbdf3d4c57e5ec1a39eb*
`登陆天数: 30天 / 668天
等级: 130
石头: 3999
呼符: 219
体力: 20501.456666666665 / 138
友情点: 0 / 466865`
_2024-06-22 04:36:01_
--------
