【登录信息】
*d89f8c204c69e18eb4c8ab2bfd7052bf*
`登陆天数: 31天 / 668天
等级: 130
石头: 4083
呼符: 130
体力: 30.50666666666666 / 138
友情点: 0 / 406175`
_2024-06-23 04:30:37_
--------
*256f7efc8a3eb0c357e618a50d7ba6a7*
`登陆天数: 31天 / 669天
等级: 130
石头: 4079
呼符: 211
体力: 30.46333333333334 / 138
友情点: 0 / 406215`
_2024-06-23 04:30:45_
--------
*5200cf7580472edf02e679fa8b070782*
`登陆天数: 31天 / 669天
等级: 130
石头: 4073
呼符: 90
体力: 30.433333333333337 / 138
友情点: 0 / 408190`
_2024-06-23 04:30:53_
--------
*cba187ca45316b5bbf933f4d532b88bb*
`登陆天数: 31天 / 668天
等级: 130
石头: 4073
呼符: 333
体力: 30.400000000000006 / 138
友情点: 0 / 406220`
_2024-06-23 04:31:01_
--------
*10287014680edb487ac4a9fcb66f38cd*
`登陆天数: 31天 / 668天
等级: 130
石头: 4076
呼符: 297
体力: 30.370000000000005 / 138
友情点: 0 / 407580`
_2024-06-23 04:31:09_
--------
*4c60379c9822b14f3e8fc49ea3daf7b5*
`登陆天数: 31天 / 669天
等级: 130
石头: 4072
呼符: 295
体力: 30.343333333333334 / 138
友情点: 0 / 405745`
_2024-06-23 04:31:16_
--------
*1d21267976fffd99e99b3a40d34f01ff*
`登陆天数: 31天 / 669天
等级: 130
石头: 4078
呼符: 302
体力: 30.310000000000002 / 138
友情点: 0 / 405980`
_2024-06-23 04:31:24_
--------
*5dfe2feea6109e9f4055c4177dc5b296*
`登陆天数: 31天 / 668天
等级: 130
石头: 4065
呼符: 185
体力: 30.28 / 138
友情点: 0 / 408375`
_2024-06-23 04:31:31_
--------
*aa79eec895b6dc6bd9b118b91bcc8007*
`登陆天数: 31天 / 669天
等级: 130
石头: 4029
呼符: 244
体力: 30.25333333333333 / 138
友情点: 0 / 407110`
_2024-06-23 04:31:39_
--------
*fe1b5719142e0def510601f75a923478*
`登陆天数: 31天 / 669天
等级: 130
石头: 4031
呼符: 208
体力: 30.22333333333333 / 138
友情点: 0 / 408110`
_2024-06-23 04:31:47_
--------
*a61c98021471edbd6fb0c28ea6157771*
`登陆天数: 31天 / 668天
等级: 130
石头: 4077
呼符: 114
体力: 30.196666666666673 / 138
友情点: 0 / 406490`
_2024-06-23 04:31:55_
--------
*f68afc8db8a20e68fede3ce0eb051643*
`登陆天数: 31天 / 668天
等级: 130
石头: 4076
呼符: 315
体力: 30.163333333333327 / 138
友情点: 0 / 405775`
_2024-06-23 04:32:03_
--------
*96f09493e536b95e20eef72b5d75aad2*
`登陆天数: 31天 / 669天
等级: 130
石头: 4076
呼符: 37
体力: 30.129999999999995 / 138
友情点: 0 / 405895`
_2024-06-23 04:32:11_
--------
*c2fe5d8f5b8ab63169f93b8e6d3583ee*
`登陆天数: 31天 / 668天
等级: 130
石头: 4080
呼符: 305
体力: 30.096666666666664 / 138
友情点: 0 / 405550`
_2024-06-23 04:32:19_
--------
*1040737458e6705ede13fadbbee4c11c*
`登陆天数: 31天 / 669天
等级: 130
石头: 4063
呼符: 320
体力: 30.063333333333333 / 138
友情点: 0 / 407525`
_2024-06-23 04:32:26_
--------
*8856cc989f89a674e8df906edf7c73d6*
`登陆天数: 31天 / 669天
等级: 130
石头: 4075
呼符: 151
体力: 30.03 / 138
友情点: 0 / 406180`
_2024-06-23 04:32:34_
--------
*e4086cdac15a356d465a36be5669d5e3*
`登陆天数: 31天 / 669天
等级: 130
石头: 4065
呼符: 264
体力: 29.99333333333334 / 138
友情点: 0 / 406705`
_2024-06-23 04:32:42_
--------
*8cc4a05638a389dd82d724bb088b89d4*
`登陆天数: 31天 / 668天
等级: 130
石头: 4076
呼符: 326
体力: 29.96333333333334 / 138
友情点: 0 / 408155`
_2024-06-23 04:32:50_
--------
*87b0a0863f483a15dac90f7abf71cef7*
`登陆天数: 31天 / 669天
等级: 130
石头: 4072
呼符: 37
体力: 29.930000000000007 / 138
友情点: 0 / 407125`
_2024-06-23 04:32:58_
--------
*b2c9ff82825eb9a4153f9605e1a18b7e*
`登陆天数: 31天 / 669天
等级: 130
石头: 4073
呼符: 225
体力: 29.900000000000006 / 138
友情点: 0 / 407160`
_2024-06-23 04:33:05_
--------
*088c36a888bd00446bc52e3bd448dc3b*
`登陆天数: 31天 / 668天
等级: 130
石头: 4076
呼符: 289
体力: 29.870000000000005 / 138
友情点: 0 / 405410`
_2024-06-23 04:33:13_
--------
*8778926278eab24e1ab9ad3ac42077ea*
`登陆天数: 31天 / 668天
等级: 130
石头: 4073
呼符: 94
体力: 29.836666666666673 / 138
友情点: 0 / 406095`
_2024-06-23 04:33:21_
--------
*cc2e053e6739c579faa05309cb2f1fb7*
`登陆天数: 31天 / 669天
等级: 130
石头: 4075
呼符: 216
体力: 29.810000000000002 / 138
友情点: 0 / 406315`
_2024-06-23 04:33:28_
--------
*6fa2036a4774ebaccd025a8ec197b8de*
`登陆天数: 31天 / 669天
等级: 130
石头: 4061
呼符: 259
体力: 29.773333333333326 / 138
友情点: 0 / 405790`
_2024-06-23 04:33:36_
--------
*fa3bb85caa8a786accfda79769c5ac4d*
`登陆天数: 31天 / 669天
等级: 130
石头: 4072
呼符: 271
体力: 29.74666666666667 / 138
友情点: 0 / 405630`
_2024-06-23 04:33:44_
--------
*f14a91b9687476eb6630dc736b97a24c*
`登陆天数: 31天 / 669天
等级: 130
石头: 4075
呼符: 303
体力: 29.71666666666667 / 138
友情点: 0 / 405290`
_2024-06-23 04:33:52_
--------
*bc95202f8a6c411fb459fd1d90136b48*
`登陆天数: 31天 / 669天
等级: 130
石头: 4084
呼符: 316
体力: 29.686666666666667 / 138
友情点: 0 / 407180`
_2024-06-23 04:34:00_
--------
*84e511d3b9050df696b341d6cf467682*
`登陆天数: 31天 / 669天
等级: 130
石头: 4072
呼符: 331
体力: 29.656666666666666 / 138
友情点: 0 / 409170`
_2024-06-23 04:34:07_
--------
*c1720cef566066c09ed6cb8ad33d2115*
`登陆天数: 31天 / 669天
等级: 130
石头: 4063
呼符: 313
体力: 29.629999999999995 / 138
友情点: 0 / 405635`
_2024-06-23 04:34:15_
--------
*75680fb620250ca121cdf9bd00dd17e3*
`登陆天数: 31天 / 668天
等级: 130
石头: 4067
呼符: 333
体力: 29.599999999999994 / 138
友情点: 0 / 407150`
_2024-06-23 04:34:23_
--------
*1fa5b08e00be736964265ff10378b7b8*
`登陆天数: 31天 / 669天
等级: 130
石头: 4074
呼符: 281
体力: 29.573333333333338 / 138
友情点: 0 / 406855`
_2024-06-23 04:34:31_
--------
*f6efb293ae15335e2f88e845b8412945*
`登陆天数: 31天 / 669天
等级: 130
石头: 4075
呼符: 143
体力: 29.540000000000006 / 138
友情点: 0 / 406980`
_2024-06-23 04:34:39_
--------
*a16f17c4f7beadcf3026c040a402f437*
`登陆天数: 31天 / 669天
等级: 130
石头: 4077
呼符: 307
体力: 29.510000000000005 / 138
友情点: 0 / 405695`
_2024-06-23 04:34:47_
--------
*fa97e883b50497cc426992179372e528*
`登陆天数: 31天 / 669天
等级: 130
石头: 4073
呼符: 314
体力: 29.483333333333334 / 138
友情点: 0 / 406345`
_2024-06-23 04:34:54_
--------
*424c015788bf721b6eb52e620d5734a1*
`登陆天数: 31天 / 669天
等级: 130
石头: 4072
呼符: 272
体力: 29.450000000000003 / 138
友情点: 0 / 405845`
_2024-06-23 04:35:02_
--------
*ce75ccbd4a0fa096f86e241fe3e0f4e0*
`登陆天数: 31天 / 669天
等级: 130
石头: 4032
呼符: 224
体力: 29.41666666666667 / 138
友情点: 0 / 408405`
_2024-06-23 04:35:09_
--------
*d30daa05af17a6001363749b704b1e75*
`登陆天数: 31天 / 668天
等级: 130
石头: 4078
呼符: 219
体力: 29.38666666666667 / 138
友情点: 0 / 406075`
_2024-06-23 04:35:17_
--------
*d41b57d54db27168302dc6a70ef35ae0*
`登陆天数: 31天 / 669天
等级: 130
石头: 4072
呼符: 218
体力: 29.35666666666667 / 138
友情点: 0 / 405920`
_2024-06-23 04:35:24_
--------
*6581e887a9bd1869ef684d777398d087*
`登陆天数: 31天 / 668天
等级: 130
石头: 4072
呼符: 184
体力: 29.323333333333338 / 138
友情点: 0 / 406370`
_2024-06-23 04:35:32_
--------
*9c9c52bf5ca36e1c9bd3c8788dd79c1d*
`登陆天数: 31天 / 669天
等级: 130
石头: 4076
呼符: 261
体力: 29.296666666666667 / 138
友情点: 0 / 405945`
_2024-06-23 04:35:40_
--------
*c338c608c148c5bfb510c0920d7a206e*
`登陆天数: 31天 / 669天
等级: 130
石头: 4065
呼符: 143
体力: 29.266666666666666 / 138
友情点: 0 / 406575`
_2024-06-23 04:35:48_
--------
*055150bedf999f0ab9ee6d92a6f60a23*
`登陆天数: 31天 / 668天
等级: 130
石头: 4073
呼符: 36
体力: 29.239999999999995 / 138
友情点: 0 / 406250`
_2024-06-23 04:35:56_
--------
*8d8529a06c432a86b5f7b5bf98414651*
`登陆天数: 31天 / 669天
等级: 130
石头: 4066
呼符: 246
体力: 29.209999999999994 / 138
友情点: 0 / 406515`
_2024-06-23 04:36:03_
--------
*a53173e99946b2ca07845684581f7fba*
`登陆天数: 31天 / 669天
等级: 130
石头: 4076
呼符: 310
体力: 29.180000000000007 / 138
友情点: 0 / 407925`
_2024-06-23 04:36:11_
--------
*4f087873041c99d3211981a3207bb123*
`登陆天数: 31天 / 669天
等级: 130
石头: 4070
呼符: 300
体力: 29.14666666666666 / 138
友情点: 0 / 407080`
_2024-06-23 04:36:19_
--------
*30e736e700eadc2034fef2803be2a324*
`登陆天数: 31天 / 668天
等级: 130
石头: 4049
呼符: 269
体力: 29.11666666666666 / 138
友情点: 0 / 406520`
_2024-06-23 04:36:26_
--------
*512fb528b1126f5d36bdb0b5f6ec6820*
`登陆天数: 31天 / 668天
等级: 130
石头: 4076
呼符: 232
体力: 29.086666666666673 / 138
友情点: 0 / 407010`
_2024-06-23 04:36:34_
--------
*4f1ba2e02c7b1c2a1bb3b7083fd0de18*
`登陆天数: 31天 / 668天
等级: 130
石头: 4066
呼符: 173
体力: 29.056666666666672 / 138
友情点: 0 / 407045`
_2024-06-23 04:36:42_
--------
*dbfe11112ed7066aaad81e3ab49a527a*
`登陆天数: 31天 / 669天
等级: 130
石头: 4076
呼符: 336
体力: 29.023333333333326 / 138
友情点: 0 / 406950`
_2024-06-23 04:36:50_
--------
*a8abf88d0e28dbdf3d4c57e5ec1a39eb*
`登陆天数: 31天 / 669天
等级: 130
石头: 3999
呼符: 219
体力: 20789.643333333333 / 138
友情点: 0 / 466865`
_2024-06-23 04:36:58_
--------
