【登录信息】
*d89f8c204c69e18eb4c8ab2bfd7052bf*
`登陆天数: 32天 / 669天
等级: 130
石头: 4084
呼符: 130
体力: 30.376666666666665 / 138
友情点: 0 / 400175`
_2024-06-24 04:31:20_
--------
*256f7efc8a3eb0c357e618a50d7ba6a7*
`登陆天数: 32天 / 670天
等级: 130
石头: 4080
呼符: 211
体力: 30.343333333333334 / 138
友情点: 0 / 400215`
_2024-06-24 04:31:27_
--------
*5200cf7580472edf02e679fa8b070782*
`登陆天数: 32天 / 670天
等级: 130
石头: 4074
呼符: 90
体力: 30.310000000000002 / 138
友情点: 0 / 402190`
_2024-06-24 04:31:35_
--------
*cba187ca45316b5bbf933f4d532b88bb*
`登陆天数: 32天 / 669天
等级: 130
石头: 4074
呼符: 333
体力: 30.27666666666667 / 138
友情点: 0 / 400220`
_2024-06-24 04:31:43_
--------
*10287014680edb487ac4a9fcb66f38cd*
`登陆天数: 32天 / 669天
等级: 130
石头: 4077
呼符: 297
体力: 30.24666666666667 / 138
友情点: 0 / 401580`
_2024-06-24 04:31:50_
--------
*4c60379c9822b14f3e8fc49ea3daf7b5*
`登陆天数: 32天 / 670天
等级: 130
石头: 4073
呼符: 295
体力: 30.21333333333334 / 138
友情点: 0 / 399745`
_2024-06-24 04:31:58_
--------
*1d21267976fffd99e99b3a40d34f01ff*
`登陆天数: 32天 / 670天
等级: 130
石头: 4079
呼符: 302
体力: 30.180000000000007 / 138
友情点: 0 / 399980`
_2024-06-24 04:32:05_
--------
*5dfe2feea6109e9f4055c4177dc5b296*
`登陆天数: 32天 / 669天
等级: 130
石头: 4066
呼符: 185
体力: 30.150000000000006 / 138
友情点: 0 / 402375`
_2024-06-24 04:32:13_
--------
*aa79eec895b6dc6bd9b118b91bcc8007*
`登陆天数: 32天 / 670天
等级: 130
石头: 4030
呼符: 244
体力: 30.120000000000005 / 138
友情点: 0 / 401110`
_2024-06-24 04:32:21_
--------
*fe1b5719142e0def510601f75a923478*
`登陆天数: 32天 / 670天
等级: 130
石头: 4032
呼符: 208
体力: 30.086666666666673 / 138
友情点: 0 / 402110`
_2024-06-24 04:32:29_
--------
*a61c98021471edbd6fb0c28ea6157771*
`登陆天数: 32天 / 669天
等级: 130
石头: 4078
呼符: 114
体力: 30.056666666666672 / 138
友情点: 0 / 400490`
_2024-06-24 04:32:37_
--------
*f68afc8db8a20e68fede3ce0eb051643*
`登陆天数: 32天 / 669天
等级: 130
石头: 4077
呼符: 315
体力: 30.02666666666667 / 138
友情点: 0 / 399775`
_2024-06-24 04:32:44_
--------
*96f09493e536b95e20eef72b5d75aad2*
`登陆天数: 32天 / 670天
等级: 130
石头: 4077
呼符: 37
体力: 29.99333333333334 / 138
友情点: 0 / 399895`
_2024-06-24 04:32:52_
--------
*c2fe5d8f5b8ab63169f93b8e6d3583ee*
`登陆天数: 32天 / 669天
等级: 130
石头: 4081
呼符: 305
体力: 29.96333333333334 / 138
友情点: 0 / 399550`
_2024-06-24 04:33:00_
--------
*1040737458e6705ede13fadbbee4c11c*
`登陆天数: 32天 / 670天
等级: 130
石头: 4064
呼符: 320
体力: 29.933333333333337 / 138
友情点: 0 / 401525`
_2024-06-24 04:33:08_
--------
*8856cc989f89a674e8df906edf7c73d6*
`登陆天数: 32天 / 670天
等级: 130
石头: 4076
呼符: 151
体力: 29.903333333333336 / 138
友情点: 0 / 400180`
_2024-06-24 04:33:15_
--------
*e4086cdac15a356d465a36be5669d5e3*
`登陆天数: 32天 / 670天
等级: 130
石头: 4066
呼符: 264
体力: 29.86333333333333 / 138
友情点: 0 / 400705`
_2024-06-24 04:33:23_
--------
*8cc4a05638a389dd82d724bb088b89d4*
`登陆天数: 32天 / 669天
等级: 130
石头: 4077
呼符: 326
体力: 29.83333333333333 / 138
友情点: 0 / 402155`
_2024-06-24 04:33:31_
--------
*87b0a0863f483a15dac90f7abf71cef7*
`登陆天数: 32天 / 670天
等级: 130
石头: 4073
呼符: 37
体力: 29.799999999999997 / 138
友情点: 0 / 401125`
_2024-06-24 04:33:38_
--------
*b2c9ff82825eb9a4153f9605e1a18b7e*
`登陆天数: 32天 / 670天
等级: 130
石头: 4074
呼符: 225
体力: 29.766666666666666 / 138
友情点: 0 / 401160`
_2024-06-24 04:33:46_
--------
*088c36a888bd00446bc52e3bd448dc3b*
`登陆天数: 32天 / 669天
等级: 130
石头: 4077
呼符: 289
体力: 29.736666666666665 / 138
友情点: 0 / 399410`
_2024-06-24 04:33:54_
--------
*8778926278eab24e1ab9ad3ac42077ea*
`登陆天数: 32天 / 669天
等级: 130
石头: 4074
呼符: 94
体力: 29.706666666666663 / 138
友情点: 0 / 400095`
_2024-06-24 04:34:02_
--------
*cc2e053e6739c579faa05309cb2f1fb7*
`登陆天数: 32天 / 670天
等级: 130
石头: 4076
呼符: 216
体力: 29.67 / 138
友情点: 0 / 400315`
_2024-06-24 04:34:10_
--------
*6fa2036a4774ebaccd025a8ec197b8de*
`登陆天数: 32天 / 670天
等级: 130
石头: 4062
呼符: 259
体力: 29.64 / 138
友情点: 0 / 399790`
_2024-06-24 04:34:18_
--------
*fa3bb85caa8a786accfda79769c5ac4d*
`登陆天数: 32天 / 670天
等级: 130
石头: 4073
呼符: 271
体力: 29.61 / 138
友情点: 0 / 399630`
_2024-06-24 04:34:26_
--------
*f14a91b9687476eb6630dc736b97a24c*
`登陆天数: 32天 / 670天
等级: 130
石头: 4076
呼符: 303
体力: 29.58 / 138
友情点: 0 / 399290`
_2024-06-24 04:34:33_
--------
*bc95202f8a6c411fb459fd1d90136b48*
`登陆天数: 32天 / 670天
等级: 130
石头: 4085
呼符: 316
体力: 29.546666666666667 / 138
友情点: 0 / 401180`
_2024-06-24 04:34:41_
--------
*84e511d3b9050df696b341d6cf467682*
`登陆天数: 32天 / 670天
等级: 130
石头: 4073
呼符: 331
体力: 29.519999999999996 / 138
友情点: 0 / 403170`
_2024-06-24 04:34:49_
--------
*c1720cef566066c09ed6cb8ad33d2115*
`登陆天数: 32天 / 670天
等级: 130
石头: 4064
呼符: 313
体力: 29.486666666666665 / 138
友情点: 0 / 399635`
_2024-06-24 04:34:56_
--------
*75680fb620250ca121cdf9bd00dd17e3*
`登陆天数: 32天 / 669天
等级: 130
石头: 4068
呼符: 333
体力: 29.456666666666663 / 138
友情点: 0 / 401150`
_2024-06-24 04:35:04_
--------
*1fa5b08e00be736964265ff10378b7b8*
`登陆天数: 32天 / 670天
等级: 130
石头: 4075
呼符: 281
体力: 29.426666666666662 / 138
友情点: 0 / 400855`
_2024-06-24 04:35:12_
--------
*f6efb293ae15335e2f88e845b8412945*
`登陆天数: 32天 / 670天
等级: 130
石头: 4076
呼符: 143
体力: 29.39333333333333 / 138
友情点: 0 / 400980`
_2024-06-24 04:35:19_
--------
*a16f17c4f7beadcf3026c040a402f437*
`登陆天数: 32天 / 670天
等级: 130
石头: 4078
呼符: 307
体力: 29.36666666666666 / 138
友情点: 0 / 399695`
_2024-06-24 04:35:28_
--------
*fa97e883b50497cc426992179372e528*
`登陆天数: 32天 / 670天
等级: 130
石头: 4074
呼符: 314
体力: 29.33333333333333 / 138
友情点: 0 / 400345`
_2024-06-24 04:35:35_
--------
*424c015788bf721b6eb52e620d5734a1*
`登陆天数: 32天 / 670天
等级: 130
石头: 4073
呼符: 272
体力: 29.303333333333327 / 138
友情点: 0 / 399845`
_2024-06-24 04:35:43_
--------
*ce75ccbd4a0fa096f86e241fe3e0f4e0*
`登陆天数: 32天 / 670天
等级: 130
石头: 4033
呼符: 224
体力: 29.269999999999996 / 138
友情点: 0 / 402405`
_2024-06-24 04:35:50_
--------
*d30daa05af17a6001363749b704b1e75*
`登陆天数: 32天 / 669天
等级: 130
石头: 4079
呼符: 219
体力: 29.24333333333334 / 138
友情点: 0 / 400075`
_2024-06-24 04:35:58_
--------
*d41b57d54db27168302dc6a70ef35ae0*
`登陆天数: 32天 / 670天
等级: 130
石头: 4073
呼符: 218
体力: 29.21333333333334 / 138
友情点: 0 / 399920`
_2024-06-24 04:36:05_
--------
*6581e887a9bd1869ef684d777398d087*
`登陆天数: 32天 / 669天
等级: 130
石头: 4073
呼符: 184
体力: 29.183333333333337 / 138
友情点: 0 / 400370`
_2024-06-24 04:36:13_
--------
*9c9c52bf5ca36e1c9bd3c8788dd79c1d*
`登陆天数: 32天 / 670天
等级: 130
石头: 4077
呼符: 261
体力: 29.156666666666666 / 138
友情点: 0 / 399945`
_2024-06-24 04:36:21_
--------
*c338c608c148c5bfb510c0920d7a206e*
`登陆天数: 32天 / 670天
等级: 130
石头: 4066
呼符: 143
体力: 29.123333333333335 / 138
友情点: 0 / 400575`
_2024-06-24 04:36:29_
--------
*055150bedf999f0ab9ee6d92a6f60a23*
`登陆天数: 32天 / 669天
等级: 130
石头: 4074
呼符: 36
体力: 29.096666666666664 / 138
友情点: 0 / 400250`
_2024-06-24 04:36:36_
--------
*8d8529a06c432a86b5f7b5bf98414651*
`登陆天数: 32天 / 670天
等级: 130
石头: 4067
呼符: 246
体力: 29.066666666666663 / 138
友情点: 0 / 400515`
_2024-06-24 04:36:44_
--------
*a53173e99946b2ca07845684581f7fba*
`登陆天数: 32天 / 670天
等级: 130
石头: 4077
呼符: 310
体力: 29.03666666666666 / 138
友情点: 0 / 401925`
_2024-06-24 04:36:52_
--------
*4f087873041c99d3211981a3207bb123*
`登陆天数: 32天 / 670天
等级: 130
石头: 4071
呼符: 300
体力: 29.00666666666666 / 138
友情点: 0 / 401080`
_2024-06-24 04:37:00_
--------
*30e736e700eadc2034fef2803be2a324*
`登陆天数: 32天 / 669天
等级: 130
石头: 4050
呼符: 269
体力: 28.976666666666674 / 138
友情点: 0 / 400520`
_2024-06-24 04:37:07_
--------
*512fb528b1126f5d36bdb0b5f6ec6820*
`登陆天数: 32天 / 669天
等级: 130
石头: 4077
呼符: 232
体力: 28.943333333333328 / 138
友情点: 0 / 401010`
_2024-06-24 04:37:15_
--------
*4f1ba2e02c7b1c2a1bb3b7083fd0de18*
`登陆天数: 32天 / 669天
等级: 130
石头: 4067
呼符: 173
体力: 28.913333333333327 / 138
友情点: 0 / 401045`
_2024-06-24 04:37:23_
--------
*dbfe11112ed7066aaad81e3ab49a527a*
`登陆天数: 32天 / 670天
等级: 130
石头: 4077
呼符: 336
体力: 28.88666666666667 / 138
友情点: 0 / 400950`
_2024-06-24 04:37:30_
--------
*a8abf88d0e28dbdf3d4c57e5ec1a39eb*
`登陆天数: 32天 / 670天
等级: 130
石头: 3999
呼符: 219
体力: 21077.77666666667 / 138
友情点: 0 / 466865`
_2024-06-24 04:37:38_
--------
