【登录信息】
*d89f8c204c69e18eb4c8ab2bfd7052bf*
`登陆天数: 33天 / 670天
等级: 130
石头: 4084
呼符: 131
体力: 30.28333333333333 / 138
友情点: 0 / 394175`
_2024-06-25 04:31:18_
--------
*256f7efc8a3eb0c357e618a50d7ba6a7*
`登陆天数: 33天 / 671天
等级: 130
石头: 4080
呼符: 212
体力: 30.25333333333333 / 138
友情点: 0 / 394215`
_2024-06-25 04:31:26_
--------
*5200cf7580472edf02e679fa8b070782*
`登陆天数: 33天 / 671天
等级: 130
石头: 4074
呼符: 91
体力: 30.22333333333333 / 138
友情点: 0 / 396190`
_2024-06-25 04:31:34_
--------
*cba187ca45316b5bbf933f4d532b88bb*
`登陆天数: 33天 / 670天
等级: 130
石头: 4074
呼符: 334
体力: 30.189999999999998 / 138
友情点: 0 / 394220`
_2024-06-25 04:31:42_
--------
*10287014680edb487ac4a9fcb66f38cd*
`登陆天数: 33天 / 670天
等级: 130
石头: 4077
呼符: 298
体力: 30.159999999999997 / 138
友情点: 0 / 395580`
_2024-06-25 04:31:50_
--------
*4c60379c9822b14f3e8fc49ea3daf7b5*
`登陆天数: 33天 / 671天
等级: 130
石头: 4073
呼符: 296
体力: 30.13666666666667 / 138
友情点: 0 / 393745`
_2024-06-25 04:31:58_
--------
*1d21267976fffd99e99b3a40d34f01ff*
`登陆天数: 33天 / 671天
等级: 130
石头: 4079
呼符: 303
体力: 30.10666666666667 / 138
友情点: 0 / 393980`
_2024-06-25 04:32:06_
--------
*5dfe2feea6109e9f4055c4177dc5b296*
`登陆天数: 33天 / 670天
等级: 130
石头: 4066
呼符: 186
体力: 30.076666666666668 / 138
友情点: 0 / 396375`
_2024-06-25 04:32:14_
--------
*aa79eec895b6dc6bd9b118b91bcc8007*
`登陆天数: 33天 / 671天
等级: 130
石头: 4030
呼符: 245
体力: 30.046666666666667 / 138
友情点: 0 / 395110`
_2024-06-25 04:32:22_
--------
*fe1b5719142e0def510601f75a923478*
`登陆天数: 33天 / 671天
等级: 130
石头: 4032
呼符: 209
体力: 30.013333333333335 / 138
友情点: 0 / 396110`
_2024-06-25 04:32:30_
--------
*a61c98021471edbd6fb0c28ea6157771*
`登陆天数: 33天 / 670天
等级: 130
石头: 4078
呼符: 115
体力: 29.986666666666665 / 138
友情点: 0 / 394490`
_2024-06-25 04:32:38_
--------
*f68afc8db8a20e68fede3ce0eb051643*
`登陆天数: 33天 / 670天
等级: 130
石头: 4077
呼符: 316
体力: 29.956666666666663 / 138
友情点: 0 / 393775`
_2024-06-25 04:32:46_
--------
*96f09493e536b95e20eef72b5d75aad2*
`登陆天数: 33天 / 671天
等级: 130
石头: 4077
呼符: 38
体力: 29.930000000000007 / 138
友情点: 0 / 397895`
_2024-06-25 04:32:54_
--------
*c2fe5d8f5b8ab63169f93b8e6d3583ee*
`登陆天数: 33天 / 670天
等级: 130
石头: 4081
呼符: 306
体力: 29.903333333333336 / 138
友情点: 0 / 393550`
_2024-06-25 04:33:02_
--------
*1040737458e6705ede13fadbbee4c11c*
`登陆天数: 33天 / 671天
等级: 130
石头: 4064
呼符: 321
体力: 29.876666666666665 / 138
友情点: 0 / 395525`
_2024-06-25 04:33:10_
--------
*8856cc989f89a674e8df906edf7c73d6*
`登陆天数: 33天 / 671天
等级: 130
石头: 4076
呼符: 152
体力: 29.843333333333334 / 138
友情点: 0 / 394180`
_2024-06-25 04:33:18_
--------
*e4086cdac15a356d465a36be5669d5e3*
`登陆天数: 33天 / 671天
等级: 130
石头: 4066
呼符: 265
体力: 29.816666666666663 / 138
友情点: 0 / 394705`
_2024-06-25 04:33:26_
--------
*8cc4a05638a389dd82d724bb088b89d4*
`登陆天数: 33天 / 670天
等级: 130
石头: 4077
呼符: 327
体力: 29.790000000000006 / 138
友情点: 0 / 396155`
_2024-06-25 04:33:34_
--------
*87b0a0863f483a15dac90f7abf71cef7*
`登陆天数: 33天 / 671天
等级: 130
石头: 4073
呼符: 38
体力: 29.760000000000005 / 138
友情点: 0 / 395125`
_2024-06-25 04:33:42_
--------
*b2c9ff82825eb9a4153f9605e1a18b7e*
`登陆天数: 33天 / 671天
等级: 130
石头: 4074
呼符: 226
体力: 29.730000000000004 / 138
友情点: 0 / 395160`
_2024-06-25 04:33:49_
--------
*088c36a888bd00446bc52e3bd448dc3b*
`登陆天数: 33天 / 670天
等级: 130
石头: 4077
呼符: 290
体力: 29.703333333333333 / 138
友情点: 0 / 393410`
_2024-06-25 04:33:57_
--------
*8778926278eab24e1ab9ad3ac42077ea*
`登陆天数: 33天 / 670天
等级: 130
石头: 4074
呼符: 95
体力: 29.673333333333332 / 138
友情点: 0 / 394095`
_2024-06-25 04:34:05_
--------
*cc2e053e6739c579faa05309cb2f1fb7*
`登陆天数: 33天 / 671天
等级: 130
石头: 4076
呼符: 217
体力: 29.64333333333333 / 138
友情点: 0 / 394315`
_2024-06-25 04:34:13_
--------
*6fa2036a4774ebaccd025a8ec197b8de*
`登陆天数: 33天 / 671天
等级: 130
石头: 4062
呼符: 260
体力: 29.61666666666666 / 138
友情点: 0 / 393790`
_2024-06-25 04:34:21_
--------
*fa3bb85caa8a786accfda79769c5ac4d*
`登陆天数: 33天 / 671天
等级: 130
石头: 4073
呼符: 272
体力: 29.586666666666673 / 138
友情点: 0 / 393630`
_2024-06-25 04:34:30_
--------
*f14a91b9687476eb6630dc736b97a24c*
`登陆天数: 33天 / 671天
等级: 130
石头: 4076
呼符: 304
体力: 29.556666666666672 / 138
友情点: 0 / 393290`
_2024-06-25 04:34:38_
--------
*bc95202f8a6c411fb459fd1d90136b48*
`登陆天数: 33天 / 671天
等级: 130
石头: 4085
呼符: 317
体力: 29.53 / 138
友情点: 0 / 395180`
_2024-06-25 04:34:46_
--------
*84e511d3b9050df696b341d6cf467682*
`登陆天数: 33天 / 671天
等级: 130
石头: 4073
呼符: 332
体力: 29.50333333333333 / 138
友情点: 0 / 397170`
_2024-06-25 04:34:54_
--------
*c1720cef566066c09ed6cb8ad33d2115*
`登陆天数: 33天 / 671天
等级: 130
石头: 4064
呼符: 314
体力: 29.47333333333333 / 138
友情点: 0 / 393635`
_2024-06-25 04:35:01_
--------
*75680fb620250ca121cdf9bd00dd17e3*
`登陆天数: 33天 / 670天
等级: 130
石头: 4068
呼符: 334
体力: 29.439999999999998 / 138
友情点: 0 / 395150`
_2024-06-25 04:35:09_
--------
*1fa5b08e00be736964265ff10378b7b8*
`登陆天数: 33天 / 671天
等级: 130
石头: 4075
呼符: 282
体力: 29.41666666666667 / 138
友情点: 0 / 394855`
_2024-06-25 04:35:17_
--------
*f6efb293ae15335e2f88e845b8412945*
`登陆天数: 33天 / 671天
等级: 130
石头: 4076
呼符: 144
体力: 29.38333333333334 / 138
友情点: 0 / 394980`
_2024-06-25 04:35:25_
--------
*a16f17c4f7beadcf3026c040a402f437*
`登陆天数: 33天 / 671天
等级: 130
石头: 4078
呼符: 308
体力: 29.35333333333334 / 138
友情点: 0 / 393695`
_2024-06-25 04:35:33_
--------
*fa97e883b50497cc426992179372e528*
`登陆天数: 33天 / 671天
等级: 130
石头: 4074
呼符: 315
体力: 29.326666666666668 / 138
友情点: 0 / 394345`
_2024-06-25 04:35:41_
--------
*424c015788bf721b6eb52e620d5734a1*
`登陆天数: 33天 / 671天
等级: 130
石头: 4073
呼符: 273
体力: 29.299999999999997 / 138
友情点: 0 / 393845`
_2024-06-25 04:35:48_
--------
*ce75ccbd4a0fa096f86e241fe3e0f4e0*
`登陆天数: 33天 / 671天
等级: 130
石头: 4033
呼符: 225
体力: 29.273333333333326 / 138
友情点: 0 / 396405`
_2024-06-25 04:35:56_
--------
*d30daa05af17a6001363749b704b1e75*
`登陆天数: 33天 / 670天
等级: 130
石头: 4079
呼符: 220
体力: 29.236666666666665 / 138
友情点: 0 / 394075`
_2024-06-25 04:36:04_
--------
*d41b57d54db27168302dc6a70ef35ae0*
`登陆天数: 33天 / 671天
等级: 130
石头: 4073
呼符: 219
体力: 29.209999999999994 / 138
友情点: 0 / 393920`
_2024-06-25 04:36:12_
--------
*6581e887a9bd1869ef684d777398d087*
`登陆天数: 33天 / 670天
等级: 130
石头: 4073
呼符: 185
体力: 29.180000000000007 / 138
友情点: 0 / 394370`
_2024-06-25 04:36:19_
--------
*9c9c52bf5ca36e1c9bd3c8788dd79c1d*
`登陆天数: 33天 / 671天
等级: 130
石头: 4077
呼符: 262
体力: 29.153333333333336 / 138
友情点: 0 / 393945`
_2024-06-25 04:36:27_
--------
*c338c608c148c5bfb510c0920d7a206e*
`登陆天数: 33天 / 671天
等级: 130
石头: 4066
呼符: 144
体力: 29.126666666666665 / 138
友情点: 0 / 394575`
_2024-06-25 04:36:35_
--------
*055150bedf999f0ab9ee6d92a6f60a23*
`登陆天数: 33天 / 670天
等级: 130
石头: 4074
呼符: 37
体力: 29.096666666666664 / 138
友情点: 0 / 394250`
_2024-06-25 04:36:43_
--------
*8d8529a06c432a86b5f7b5bf98414651*
`登陆天数: 33天 / 671天
等级: 130
石头: 4067
呼符: 247
体力: 29.069999999999993 / 138
友情点: 0 / 394515`
_2024-06-25 04:36:51_
--------
*a53173e99946b2ca07845684581f7fba*
`登陆天数: 33天 / 671天
等级: 130
石头: 4077
呼符: 311
体力: 29.040000000000006 / 138
友情点: 0 / 395925`
_2024-06-25 04:36:59_
--------
*4f087873041c99d3211981a3207bb123*
`登陆天数: 33天 / 671天
等级: 130
石头: 4071
呼符: 301
体力: 29.010000000000005 / 138
友情点: 0 / 395080`
_2024-06-25 04:37:07_
--------
*30e736e700eadc2034fef2803be2a324*
`登陆天数: 33天 / 670天
等级: 130
石头: 4050
呼符: 270
体力: 28.980000000000004 / 138
友情点: 0 / 394520`
_2024-06-25 04:37:15_
--------
*512fb528b1126f5d36bdb0b5f6ec6820*
`登陆天数: 33天 / 670天
等级: 130
石头: 4077
呼符: 233
体力: 28.946666666666673 / 138
友情点: 0 / 395010`
_2024-06-25 04:37:23_
--------
*4f1ba2e02c7b1c2a1bb3b7083fd0de18*
`登陆天数: 33天 / 670天
等级: 130
石头: 4067
呼符: 174
体力: 28.913333333333327 / 138
友情点: 0 / 395045`
_2024-06-25 04:37:30_
--------
*dbfe11112ed7066aaad81e3ab49a527a*
`登陆天数: 33天 / 671天
等级: 130
石头: 4077
呼符: 337
体力: 28.88666666666667 / 138
友情点: 0 / 394950`
_2024-06-25 04:37:39_
--------
*a8abf88d0e28dbdf3d4c57e5ec1a39eb*
`登陆天数: 33天 / 671天
等级: 130
石头: 3999
呼符: 219
体力: 21365.81 / 138
友情点: 0 / 466865`
_2024-06-25 04:37:47_
--------
