【登录信息】
*d89f8c204c69e18eb4c8ab2bfd7052bf*
`登陆天数: 34天 / 671天
等级: 130
石头: 4087
呼符: 131
体力: 30.36666666666666 / 138
友情点: 0 / 388175`
_2024-06-26 04:32:33_
--------
*256f7efc8a3eb0c357e618a50d7ba6a7*
`登陆天数: 34天 / 672天
等级: 130
石头: 4083
呼符: 212
体力: 30.336666666666673 / 138
友情点: 0 / 388215`
_2024-06-26 04:32:41_
--------
*5200cf7580472edf02e679fa8b070782*
`登陆天数: 34天 / 672天
等级: 130
石头: 4077
呼符: 91
体力: 30.310000000000002 / 138
友情点: 0 / 390190`
_2024-06-26 04:32:49_
--------
*cba187ca45316b5bbf933f4d532b88bb*
`登陆天数: 34天 / 671天
等级: 130
石头: 4077
呼符: 334
体力: 30.28 / 138
友情点: 0 / 388220`
_2024-06-26 04:32:57_
--------
*10287014680edb487ac4a9fcb66f38cd*
`登陆天数: 34天 / 671天
等级: 130
石头: 4080
呼符: 298
体力: 30.25 / 138
友情点: 0 / 389580`
_2024-06-26 04:33:05_
--------
*4c60379c9822b14f3e8fc49ea3daf7b5*
`登陆天数: 34天 / 672天
等级: 130
石头: 4076
呼符: 296
体力: 30.22333333333333 / 138
友情点: 0 / 387745`
_2024-06-26 04:33:13_
--------
*1d21267976fffd99e99b3a40d34f01ff*
`登陆天数: 34天 / 672天
等级: 130
石头: 4082
呼符: 303
体力: 30.193333333333328 / 138
友情点: 0 / 387980`
_2024-06-26 04:33:21_
--------
*5dfe2feea6109e9f4055c4177dc5b296*
`登陆天数: 34天 / 671天
等级: 130
石头: 4069
呼符: 186
体力: 30.17 / 138
友情点: 0 / 390375`
_2024-06-26 04:33:29_
--------
*aa79eec895b6dc6bd9b118b91bcc8007*
`登陆天数: 34天 / 672天
等级: 130
石头: 4033
呼符: 245
体力: 30.14 / 138
友情点: 0 / 389110`
_2024-06-26 04:33:37_
--------
*fe1b5719142e0def510601f75a923478*
`登陆天数: 34天 / 672天
等级: 130
石头: 4035
呼符: 209
体力: 30.11 / 138
友情点: 0 / 390110`
_2024-06-26 04:33:45_
--------
*a61c98021471edbd6fb0c28ea6157771*
`登陆天数: 34天 / 671天
等级: 130
石头: 4081
呼符: 115
体力: 30.08333333333333 / 138
友情点: 0 / 388490`
_2024-06-26 04:33:53_
--------
*f68afc8db8a20e68fede3ce0eb051643*
`登陆天数: 34天 / 671天
等级: 130
石头: 4080
呼符: 316
体力: 30.053333333333327 / 138
友情点: 0 / 387775`
_2024-06-26 04:34:02_
--------
*96f09493e536b95e20eef72b5d75aad2*
`登陆天数: 34天 / 672天
等级: 130
石头: 4080
呼符: 38
体力: 30.03 / 138
友情点: 0 / 397895`
_2024-06-26 04:34:10_
--------
*c2fe5d8f5b8ab63169f93b8e6d3583ee*
`登陆天数: 34天 / 671天
等级: 130
石头: 4084
呼符: 306
体力: 30.00333333333333 / 138
友情点: 0 / 387550`
_2024-06-26 04:34:18_
--------
*1040737458e6705ede13fadbbee4c11c*
`登陆天数: 34天 / 672天
等级: 130
石头: 4067
呼符: 321
体力: 29.976666666666674 / 138
友情点: 0 / 389525`
_2024-06-26 04:34:26_
--------
*8856cc989f89a674e8df906edf7c73d6*
`登陆天数: 34天 / 672天
等级: 130
石头: 4079
呼符: 152
体力: 29.946666666666673 / 138
友情点: 0 / 388180`
_2024-06-26 04:34:35_
--------
*e4086cdac15a356d465a36be5669d5e3*
`登陆天数: 34天 / 672天
等级: 130
石头: 4069
呼符: 265
体力: 29.923333333333332 / 138
友情点: 0 / 388705`
_2024-06-26 04:34:43_
--------
*8cc4a05638a389dd82d724bb088b89d4*
`登陆天数: 34天 / 671天
等级: 130
石头: 4080
呼符: 327
体力: 29.89333333333333 / 138
友情点: 0 / 390155`
_2024-06-26 04:34:51_
--------
*87b0a0863f483a15dac90f7abf71cef7*
`登陆天数: 34天 / 672天
等级: 130
石头: 4076
呼符: 38
体力: 29.86333333333333 / 138
友情点: 0 / 393125`
_2024-06-26 04:34:59_
--------
*b2c9ff82825eb9a4153f9605e1a18b7e*
`登陆天数: 34天 / 672天
等级: 130
石头: 4077
呼符: 226
体力: 29.840000000000003 / 138
友情点: 0 / 389160`
_2024-06-26 04:35:07_
--------
*088c36a888bd00446bc52e3bd448dc3b*
`登陆天数: 34天 / 671天
等级: 130
石头: 4080
呼符: 290
体力: 29.806666666666672 / 138
友情点: 0 / 387410`
_2024-06-26 04:35:15_
--------
*8778926278eab24e1ab9ad3ac42077ea*
`登陆天数: 34天 / 671天
等级: 130
石头: 4077
呼符: 95
体力: 29.78 / 138
友情点: 0 / 388095`
_2024-06-26 04:35:23_
--------
*cc2e053e6739c579faa05309cb2f1fb7*
`登陆天数: 34天 / 672天
等级: 130
石头: 4079
呼符: 217
体力: 29.75333333333333 / 138
友情点: 0 / 388315`
_2024-06-26 04:35:31_
--------
*6fa2036a4774ebaccd025a8ec197b8de*
`登陆天数: 34天 / 672天
等级: 130
石头: 4065
呼符: 260
体力: 29.726666666666674 / 138
友情点: 0 / 387790`
_2024-06-26 04:35:39_
--------
*fa3bb85caa8a786accfda79769c5ac4d*
`登陆天数: 34天 / 672天
等级: 130
石头: 4076
呼符: 272
体力: 29.696666666666673 / 138
友情点: 0 / 387630`
_2024-06-26 04:35:47_
--------
*f14a91b9687476eb6630dc736b97a24c*
`登陆天数: 34天 / 672天
等级: 130
石头: 4079
呼符: 304
体力: 29.67 / 138
友情点: 0 / 387290`
_2024-06-26 04:35:55_
--------
*bc95202f8a6c411fb459fd1d90136b48*
`登陆天数: 34天 / 672天
等级: 130
石头: 4088
呼符: 317
体力: 29.64666666666666 / 138
友情点: 0 / 389180`
_2024-06-26 04:36:03_
--------
*84e511d3b9050df696b341d6cf467682*
`登陆天数: 34天 / 672天
等级: 130
石头: 4076
呼符: 332
体力: 29.620000000000005 / 138
友情点: 0 / 391170`
_2024-06-26 04:36:11_
--------
*c1720cef566066c09ed6cb8ad33d2115*
`登陆天数: 34天 / 672天
等级: 130
石头: 4067
呼符: 314
体力: 29.586666666666673 / 138
友情点: 0 / 387635`
_2024-06-26 04:36:19_
--------
*75680fb620250ca121cdf9bd00dd17e3*
`登陆天数: 34天 / 671天
等级: 130
石头: 4071
呼符: 334
体力: 29.560000000000002 / 138
友情点: 0 / 389150`
_2024-06-26 04:36:27_
--------
*1fa5b08e00be736964265ff10378b7b8*
`登陆天数: 34天 / 672天
等级: 130
石头: 4078
呼符: 282
体力: 29.53333333333333 / 138
友情点: 0 / 388855`
_2024-06-26 04:36:35_
--------
*f6efb293ae15335e2f88e845b8412945*
`登陆天数: 34天 / 672天
等级: 130
石头: 4079
呼符: 144
体力: 29.50666666666666 / 138
友情点: 0 / 388980`
_2024-06-26 04:36:43_
--------
*a16f17c4f7beadcf3026c040a402f437*
`登陆天数: 34天 / 672天
等级: 130
石头: 4081
呼符: 308
体力: 29.480000000000004 / 138
友情点: 0 / 387695`
_2024-06-26 04:36:52_
--------
*fa97e883b50497cc426992179372e528*
`登陆天数: 34天 / 672天
等级: 130
石头: 4077
呼符: 315
体力: 29.450000000000003 / 138
友情点: 0 / 388345`
_2024-06-26 04:37:00_
--------
*424c015788bf721b6eb52e620d5734a1*
`登陆天数: 34天 / 672天
等级: 130
石头: 4076
呼符: 273
体力: 29.426666666666662 / 138
友情点: 0 / 387845`
_2024-06-26 04:37:08_
--------
*ce75ccbd4a0fa096f86e241fe3e0f4e0*
`登陆天数: 34天 / 672天
等级: 130
石头: 4036
呼符: 225
体力: 29.39333333333333 / 138
友情点: 0 / 390405`
_2024-06-26 04:37:16_
--------
*d30daa05af17a6001363749b704b1e75*
`登陆天数: 34天 / 671天
等级: 130
石头: 4082
呼符: 220
体力: 29.36666666666666 / 138
友情点: 0 / 388075`
_2024-06-26 04:37:24_
--------
*d41b57d54db27168302dc6a70ef35ae0*
`登陆天数: 34天 / 672天
等级: 130
石头: 4076
呼符: 219
体力: 29.340000000000003 / 138
友情点: 0 / 387920`
_2024-06-26 04:37:32_
--------
*6581e887a9bd1869ef684d777398d087*
`登陆天数: 34天 / 671天
等级: 130
石头: 4076
呼符: 185
体力: 29.310000000000002 / 138
友情点: 0 / 388370`
_2024-06-26 04:37:40_
--------
*9c9c52bf5ca36e1c9bd3c8788dd79c1d*
`登陆天数: 34天 / 672天
等级: 130
石头: 4080
呼符: 262
体力: 29.28666666666666 / 138
友情点: 0 / 387945`
_2024-06-26 04:37:48_
--------
*c338c608c148c5bfb510c0920d7a206e*
`登陆天数: 34天 / 672天
等级: 130
石头: 4069
呼符: 144
体力: 29.260000000000005 / 138
友情点: 0 / 388575`
_2024-06-26 04:37:56_
--------
*055150bedf999f0ab9ee6d92a6f60a23*
`登陆天数: 34天 / 671天
等级: 130
石头: 4077
呼符: 37
体力: 29.230000000000004 / 138
友情点: 0 / 388250`
_2024-06-26 04:38:04_
--------
*8d8529a06c432a86b5f7b5bf98414651*
`登陆天数: 34天 / 672天
等级: 130
石头: 4070
呼符: 247
体力: 29.206666666666663 / 138
友情点: 0 / 388515`
_2024-06-26 04:38:12_
--------
*a53173e99946b2ca07845684581f7fba*
`登陆天数: 34天 / 672天
等级: 130
石头: 4080
呼符: 311
体力: 29.180000000000007 / 138
友情点: 0 / 389925`
_2024-06-26 04:38:20_
--------
*4f087873041c99d3211981a3207bb123*
`登陆天数: 34天 / 672天
等级: 130
石头: 4074
呼符: 301
体力: 29.150000000000006 / 138
友情点: 0 / 389080`
_2024-06-26 04:38:28_
--------
*30e736e700eadc2034fef2803be2a324*
`登陆天数: 34天 / 671天
等级: 130
石头: 4053
呼符: 270
体力: 29.123333333333335 / 138
友情点: 0 / 388520`
_2024-06-26 04:38:36_
--------
*512fb528b1126f5d36bdb0b5f6ec6820*
`登陆天数: 34天 / 671天
等级: 130
石头: 4080
呼符: 233
体力: 29.096666666666664 / 138
友情点: 0 / 389010`
_2024-06-26 04:38:44_
--------
*4f1ba2e02c7b1c2a1bb3b7083fd0de18*
`登陆天数: 34天 / 671天
等级: 130
石头: 4070
呼符: 174
体力: 29.069999999999993 / 138
友情点: 0 / 389045`
_2024-06-26 04:38:52_
--------
*dbfe11112ed7066aaad81e3ab49a527a*
`登陆天数: 34天 / 672天
等级: 130
石头: 4080
呼符: 337
体力: 29.043333333333337 / 138
友情点: 0 / 388950`
_2024-06-26 04:39:00_
--------
*a8abf88d0e28dbdf3d4c57e5ec1a39eb*
`登陆天数: 34天 / 672天
等级: 130
石头: 3999
呼符: 219
体力: 21654.08 / 138
友情点: 0 / 466865`
_2024-06-26 04:39:08_
--------
