【登录信息】
*d89f8c204c69e18eb4c8ab2bfd7052bf*
`登陆天数: 35天 / 672天
等级: 130
石头: 4087
呼符: 132
体力: 31.843333333333334 / 138
友情点: 0 / 382175`
_2024-06-27 04:38:35_
--------
*256f7efc8a3eb0c357e618a50d7ba6a7*
`登陆天数: 35天 / 673天
等级: 130
石头: 4083
呼符: 213
体力: 31.813333333333333 / 138
友情点: 0 / 382215`
_2024-06-27 04:38:43_
--------
*5200cf7580472edf02e679fa8b070782*
`登陆天数: 35天 / 673天
等级: 130
石头: 4077
呼符: 92
体力: 31.78666666666666 / 138
友情点: 0 / 386190`
_2024-06-27 04:38:51_
--------
*cba187ca45316b5bbf933f4d532b88bb*
`登陆天数: 35天 / 672天
等级: 130
石头: 4077
呼符: 335
体力: 31.75666666666666 / 138
友情点: 0 / 382220`
_2024-06-27 04:38:59_
--------
*10287014680edb487ac4a9fcb66f38cd*
`登陆天数: 35天 / 672天
等级: 130
石头: 4080
呼符: 299
体力: 31.72333333333333 / 138
友情点: 0 / 383580`
_2024-06-27 04:39:07_
--------
*4c60379c9822b14f3e8fc49ea3daf7b5*
`登陆天数: 35天 / 673天
等级: 130
石头: 4076
呼符: 297
体力: 31.696666666666673 / 138
友情点: 0 / 381745`
_2024-06-27 04:39:14_
--------
*1d21267976fffd99e99b3a40d34f01ff*
`登陆天数: 35天 / 673天
等级: 130
石头: 4082
呼符: 304
体力: 31.67 / 138
友情点: 0 / 381980`
_2024-06-27 04:39:22_
--------
*5dfe2feea6109e9f4055c4177dc5b296*
`登陆天数: 35天 / 672天
等级: 130
石头: 4069
呼符: 187
体力: 31.64 / 138
友情点: 0 / 384375`
_2024-06-27 04:39:30_
--------
*aa79eec895b6dc6bd9b118b91bcc8007*
`登陆天数: 35天 / 673天
等级: 130
石头: 4033
呼符: 246
体力: 31.61666666666666 / 138
友情点: 0 / 383110`
_2024-06-27 04:39:39_
--------
*fe1b5719142e0def510601f75a923478*
`登陆天数: 35天 / 673天
等级: 130
石头: 4035
呼符: 210
体力: 31.58333333333333 / 138
友情点: 0 / 384110`
_2024-06-27 04:39:47_
--------
*a61c98021471edbd6fb0c28ea6157771*
`登陆天数: 35天 / 672天
等级: 130
石头: 4081
呼符: 116
体力: 31.556666666666672 / 138
友情点: 0 / 384490`
_2024-06-27 04:39:55_
--------
*f68afc8db8a20e68fede3ce0eb051643*
`登陆天数: 35天 / 672天
等级: 130
石头: 4080
呼符: 317
体力: 31.53 / 138
友情点: 0 / 381775`
_2024-06-27 04:40:03_
--------
*96f09493e536b95e20eef72b5d75aad2*
`登陆天数: 35天 / 673天
等级: 130
石头: 4080
呼符: 39
体力: 31.50333333333333 / 138
友情点: 0 / 397895`
_2024-06-27 04:40:11_
--------
*c2fe5d8f5b8ab63169f93b8e6d3583ee*
`登陆天数: 35天 / 672天
等级: 130
石头: 4084
呼符: 307
体力: 31.480000000000004 / 138
友情点: 0 / 381550`
_2024-06-27 04:40:19_
--------
*1040737458e6705ede13fadbbee4c11c*
`登陆天数: 35天 / 673天
等级: 130
石头: 4067
呼符: 322
体力: 31.450000000000003 / 138
友情点: 0 / 383525`
_2024-06-27 04:40:27_
--------
*8856cc989f89a674e8df906edf7c73d6*
`登陆天数: 35天 / 673天
等级: 130
石头: 4079
呼符: 153
体力: 31.423333333333332 / 138
友情点: 0 / 382180`
_2024-06-27 04:40:35_
--------
*e4086cdac15a356d465a36be5669d5e3*
`登陆天数: 35天 / 673天
等级: 130
石头: 4069
呼符: 266
体力: 31.39333333333333 / 138
友情点: 0 / 382705`
_2024-06-27 04:40:43_
--------
*8cc4a05638a389dd82d724bb088b89d4*
`登陆天数: 35天 / 672天
等级: 130
石头: 4080
呼符: 328
体力: 31.36666666666666 / 138
友情点: 0 / 384155`
_2024-06-27 04:40:51_
--------
*87b0a0863f483a15dac90f7abf71cef7*
`登陆天数: 35天 / 673天
等级: 130
石头: 4076
呼符: 39
体力: 31.340000000000003 / 138
友情点: 0 / 393125`
_2024-06-27 04:40:58_
--------
*b2c9ff82825eb9a4153f9605e1a18b7e*
`登陆天数: 35天 / 673天
等级: 130
石头: 4077
呼符: 227
体力: 31.313333333333333 / 138
友情点: 0 / 383160`
_2024-06-27 04:41:06_
--------
*088c36a888bd00446bc52e3bd448dc3b*
`登陆天数: 35天 / 672天
等级: 130
石头: 4080
呼符: 291
体力: 31.28666666666666 / 138
友情点: 0 / 381410`
_2024-06-27 04:41:14_
--------
*8778926278eab24e1ab9ad3ac42077ea*
`登陆天数: 35天 / 672天
等级: 130
石头: 4077
呼符: 96
体力: 31.260000000000005 / 138
友情点: 0 / 382095`
_2024-06-27 04:41:22_
--------
*cc2e053e6739c579faa05309cb2f1fb7*
`登陆天数: 35天 / 673天
等级: 130
石头: 4079
呼符: 218
体力: 31.233333333333334 / 138
友情点: 0 / 382315`
_2024-06-27 04:41:30_
--------
*6fa2036a4774ebaccd025a8ec197b8de*
`登陆天数: 35天 / 673天
等级: 130
石头: 4065
呼符: 261
体力: 31.203333333333333 / 138
友情点: 0 / 381790`
_2024-06-27 04:41:38_
--------
*fa3bb85caa8a786accfda79769c5ac4d*
`登陆天数: 35天 / 673天
等级: 130
石头: 4076
呼符: 273
体力: 31.173333333333332 / 138
友情点: 0 / 381630`
_2024-06-27 04:41:46_
--------
*f14a91b9687476eb6630dc736b97a24c*
`登陆天数: 35天 / 673天
等级: 130
石头: 4079
呼符: 305
体力: 31.14333333333333 / 138
友情点: 0 / 381290`
_2024-06-27 04:41:54_
--------
*bc95202f8a6c411fb459fd1d90136b48*
`登陆天数: 35天 / 673天
等级: 130
石头: 4088
呼符: 318
体力: 31.11666666666666 / 138
友情点: 0 / 383180`
_2024-06-27 04:42:02_
--------
*84e511d3b9050df696b341d6cf467682*
`登陆天数: 35天 / 673天
等级: 130
石头: 4076
呼符: 333
体力: 31.093333333333334 / 138
友情点: 0 / 385170`
_2024-06-27 04:42:10_
--------
*c1720cef566066c09ed6cb8ad33d2115*
`登陆天数: 35天 / 673天
等级: 130
石头: 4067
呼符: 315
体力: 31.063333333333333 / 138
友情点: 0 / 381635`
_2024-06-27 04:42:17_
--------
*75680fb620250ca121cdf9bd00dd17e3*
`登陆天数: 35天 / 672天
等级: 130
石头: 4071
呼符: 335
体力: 31.03666666666666 / 138
友情点: 0 / 383150`
_2024-06-27 04:42:26_
--------
*1fa5b08e00be736964265ff10378b7b8*
`登陆天数: 35天 / 673天
等级: 130
石头: 4078
呼符: 283
体力: 31.010000000000005 / 138
友情点: 0 / 382855`
_2024-06-27 04:42:33_
--------
*f6efb293ae15335e2f88e845b8412945*
`登陆天数: 35天 / 673天
等级: 130
石头: 4079
呼符: 145
体力: 30.983333333333334 / 138
友情点: 0 / 382980`
_2024-06-27 04:42:41_
--------
*a16f17c4f7beadcf3026c040a402f437*
`登陆天数: 35天 / 673天
等级: 130
石头: 4081
呼符: 309
体力: 30.956666666666663 / 138
友情点: 0 / 381695`
_2024-06-27 04:42:50_
--------
*fa97e883b50497cc426992179372e528*
`登陆天数: 35天 / 673天
等级: 130
石头: 4077
呼符: 316
体力: 30.930000000000007 / 138
友情点: 0 / 382345`
_2024-06-27 04:42:57_
--------
*424c015788bf721b6eb52e620d5734a1*
`登陆天数: 35天 / 673天
等级: 130
石头: 4076
呼符: 274
体力: 30.903333333333336 / 138
友情点: 0 / 381845`
_2024-06-27 04:43:05_
--------
*ce75ccbd4a0fa096f86e241fe3e0f4e0*
`登陆天数: 35天 / 673天
等级: 130
石头: 4036
呼符: 226
体力: 30.876666666666665 / 138
友情点: 0 / 384405`
_2024-06-27 04:43:13_
--------
*d30daa05af17a6001363749b704b1e75*
`登陆天数: 35天 / 672天
等级: 130
石头: 4082
呼符: 221
体力: 30.849999999999994 / 138
友情点: 0 / 382075`
_2024-06-27 04:43:21_
--------
*d41b57d54db27168302dc6a70ef35ae0*
`登陆天数: 35天 / 673天
等级: 130
石头: 4076
呼符: 220
体力: 30.819999999999993 / 138
友情点: 0 / 381920`
_2024-06-27 04:43:29_
--------
*6581e887a9bd1869ef684d777398d087*
`登陆天数: 35天 / 672天
等级: 130
石头: 4076
呼符: 186
体力: 30.793333333333337 / 138
友情点: 0 / 382370`
_2024-06-27 04:43:37_
--------
*9c9c52bf5ca36e1c9bd3c8788dd79c1d*
`登陆天数: 35天 / 673天
等级: 130
石头: 4080
呼符: 263
体力: 30.766666666666666 / 138
友情点: 0 / 381945`
_2024-06-27 04:43:45_
--------
*c338c608c148c5bfb510c0920d7a206e*
`登陆天数: 35天 / 673天
等级: 130
石头: 4069
呼符: 145
体力: 30.739999999999995 / 138
友情点: 0 / 382575`
_2024-06-27 04:43:53_
--------
*055150bedf999f0ab9ee6d92a6f60a23*
`登陆天数: 35天 / 672天
等级: 130
石头: 4077
呼符: 38
体力: 30.71333333333334 / 138
友情点: 0 / 386250`
_2024-06-27 04:44:01_
--------
*8d8529a06c432a86b5f7b5bf98414651*
`登陆天数: 35天 / 673天
等级: 130
石头: 4070
呼符: 248
体力: 30.683333333333337 / 138
友情点: 0 / 382515`
_2024-06-27 04:44:09_
--------
*a53173e99946b2ca07845684581f7fba*
`登陆天数: 35天 / 673天
等级: 130
石头: 4080
呼符: 312
体力: 30.656666666666666 / 138
友情点: 0 / 383925`
_2024-06-27 04:44:17_
--------
*4f087873041c99d3211981a3207bb123*
`登陆天数: 35天 / 673天
等级: 130
石头: 4074
呼符: 302
体力: 30.629999999999995 / 138
友情点: 0 / 383080`
_2024-06-27 04:44:25_
--------
*30e736e700eadc2034fef2803be2a324*
`登陆天数: 35天 / 672天
等级: 130
石头: 4053
呼符: 271
体力: 30.599999999999994 / 138
友情点: 0 / 382520`
_2024-06-27 04:44:33_
--------
*512fb528b1126f5d36bdb0b5f6ec6820*
`登陆天数: 35天 / 672天
等级: 130
石头: 4080
呼符: 234
体力: 30.573333333333338 / 138
友情点: 0 / 383010`
_2024-06-27 04:44:41_
--------
*4f1ba2e02c7b1c2a1bb3b7083fd0de18*
`登陆天数: 35天 / 672天
等级: 130
石头: 4070
呼符: 175
体力: 30.546666666666667 / 138
友情点: 0 / 383045`
_2024-06-27 04:44:50_
--------
*dbfe11112ed7066aaad81e3ab49a527a*
`登陆天数: 35天 / 673天
等级: 130
石头: 4080
呼符: 338
体力: 30.516666666666666 / 138
友情点: 0 / 382950`
_2024-06-27 04:44:58_
--------
*a8abf88d0e28dbdf3d4c57e5ec1a39eb*
`登陆天数: 35天 / 673天
等级: 130
石头: 3999
呼符: 219
体力: 21943.273333333334 / 138
友情点: 0 / 466865`
_2024-06-27 04:45:06_
--------
