【登录信息】
*d89f8c204c69e18eb4c8ab2bfd7052bf*
`登陆天数: 37天 / 674天
等级: 130
石头: 4107
呼符: 132
体力: 28.553333333333327 / 138
友情点: 0 / 372175`
_2024-06-29 04:22:23_
--------
*256f7efc8a3eb0c357e618a50d7ba6a7*
`登陆天数: 37天 / 675天
等级: 130
石头: 4103
呼符: 213
体力: 28.52666666666667 / 138
友情点: 0 / 372215`
_2024-06-29 04:22:31_
--------
*5200cf7580472edf02e679fa8b070782*
`登陆天数: 37天 / 675天
等级: 130
石头: 4097
呼符: 92
体力: 28.49666666666667 / 138
友情点: 0 / 388190`
_2024-06-29 04:22:39_
--------
*cba187ca45316b5bbf933f4d532b88bb*
`登陆天数: 37天 / 674天
等级: 130
石头: 4097
呼符: 335
体力: 28.47333333333333 / 138
友情点: 0 / 372220`
_2024-06-29 04:22:46_
--------
*10287014680edb487ac4a9fcb66f38cd*
`登陆天数: 37天 / 674天
等级: 130
石头: 4100
呼符: 299
体力: 28.446666666666673 / 138
友情点: 0 / 375580`
_2024-06-29 04:22:54_
--------
*4c60379c9822b14f3e8fc49ea3daf7b5*
`登陆天数: 37天 / 675天
等级: 130
石头: 4096
呼符: 297
体力: 28.42 / 138
友情点: 0 / 373745`
_2024-06-29 04:23:02_
--------
*1d21267976fffd99e99b3a40d34f01ff*
`登陆天数: 37天 / 675天
等级: 130
石头: 4102
呼符: 304
体力: 28.39333333333333 / 138
友情点: 0 / 371980`
_2024-06-29 04:23:10_
--------
*5dfe2feea6109e9f4055c4177dc5b296*
`登陆天数: 37天 / 674天
等级: 130
石头: 4089
呼符: 187
体力: 28.36333333333333 / 138
友情点: 0 / 374375`
_2024-06-29 04:23:18_
--------
*aa79eec895b6dc6bd9b118b91bcc8007*
`登陆天数: 37天 / 675天
等级: 130
石头: 4053
呼符: 246
体力: 28.33 / 138
友情点: 0 / 373110`
_2024-06-29 04:23:26_
--------
*fe1b5719142e0def510601f75a923478*
`登陆天数: 37天 / 675天
等级: 130
石头: 4055
呼符: 210
体力: 28.303333333333327 / 138
友情点: 0 / 374110`
_2024-06-29 04:23:34_
--------
*a61c98021471edbd6fb0c28ea6157771*
`登陆天数: 37天 / 674天
等级: 130
石头: 4101
呼符: 116
体力: 28.27666666666667 / 138
友情点: 0 / 386490`
_2024-06-29 04:23:41_
--------
*f68afc8db8a20e68fede3ce0eb051643*
`登陆天数: 37天 / 674天
等级: 130
石头: 4100
呼符: 317
体力: 28.25333333333333 / 138
友情点: 0 / 371775`
_2024-06-29 04:23:49_
--------
*96f09493e536b95e20eef72b5d75aad2*
`登陆天数: 37天 / 675天
等级: 130
石头: 4100
呼符: 39
体力: 28.22333333333333 / 138
友情点: 0 / 399895`
_2024-06-29 04:23:57_
--------
*c2fe5d8f5b8ab63169f93b8e6d3583ee*
`登陆天数: 37天 / 674天
等级: 130
石头: 4104
呼符: 307
体力: 28.193333333333328 / 138
友情点: 0 / 371550`
_2024-06-29 04:24:05_
--------
*1040737458e6705ede13fadbbee4c11c*
`登陆天数: 37天 / 675天
等级: 130
石头: 4087
呼符: 322
体力: 28.16666666666667 / 138
友情点: 0 / 373525`
_2024-06-29 04:24:13_
--------
*8856cc989f89a674e8df906edf7c73d6*
`登陆天数: 37天 / 675天
等级: 130
石头: 4099
呼符: 153
体力: 28.14 / 138
友情点: 0 / 378180`
_2024-06-29 04:24:20_
--------
*e4086cdac15a356d465a36be5669d5e3*
`登陆天数: 37天 / 675天
等级: 130
石头: 4089
呼符: 266
体力: 28.11666666666666 / 138
友情点: 0 / 372705`
_2024-06-29 04:24:28_
--------
*8cc4a05638a389dd82d724bb088b89d4*
`登陆天数: 37天 / 674天
等级: 130
石头: 4100
呼符: 328
体力: 28.08333333333333 / 138
友情点: 0 / 374155`
_2024-06-29 04:24:36_
--------
*87b0a0863f483a15dac90f7abf71cef7*
`登陆天数: 37天 / 675天
等级: 130
石头: 4096
呼符: 39
体力: 28.056666666666672 / 138
友情点: 0 / 395125`
_2024-06-29 04:24:44_
--------
*b2c9ff82825eb9a4153f9605e1a18b7e*
`登陆天数: 37天 / 675天
等级: 130
石头: 4097
呼符: 227
体力: 28.03333333333333 / 138
友情点: 0 / 373160`
_2024-06-29 04:24:52_
--------
*088c36a888bd00446bc52e3bd448dc3b*
`登陆天数: 37天 / 674天
等级: 130
石头: 4100
呼符: 291
体力: 28.00333333333333 / 138
友情点: 0 / 371410`
_2024-06-29 04:24:59_
--------
*8778926278eab24e1ab9ad3ac42077ea*
`登陆天数: 37天 / 674天
等级: 130
石头: 4097
呼符: 96
体力: 27.976666666666674 / 138
友情点: 0 / 384095`
_2024-06-29 04:25:07_
--------
*cc2e053e6739c579faa05309cb2f1fb7*
`登陆天数: 37天 / 675天
等级: 130
石头: 4099
呼符: 218
体力: 27.953333333333333 / 138
友情点: 0 / 372315`
_2024-06-29 04:25:15_
--------
*6fa2036a4774ebaccd025a8ec197b8de*
`登陆天数: 37天 / 675天
等级: 130
石头: 4085
呼符: 261
体力: 27.923333333333332 / 138
友情点: 0 / 371790`
_2024-06-29 04:25:23_
--------
*fa3bb85caa8a786accfda79769c5ac4d*
`登陆天数: 37天 / 675天
等级: 130
石头: 4096
呼符: 273
体力: 27.89333333333333 / 138
友情点: 0 / 371630`
_2024-06-29 04:25:31_
--------
*f14a91b9687476eb6630dc736b97a24c*
`登陆天数: 37天 / 675天
等级: 130
石头: 4099
呼符: 305
体力: 27.86666666666666 / 138
友情点: 0 / 371290`
_2024-06-29 04:25:38_
--------
*bc95202f8a6c411fb459fd1d90136b48*
`登陆天数: 37天 / 675天
等级: 130
石头: 4108
呼符: 318
体力: 27.840000000000003 / 138
友情点: 0 / 373180`
_2024-06-29 04:25:46_
--------
*84e511d3b9050df696b341d6cf467682*
`登陆天数: 37天 / 675天
等级: 130
石头: 4096
呼符: 333
体力: 27.810000000000002 / 138
友情点: 0 / 375170`
_2024-06-29 04:25:54_
--------
*c1720cef566066c09ed6cb8ad33d2115*
`登陆天数: 37天 / 675天
等级: 130
石头: 4087
呼符: 315
体力: 27.78333333333333 / 138
友情点: 0 / 371635`
_2024-06-29 04:26:02_
--------
*75680fb620250ca121cdf9bd00dd17e3*
`登陆天数: 37天 / 674天
等级: 130
石头: 4091
呼符: 335
体力: 27.75666666666666 / 138
友情点: 0 / 373150`
_2024-06-29 04:26:09_
--------
*1fa5b08e00be736964265ff10378b7b8*
`登陆天数: 37天 / 675天
等级: 130
石头: 4098
呼符: 283
体力: 27.72333333333333 / 138
友情点: 0 / 372855`
_2024-06-29 04:26:17_
--------
*f6efb293ae15335e2f88e845b8412945*
`登陆天数: 37天 / 675天
等级: 130
石头: 4099
呼符: 145
体力: 27.700000000000003 / 138
友情点: 0 / 382980`
_2024-06-29 04:26:25_
--------
*a16f17c4f7beadcf3026c040a402f437*
`登陆天数: 37天 / 675天
等级: 130
石头: 4101
呼符: 309
体力: 27.673333333333332 / 138
友情点: 0 / 371695`
_2024-06-29 04:26:33_
--------
*fa97e883b50497cc426992179372e528*
`登陆天数: 37天 / 675天
等级: 130
石头: 4097
呼符: 316
体力: 27.64666666666666 / 138
友情点: 0 / 372345`
_2024-06-29 04:26:40_
--------
*424c015788bf721b6eb52e620d5734a1*
`登陆天数: 37天 / 675天
等级: 130
石头: 4096
呼符: 274
体力: 27.620000000000005 / 138
友情点: 0 / 371845`
_2024-06-29 04:26:48_
--------
*ce75ccbd4a0fa096f86e241fe3e0f4e0*
`登陆天数: 37天 / 675天
等级: 130
石头: 4056
呼符: 226
体力: 27.590000000000003 / 138
友情点: 0 / 374405`
_2024-06-29 04:26:56_
--------
*d30daa05af17a6001363749b704b1e75*
`登陆天数: 37天 / 674天
等级: 130
石头: 4102
呼符: 221
体力: 27.563333333333333 / 138
友情点: 0 / 372075`
_2024-06-29 04:27:03_
--------
*d41b57d54db27168302dc6a70ef35ae0*
`登陆天数: 37天 / 675天
等级: 130
石头: 4096
呼符: 220
体力: 27.53333333333333 / 138
友情点: 0 / 371920`
_2024-06-29 04:27:11_
--------
*6581e887a9bd1869ef684d777398d087*
`登陆天数: 37天 / 674天
等级: 130
石头: 4096
呼符: 186
体力: 27.50666666666666 / 138
友情点: 0 / 374370`
_2024-06-29 04:27:19_
--------
*9c9c52bf5ca36e1c9bd3c8788dd79c1d*
`登陆天数: 37天 / 675天
等级: 130
石头: 4100
呼符: 263
体力: 27.480000000000004 / 138
友情点: 0 / 371945`
_2024-06-29 04:27:26_
--------
*c338c608c148c5bfb510c0920d7a206e*
`登陆天数: 37天 / 675天
等级: 130
石头: 4089
呼符: 145
体力: 27.453333333333333 / 138
友情点: 0 / 376575`
_2024-06-29 04:27:34_
--------
*055150bedf999f0ab9ee6d92a6f60a23*
`登陆天数: 37天 / 674天
等级: 130
石头: 4097
呼符: 38
体力: 27.426666666666662 / 138
友情点: 0 / 388250`
_2024-06-29 04:27:42_
--------
*8d8529a06c432a86b5f7b5bf98414651*
`登陆天数: 37天 / 675天
等级: 130
石头: 4090
呼符: 248
体力: 27.400000000000006 / 138
友情点: 0 / 372515`
_2024-06-29 04:27:50_
--------
*a53173e99946b2ca07845684581f7fba*
`登陆天数: 37天 / 675天
等级: 130
石头: 4100
呼符: 312
体力: 27.373333333333335 / 138
友情点: 0 / 375925`
_2024-06-29 04:27:57_
--------
*4f087873041c99d3211981a3207bb123*
`登陆天数: 37天 / 675天
等级: 130
石头: 4094
呼符: 302
体力: 27.35333333333334 / 138
友情点: 0 / 375080`
_2024-06-29 04:28:05_
--------
*30e736e700eadc2034fef2803be2a324*
`登陆天数: 37天 / 674天
等级: 130
石头: 4073
呼符: 271
体力: 27.33333333333333 / 138
友情点: 0 / 374520`
_2024-06-29 04:28:13_
--------
*512fb528b1126f5d36bdb0b5f6ec6820*
`登陆天数: 37天 / 674天
等级: 130
石头: 4100
呼符: 234
体力: 27.316666666666663 / 138
友情点: 0 / 373010`
_2024-06-29 04:28:20_
--------
*4f1ba2e02c7b1c2a1bb3b7083fd0de18*
`登陆天数: 37天 / 674天
等级: 130
石头: 4090
呼符: 175
体力: 27.28666666666666 / 138
友情点: 0 / 373045`
_2024-06-29 04:28:29_
--------
*dbfe11112ed7066aaad81e3ab49a527a*
`登陆天数: 37天 / 675天
等级: 130
石头: 4100
呼符: 338
体力: 27.260000000000005 / 138
友情点: 0 / 372950`
_2024-06-29 04:28:36_
--------
*a8abf88d0e28dbdf3d4c57e5ec1a39eb*
`登陆天数: 37天 / 675天
等级: 130
石头: 3999
呼符: 219
体力: 22515.996666666666 / 138
友情点: 0 / 466865`
_2024-06-29 04:28:44_
--------
