【登录信息】
*d89f8c204c69e18eb4c8ab2bfd7052bf*
`登陆天数: 38天 / 675天
等级: 130
石头: 4107
呼符: 132
体力: 27.876666666666665 / 138
友情点: 0 / 372175`
_2024-06-30 04:20:24_
--------
*256f7efc8a3eb0c357e618a50d7ba6a7*
`登陆天数: 38天 / 676天
等级: 130
石头: 4103
呼符: 213
体力: 27.846666666666664 / 138
友情点: 0 / 366215`
_2024-06-30 04:20:32_
--------
*5200cf7580472edf02e679fa8b070782*
`登陆天数: 38天 / 676天
等级: 130
石头: 4097
呼符: 92
体力: 27.813333333333333 / 138
友情点: 0 / 388190`
_2024-06-30 04:20:40_
--------
*cba187ca45316b5bbf933f4d532b88bb*
`登陆天数: 38天 / 675天
等级: 130
石头: 4097
呼符: 335
体力: 27.78333333333333 / 138
友情点: 0 / 366220`
_2024-06-30 04:20:47_
--------
*10287014680edb487ac4a9fcb66f38cd*
`登陆天数: 38天 / 675天
等级: 130
石头: 4100
呼符: 299
体力: 27.75 / 138
友情点: 0 / 369580`
_2024-06-30 04:20:55_
--------
*4c60379c9822b14f3e8fc49ea3daf7b5*
`登陆天数: 38天 / 676天
等级: 130
石头: 4096
呼符: 297
体力: 27.72 / 138
友情点: 0 / 367745`
_2024-06-30 04:21:03_
--------
*1d21267976fffd99e99b3a40d34f01ff*
`登陆天数: 38天 / 676天
等级: 130
石头: 4102
呼符: 304
体力: 27.686666666666667 / 138
友情点: 0 / 365980`
_2024-06-30 04:21:11_
--------
*5dfe2feea6109e9f4055c4177dc5b296*
`登陆天数: 38天 / 675天
等级: 130
石头: 4089
呼符: 187
体力: 27.656666666666666 / 138
友情点: 0 / 372375`
_2024-06-30 04:21:18_
--------
*aa79eec895b6dc6bd9b118b91bcc8007*
`登陆天数: 38天 / 676天
等级: 130
石头: 4053
呼符: 246
体力: 27.626666666666665 / 138
友情点: 0 / 367110`
_2024-06-30 04:21:26_
--------
*fe1b5719142e0def510601f75a923478*
`登陆天数: 38天 / 676天
等级: 130
石头: 4055
呼符: 210
体力: 27.593333333333334 / 138
友情点: 0 / 368110`
_2024-06-30 04:21:34_
--------
*a61c98021471edbd6fb0c28ea6157771*
`登陆天数: 38天 / 675天
等级: 130
石头: 4101
呼符: 116
体力: 27.560000000000002 / 138
友情点: 0 / 386490`
_2024-06-30 04:21:41_
--------
*f68afc8db8a20e68fede3ce0eb051643*
`登陆天数: 38天 / 675天
等级: 130
石头: 4100
呼符: 317
体力: 27.53 / 138
友情点: 0 / 365775`
_2024-06-30 04:21:49_
--------
*96f09493e536b95e20eef72b5d75aad2*
`登陆天数: 38天 / 676天
等级: 130
石头: 4100
呼符: 39
体力: 27.49666666666667 / 138
友情点: 0 / 399895`
_2024-06-30 04:21:57_
--------
*c2fe5d8f5b8ab63169f93b8e6d3583ee*
`登陆天数: 38天 / 675天
等级: 130
石头: 4104
呼符: 307
体力: 27.46666666666667 / 138
友情点: 0 / 365550`
_2024-06-30 04:22:05_
--------
*1040737458e6705ede13fadbbee4c11c*
`登陆天数: 38天 / 676天
等级: 130
石头: 4087
呼符: 322
体力: 27.439999999999998 / 138
友情点: 0 / 367525`
_2024-06-30 04:22:12_
--------
*8856cc989f89a674e8df906edf7c73d6*
`登陆天数: 38天 / 676天
等级: 130
石头: 4099
呼符: 153
体力: 27.403333333333336 / 138
友情点: 0 / 378180`
_2024-06-30 04:22:20_
--------
*e4086cdac15a356d465a36be5669d5e3*
`登陆天数: 38天 / 676天
等级: 130
石头: 4089
呼符: 266
体力: 27.373333333333335 / 138
友情点: 0 / 366705`
_2024-06-30 04:22:28_
--------
*8cc4a05638a389dd82d724bb088b89d4*
`登陆天数: 38天 / 675天
等级: 130
石头: 4100
呼符: 328
体力: 27.340000000000003 / 138
友情点: 0 / 368155`
_2024-06-30 04:22:36_
--------
*87b0a0863f483a15dac90f7abf71cef7*
`登陆天数: 38天 / 676天
等级: 130
石头: 4096
呼符: 39
体力: 27.310000000000002 / 138
友情点: 0 / 395125`
_2024-06-30 04:22:43_
--------
*b2c9ff82825eb9a4153f9605e1a18b7e*
`登陆天数: 38天 / 676天
等级: 130
石头: 4097
呼符: 227
体力: 27.27666666666667 / 138
友情点: 0 / 371160`
_2024-06-30 04:22:51_
--------
*088c36a888bd00446bc52e3bd448dc3b*
`登陆天数: 38天 / 675天
等级: 130
石头: 4100
呼符: 291
体力: 27.25 / 138
友情点: 0 / 365410`
_2024-06-30 04:22:59_
--------
*8778926278eab24e1ab9ad3ac42077ea*
`登陆天数: 38天 / 675天
等级: 130
石头: 4097
呼符: 96
体力: 27.22 / 138
友情点: 0 / 384095`
_2024-06-30 04:23:06_
--------
*cc2e053e6739c579faa05309cb2f1fb7*
`登陆天数: 38天 / 676天
等级: 130
石头: 4099
呼符: 218
体力: 27.189999999999998 / 138
友情点: 0 / 366315`
_2024-06-30 04:23:14_
--------
*6fa2036a4774ebaccd025a8ec197b8de*
`登陆天数: 38天 / 676天
等级: 130
石头: 4085
呼符: 261
体力: 27.159999999999997 / 138
友情点: 0 / 365790`
_2024-06-30 04:23:22_
--------
*fa3bb85caa8a786accfda79769c5ac4d*
`登陆天数: 38天 / 676天
等级: 130
石头: 4096
呼符: 273
体力: 27.126666666666665 / 138
友情点: 0 / 365630`
_2024-06-30 04:23:30_
--------
*f14a91b9687476eb6630dc736b97a24c*
`登陆天数: 38天 / 676天
等级: 130
石头: 4099
呼符: 305
体力: 27.096666666666664 / 138
友情点: 0 / 365290`
_2024-06-30 04:23:37_
--------
*bc95202f8a6c411fb459fd1d90136b48*
`登陆天数: 38天 / 676天
等级: 130
石头: 4108
呼符: 318
体力: 27.063333333333333 / 138
友情点: 0 / 367180`
_2024-06-30 04:23:45_
--------
*84e511d3b9050df696b341d6cf467682*
`登陆天数: 38天 / 676天
等级: 130
石头: 4096
呼符: 333
体力: 27.03 / 138
友情点: 0 / 369170`
_2024-06-30 04:23:53_
--------
*c1720cef566066c09ed6cb8ad33d2115*
`登陆天数: 38天 / 676天
等级: 130
石头: 4087
呼符: 315
体力: 27.0 / 138
友情点: 0 / 365635`
_2024-06-30 04:24:01_
--------
*75680fb620250ca121cdf9bd00dd17e3*
`登陆天数: 38天 / 675天
等级: 130
石头: 4091
呼符: 335
体力: 26.97 / 138
友情点: 0 / 367150`
_2024-06-30 04:24:08_
--------
*1fa5b08e00be736964265ff10378b7b8*
`登陆天数: 38天 / 676天
等级: 130
石头: 4098
呼符: 283
体力: 26.933333333333337 / 138
友情点: 0 / 366855`
_2024-06-30 04:24:16_
--------
*f6efb293ae15335e2f88e845b8412945*
`登陆天数: 38天 / 676天
等级: 130
石头: 4099
呼符: 145
体力: 26.903333333333336 / 138
友情点: 0 / 382980`
_2024-06-30 04:24:24_
--------
*a16f17c4f7beadcf3026c040a402f437*
`登陆天数: 38天 / 676天
等级: 130
石头: 4101
呼符: 309
体力: 26.873333333333335 / 138
友情点: 0 / 365695`
_2024-06-30 04:24:32_
--------
*fa97e883b50497cc426992179372e528*
`登陆天数: 38天 / 676天
等级: 130
石头: 4097
呼符: 316
体力: 26.846666666666664 / 138
友情点: 0 / 366345`
_2024-06-30 04:24:39_
--------
*424c015788bf721b6eb52e620d5734a1*
`登陆天数: 38天 / 676天
等级: 130
石头: 4096
呼符: 274
体力: 26.816666666666663 / 138
友情点: 0 / 365845`
_2024-06-30 04:24:47_
--------
*ce75ccbd4a0fa096f86e241fe3e0f4e0*
`登陆天数: 38天 / 676天
等级: 130
石头: 4056
呼符: 226
体力: 26.78333333333333 / 138
友情点: 0 / 368405`
_2024-06-30 04:24:55_
--------
*d30daa05af17a6001363749b704b1e75*
`登陆天数: 38天 / 675天
等级: 130
石头: 4102
呼符: 221
体力: 26.75333333333333 / 138
友情点: 0 / 372075`
_2024-06-30 04:25:03_
--------
*d41b57d54db27168302dc6a70ef35ae0*
`登陆天数: 38天 / 676天
等级: 130
石头: 4096
呼符: 220
体力: 26.72333333333333 / 138
友情点: 0 / 367920`
_2024-06-30 04:25:10_
--------
*6581e887a9bd1869ef684d777398d087*
`登陆天数: 38天 / 675天
等级: 130
石头: 4096
呼符: 186
体力: 26.689999999999998 / 138
友情点: 0 / 374370`
_2024-06-30 04:25:18_
--------
*9c9c52bf5ca36e1c9bd3c8788dd79c1d*
`登陆天数: 38天 / 676天
等级: 130
石头: 4100
呼符: 263
体力: 26.659999999999997 / 138
友情点: 0 / 365945`
_2024-06-30 04:25:25_
--------
*c338c608c148c5bfb510c0920d7a206e*
`登陆天数: 38天 / 676天
等级: 130
石头: 4089
呼符: 145
体力: 26.629999999999995 / 138
友情点: 0 / 376575`
_2024-06-30 04:25:33_
--------
*055150bedf999f0ab9ee6d92a6f60a23*
`登陆天数: 38天 / 675天
等级: 130
石头: 4097
呼符: 38
体力: 26.60333333333334 / 138
友情点: 0 / 388250`
_2024-06-30 04:25:41_
--------
*8d8529a06c432a86b5f7b5bf98414651*
`登陆天数: 38天 / 676天
等级: 130
石头: 4090
呼符: 248
体力: 26.569999999999993 / 138
友情点: 0 / 366515`
_2024-06-30 04:25:49_
--------
*a53173e99946b2ca07845684581f7fba*
`登陆天数: 38天 / 676天
等级: 130
石头: 4100
呼符: 312
体力: 26.543333333333337 / 138
友情点: 0 / 369925`
_2024-06-30 04:25:56_
--------
*4f087873041c99d3211981a3207bb123*
`登陆天数: 38天 / 676天
等级: 130
石头: 4094
呼符: 302
体力: 26.50333333333333 / 138
友情点: 0 / 369080`
_2024-06-30 04:26:04_
--------
*30e736e700eadc2034fef2803be2a324*
`登陆天数: 38天 / 675天
等级: 130
石头: 4073
呼符: 271
体力: 26.47333333333333 / 138
友情点: 0 / 368520`
_2024-06-30 04:26:12_
--------
*512fb528b1126f5d36bdb0b5f6ec6820*
`登陆天数: 38天 / 675天
等级: 130
石头: 4100
呼符: 234
体力: 26.439999999999998 / 138
友情点: 0 / 367010`
_2024-06-30 04:26:19_
--------
*4f1ba2e02c7b1c2a1bb3b7083fd0de18*
`登陆天数: 38天 / 675天
等级: 130
石头: 4090
呼符: 175
体力: 26.406666666666666 / 138
友情点: 0 / 371045`
_2024-06-30 04:26:27_
--------
*dbfe11112ed7066aaad81e3ab49a527a*
`登陆天数: 38天 / 676天
等级: 130
石头: 4100
呼符: 338
体力: 26.379999999999995 / 138
友情点: 0 / 366950`
_2024-06-30 04:26:35_
--------
*a8abf88d0e28dbdf3d4c57e5ec1a39eb*
`登陆天数: 38天 / 676天
等级: 130
石头: 3999
呼符: 219
体力: 22803.593333333334 / 138
友情点: 0 / 466865`
_2024-06-30 04:26:43_
--------
